This is pdfTeX, Version 3.14159265-2.6-1.40.20 (TeX Live 2019/Debian) (preloaded format=pdflatex 2022.3.17)  2 NOV 2022 21:48
entering extended mode
 restricted \write18 enabled.
 %&-line parsing enabled.
**main.tex
(./main.tex
LaTeX2e <2020-02-02> patch level 2
L3 programming layer <2020-02-14>
(/usr/share/texlive/texmf-dist/tex/latex/base/article.cls
Document Class: article 2019/12/20 v1.4l Standard LaTeX document class
(/usr/share/texlive/texmf-dist/tex/latex/base/size10.clo
File: size10.clo 2019/12/20 v1.4l Standard LaTeX file (size option)
)
\c@part=\count167
\c@section=\count168
\c@subsection=\count169
\c@subsubsection=\count170
\c@paragraph=\count171
\c@subparagraph=\count172
\c@figure=\count173
\c@table=\count174
\abovecaptionskip=\skip47
\belowcaptionskip=\skip48
\bibindent=\dimen134
)
(/usr/share/texlive/texmf-dist/tex/latex/graphics/color.sty
Package: color 2019/11/23 v1.2a Standard LaTeX Color (DPC)

(/usr/share/texlive/texmf-dist/tex/latex/graphics-cfg/color.cfg
File: color.cfg 2016/01/02 v1.6 sample color configuration
)
Package color Info: Driver file: pdftex.def on input line 147.

(/usr/share/texlive/texmf-dist/tex/latex/graphics-def/pdftex.def
File: pdftex.def 2018/01/08 v1.0l Graphics/color driver for pdftex
))
(/usr/share/texlive/texmf-dist/tex/latex/soul/soul.sty
Package: soul 2003/11/17 v2.4 letterspacing/underlining (mf)
\SOUL@word=\toks14
\SOUL@lasttoken=\toks15
\SOUL@cmds=\toks16
\SOUL@buffer=\toks17
\SOUL@token=\toks18
\SOUL@spaceskip=\skip49
\SOUL@ttwidth=\dimen135
\SOUL@uldp=\dimen136
\SOUL@ulht=\dimen137
)
(/usr/share/texlive/texmf-dist/tex/latex/amsmath/amsmath.sty
Package: amsmath 2020/01/20 v2.17e AMS math features
\@mathmargin=\skip50

For additional information on amsmath, use the `?' option.
(/usr/share/texlive/texmf-dist/tex/latex/amsmath/amstext.sty
Package: amstext 2000/06/29 v2.01 AMS text

(/usr/share/texlive/texmf-dist/tex/latex/amsmath/amsgen.sty
File: amsgen.sty 1999/11/30 v2.0 generic functions
\@emptytoks=\toks19
\ex@=\dimen138
))
(/usr/share/texlive/texmf-dist/tex/latex/amsmath/amsbsy.sty
Package: amsbsy 1999/11/29 v1.2d Bold Symbols
\pmbraise@=\dimen139
)
(/usr/share/texlive/texmf-dist/tex/latex/amsmath/amsopn.sty
Package: amsopn 2016/03/08 v2.02 operator names
)
\inf@bad=\count175
LaTeX Info: Redefining \frac on input line 227.
\uproot@=\count176
\leftroot@=\count177
LaTeX Info: Redefining \overline on input line 389.
\classnum@=\count178
\DOTSCASE@=\count179
LaTeX Info: Redefining \ldots on input line 486.
LaTeX Info: Redefining \dots on input line 489.
LaTeX Info: Redefining \cdots on input line 610.
\Mathstrutbox@=\box45
\strutbox@=\box46
\big@size=\dimen140
LaTeX Font Info:    Redeclaring font encoding OML on input line 733.
LaTeX Font Info:    Redeclaring font encoding OMS on input line 734.
\macc@depth=\count180
\c@MaxMatrixCols=\count181
\dotsspace@=\muskip16
\c@parentequation=\count182
\dspbrk@lvl=\count183
\tag@help=\toks20
\row@=\count184
\column@=\count185
\maxfields@=\count186
\andhelp@=\toks21
\eqnshift@=\dimen141
\alignsep@=\dimen142
\tagshift@=\dimen143
\tagwidth@=\dimen144
\totwidth@=\dimen145
\lineht@=\dimen146
\@envbody=\toks22
\multlinegap=\skip51
\multlinetaggap=\skip52
\mathdisplay@stack=\toks23
LaTeX Info: Redefining \[ on input line 2859.
LaTeX Info: Redefining \] on input line 2860.
)
(/usr/share/texlive/texmf-dist/tex/latex/amsfonts/amsfonts.sty
Package: amsfonts 2013/01/14 v3.01 Basic AMSFonts support
\symAMSa=\mathgroup4
\symAMSb=\mathgroup5
LaTeX Font Info:    Redeclaring math symbol \hbar on input line 98.
LaTeX Font Info:    Overwriting math alphabet `\mathfrak' in version `bold'
(Font)                  U/euf/m/n --> U/euf/b/n on input line 106.
)
(/usr/share/texlive/texmf-dist/tex/latex/eqnarray/eqnarray.sty
equationarray 1.3 <December 1, 2010>
Package: eqnarray 
(/usr/share/texlive/texmf-dist/tex/latex/tools/array.sty
Package: array 2019/08/31 v2.4l Tabular extension package (FMi)
\col@sep=\dimen147
\ar@mcellbox=\box47
\extrarowheight=\dimen148
\NC@list=\toks24
\extratabsurround=\skip53
\backup@length=\skip54
\ar@cellbox=\box48
)
\@eqargcnt=\count187
)
(/usr/share/texlive/texmf-dist/tex/latex/tools/bm.sty
Package: bm 2019/07/24 v1.2d Bold Symbol Support (DPC/FMi)
\symboldoperators=\mathgroup6
\symboldletters=\mathgroup7
\symboldsymbols=\mathgroup8
LaTeX Font Info:    Redeclaring math alphabet \mathbf on input line 141.
LaTeX Info: Redefining \bm on input line 209.
)
(/usr/share/texlive/texmf-dist/tex/latex/multirow/multirow.sty
Package: multirow 2019/05/31 v2.5 Span multiple rows of a table
\multirow@colwidth=\skip55
\multirow@cntb=\count188
\multirow@dima=\skip56
\bigstrutjot=\dimen149
)
(/usr/share/texlive/texmf-dist/tex/latex/graphics/graphicx.sty
Package: graphicx 2019/11/30 v1.2a Enhanced LaTeX Graphics (DPC,SPQR)

(/usr/share/texlive/texmf-dist/tex/latex/graphics/keyval.sty
Package: keyval 2014/10/28 v1.15 key=value parser (DPC)
\KV@toks@=\toks25
)
(/usr/share/texlive/texmf-dist/tex/latex/graphics/graphics.sty
Package: graphics 2019/11/30 v1.4a Standard LaTeX Graphics (DPC,SPQR)

(/usr/share/texlive/texmf-dist/tex/latex/graphics/trig.sty
Package: trig 2016/01/03 v1.10 sin cos tan (DPC)
)
(/usr/share/texlive/texmf-dist/tex/latex/graphics-cfg/graphics.cfg
File: graphics.cfg 2016/06/04 v1.11 sample graphics configuration
)
Package graphics Info: Driver file: pdftex.def on input line 105.
)
\Gin@req@height=\dimen150
\Gin@req@width=\dimen151
)
(/usr/share/texlive/texmf-dist/tex/latex/booktabs/booktabs.sty
Package: booktabs 2020/01/12 v1.61803398 Publication quality tables
\heavyrulewidth=\dimen152
\lightrulewidth=\dimen153
\cmidrulewidth=\dimen154
\belowrulesep=\dimen155
\belowbottomsep=\dimen156
\aboverulesep=\dimen157
\abovetopsep=\dimen158
\cmidrulesep=\dimen159
\cmidrulekern=\dimen160
\defaultaddspace=\dimen161
\@cmidla=\count189
\@cmidlb=\count190
\@aboverulesep=\dimen162
\@belowrulesep=\dimen163
\@thisruleclass=\count191
\@lastruleclass=\count192
\@thisrulewidth=\dimen164
)
(/usr/share/texlive/texmf-dist/tex/latex/comment/comment.sty
\CommentStream=\write3

Excluding comment 'comment')
(/usr/share/texlive/texmf-dist/tex/latex/caption/subcaption.sty
Package: subcaption 2020/01/22 v1.3d Sub-captions (AR)

(/usr/share/texlive/texmf-dist/tex/latex/caption/caption.sty
Package: caption 2020/01/03 v3.4h Customizing captions (AR)

(/usr/share/texlive/texmf-dist/tex/latex/caption/caption3.sty
Package: caption3 2020/01/03 v1.8h caption3 kernel (AR)
Package caption3 Info: TeX engine: e-TeX on input line 61.
\captionmargin=\dimen165
\captionmargin@=\dimen166
\captionwidth=\dimen167
\caption@tempdima=\dimen168
\caption@indent=\dimen169
\caption@parindent=\dimen170
\caption@hangindent=\dimen171
Package caption Info: Standard document class detected.
)
\c@caption@flags=\count193
\c@continuedfloat=\count194
)
\c@subfigure=\count195
\c@subtable=\count196
)
(/usr/share/texlive/texmf-dist/tex/latex/listings/listings.sty
\lst@mode=\count197
\lst@gtempboxa=\box49
\lst@token=\toks26
\lst@length=\count198
\lst@currlwidth=\dimen172
\lst@column=\count199
\lst@pos=\count266
\lst@lostspace=\dimen173
\lst@width=\dimen174
\lst@newlines=\count267
\lst@lineno=\count268
\lst@maxwidth=\dimen175

(/usr/share/texlive/texmf-dist/tex/latex/listings/lstmisc.sty
File: lstmisc.sty 2019/09/10 1.8c (Carsten Heinz)
\c@lstnumber=\count269
\lst@skipnumbers=\count270
\lst@framebox=\box50
)
(/usr/share/texlive/texmf-dist/tex/latex/listings/listings.cfg
File: listings.cfg 2019/09/10 1.8c listings configuration
))
Package: listings 2019/09/10 1.8c (Carsten Heinz)

(/usr/share/texlive/texmf-dist/tex/latex/geometry/geometry.sty
Package: geometry 2020/01/02 v5.9 Page Geometry

(/usr/share/texlive/texmf-dist/tex/generic/iftex/ifvtex.sty
Package: ifvtex 2019/10/25 v1.7 ifvtex legacy package. Use iftex instead.

(/usr/share/texlive/texmf-dist/tex/generic/iftex/iftex.sty
Package: iftex 2019/11/07 v1.0c TeX engine tests
))
\Gm@cnth=\count271
\Gm@cntv=\count272
\c@Gm@tempcnt=\count273
\Gm@bindingoffset=\dimen176
\Gm@wd@mp=\dimen177
\Gm@odd@mp=\dimen178
\Gm@even@mp=\dimen179
\Gm@layoutwidth=\dimen180
\Gm@layoutheight=\dimen181
\Gm@layouthoffset=\dimen182
\Gm@layoutvoffset=\dimen183
\Gm@dimlist=\toks27
)
(/usr/share/texlive/texmf-dist/tex/latex/l3backend/l3backend-pdfmode.def
File: l3backend-pdfmode.def 2020-02-03 L3 backend support: PDF mode
\l__kernel_color_stack_int=\count274
\l__pdf_internal_box=\box51
)
(./main.aux)
\openout1 = `main.aux'.

LaTeX Font Info:    Checking defaults for OML/cmm/m/it on input line 25.
LaTeX Font Info:    ... okay on input line 25.
LaTeX Font Info:    Checking defaults for OMS/cmsy/m/n on input line 25.
LaTeX Font Info:    ... okay on input line 25.
LaTeX Font Info:    Checking defaults for OT1/cmr/m/n on input line 25.
LaTeX Font Info:    ... okay on input line 25.
LaTeX Font Info:    Checking defaults for T1/cmr/m/n on input line 25.
LaTeX Font Info:    ... okay on input line 25.
LaTeX Font Info:    Checking defaults for TS1/cmr/m/n on input line 25.
LaTeX Font Info:    ... okay on input line 25.
LaTeX Font Info:    Checking defaults for OMX/cmex/m/n on input line 25.
LaTeX Font Info:    ... okay on input line 25.
LaTeX Font Info:    Checking defaults for U/cmr/m/n on input line 25.
LaTeX Font Info:    ... okay on input line 25.
 (/usr/share/texlive/texmf-dist/tex/context/base/mkii/supp-pdf.mkii
[Loading MPS to PDF converter (version 2006.09.02).]
\scratchcounter=\count275
\scratchdimen=\dimen184
\scratchbox=\box52
\nofMPsegments=\count276
\nofMParguments=\count277
\everyMPshowfont=\toks28
\MPscratchCnt=\count278
\MPscratchDim=\dimen185
\MPnumerator=\count279
\makeMPintoPDFobject=\count280
\everyMPtoPDFconversion=\toks29
) (/usr/share/texlive/texmf-dist/tex/latex/epstopdf-pkg/epstopdf-base.sty
Package: epstopdf-base 2020-01-24 v2.11 Base part for package epstopdf
Package epstopdf-base Info: Redefining graphics rule for `.eps' on input line 4
85.

(/usr/share/texlive/texmf-dist/tex/latex/latexconfig/epstopdf-sys.cfg
File: epstopdf-sys.cfg 2010/07/13 v1.3 Configuration of (r)epstopdf for TeX Liv
e
))
Package caption Info: Begin \AtBeginDocument code.
Package caption Info: listings package is loaded.
Package caption Info: End \AtBeginDocument code.
\c@lstlisting=\count281

*geometry* driver: auto-detecting
*geometry* detected driver: pdftex
*geometry* verbose mode - [ preamble ] result:
* driver: pdftex
* paper: <default>
* layout: <same size as paper>
* layoutoffset:(h,v)=(0.0pt,0.0pt)
* modes: 
* h-part:(L,W,R)=(36.135pt, 542.02501pt, 36.135pt)
* v-part:(T,H,B)=(36.135pt, 722.7pt, 36.135pt)
* \paperwidth=614.295pt
* \paperheight=794.96999pt
* \textwidth=542.02501pt
* \textheight=722.7pt
* \oddsidemargin=-36.135pt
* \evensidemargin=-36.135pt
* \topmargin=-73.135pt
* \headheight=12.0pt
* \headsep=25.0pt
* \topskip=10.0pt
* \footskip=30.0pt
* \marginparwidth=65.0pt
* \marginparsep=11.0pt
* \columnsep=10.0pt
* \skip\footins=9.0pt plus 4.0pt minus 2.0pt
* \hoffset=0.0pt
* \voffset=0.0pt
* \mag=1000
* \@twocolumnfalse
* \@twosidefalse
* \@mparswitchfalse
* \@reversemarginfalse
* (1in=72.27pt=25.4mm, 1cm=28.453pt)

LaTeX Font Info:    Trying to load font information for U+msa on input line 26.

(/usr/share/texlive/texmf-dist/tex/latex/amsfonts/umsa.fd
File: umsa.fd 2013/01/14 v3.01 AMS symbols A
)
LaTeX Font Info:    Trying to load font information for U+msb on input line 26.


(/usr/share/texlive/texmf-dist/tex/latex/amsfonts/umsb.fd
File: umsb.fd 2013/01/14 v3.01 AMS symbols B
) [1

{/var/lib/texmf/fonts/map/pdftex/updmap/pdftex.map}]
<../My_Code/Results/sample_data.png, id=15, 1416.29124pt x 337.26pt>
File: ../My_Code/Results/sample_data.png Graphic file (type png)
<use ../My_Code/Results/sample_data.png>
Package pdftex.def Info: ../My_Code/Results/sample_data.png  used on input line
 70.
(pdftex.def)             Requested size: 325.2183pt x 77.4395pt.
 [2 <../My_Code/Results/sample_data.png>]
<../My_Code/Results/LBP_cloudy_R_1.png, id=22, 462.528pt x 346.896pt>
File: ../My_Code/Results/LBP_cloudy_R_1.png Graphic file (type png)
<use ../My_Code/Results/LBP_cloudy_R_1.png>
Package pdftex.def Info: ../My_Code/Results/LBP_cloudy_R_1.png  used on input l
ine 81.
(pdftex.def)             Requested size: 132.79347pt x 99.59683pt.
<../My_Code/Results/LBP_rain_R_1.png, id=23, 462.528pt x 346.896pt>
File: ../My_Code/Results/LBP_rain_R_1.png Graphic file (type png)
<use ../My_Code/Results/LBP_rain_R_1.png>
Package pdftex.def Info: ../My_Code/Results/LBP_rain_R_1.png  used on input lin
e 82.
(pdftex.def)             Requested size: 132.79347pt x 99.59683pt.
<../My_Code/Results/LBP_shine_R_1.png, id=24, 462.528pt x 346.896pt>
File: ../My_Code/Results/LBP_shine_R_1.png Graphic file (type png)
<use ../My_Code/Results/LBP_shine_R_1.png>
Package pdftex.def Info: ../My_Code/Results/LBP_shine_R_1.png  used on input li
ne 83.
(pdftex.def)             Requested size: 132.79347pt x 99.59683pt.
<../My_Code/Results/LBP_sunrise_R_1.png, id=25, 462.528pt x 346.896pt>
File: ../My_Code/Results/LBP_sunrise_R_1.png Graphic file (type png)
<use ../My_Code/Results/LBP_sunrise_R_1.png>
Package pdftex.def Info: ../My_Code/Results/LBP_sunrise_R_1.png  used on input 
line 84.
(pdftex.def)             Requested size: 132.79347pt x 99.59683pt.
<../My_Code/Results/LBP_cloudy_R_3.png, id=26, 462.528pt x 346.896pt>
File: ../My_Code/Results/LBP_cloudy_R_3.png Graphic file (type png)
<use ../My_Code/Results/LBP_cloudy_R_3.png>
Package pdftex.def Info: ../My_Code/Results/LBP_cloudy_R_3.png  used on input l
ine 85.
(pdftex.def)             Requested size: 132.79347pt x 99.59683pt.
<../My_Code/Results/LBP_rain_R_3.png, id=27, 462.528pt x 346.896pt>
File: ../My_Code/Results/LBP_rain_R_3.png Graphic file (type png)
<use ../My_Code/Results/LBP_rain_R_3.png>
Package pdftex.def Info: ../My_Code/Results/LBP_rain_R_3.png  used on input lin
e 86.
(pdftex.def)             Requested size: 132.79347pt x 99.59683pt.
<../My_Code/Results/LBP_shine_R_3.png, id=28, 462.528pt x 346.896pt>
File: ../My_Code/Results/LBP_shine_R_3.png Graphic file (type png)
<use ../My_Code/Results/LBP_shine_R_3.png>
Package pdftex.def Info: ../My_Code/Results/LBP_shine_R_3.png  used on input li
ne 87.
(pdftex.def)             Requested size: 132.79347pt x 99.59683pt.
<../My_Code/Results/LBP_sunrise_R_3.png, id=29, 462.528pt x 346.896pt>
File: ../My_Code/Results/LBP_sunrise_R_3.png Graphic file (type png)
<use ../My_Code/Results/LBP_sunrise_R_3.png>
Package pdftex.def Info: ../My_Code/Results/LBP_sunrise_R_3.png  used on input 
line 88.
(pdftex.def)             Requested size: 132.79347pt x 99.59683pt.
<../My_Code/Results/LBP_cloudy_R_5.png, id=30, 462.528pt x 346.896pt>
File: ../My_Code/Results/LBP_cloudy_R_5.png Graphic file (type png)
<use ../My_Code/Results/LBP_cloudy_R_5.png>
Package pdftex.def Info: ../My_Code/Results/LBP_cloudy_R_5.png  used on input l
ine 89.
(pdftex.def)             Requested size: 132.79347pt x 99.59683pt.
<../My_Code/Results/LBP_rain_R_5.png, id=31, 462.528pt x 346.896pt>
File: ../My_Code/Results/LBP_rain_R_5.png Graphic file (type png)
<use ../My_Code/Results/LBP_rain_R_5.png>
Package pdftex.def Info: ../My_Code/Results/LBP_rain_R_5.png  used on input lin
e 90.
(pdftex.def)             Requested size: 132.79347pt x 99.59683pt.
<../My_Code/Results/LBP_shine_R_5.png, id=32, 462.528pt x 346.896pt>
File: ../My_Code/Results/LBP_shine_R_5.png Graphic file (type png)
<use ../My_Code/Results/LBP_shine_R_5.png>
Package pdftex.def Info: ../My_Code/Results/LBP_shine_R_5.png  used on input li
ne 91.
(pdftex.def)             Requested size: 132.79347pt x 99.59683pt.
<../My_Code/Results/LBP_sunrise_R_5.png, id=33, 462.528pt x 346.896pt>
File: ../My_Code/Results/LBP_sunrise_R_5.png Graphic file (type png)
<use ../My_Code/Results/LBP_sunrise_R_5.png>
Package pdftex.def Info: ../My_Code/Results/LBP_sunrise_R_5.png  used on input 
line 92.
(pdftex.def)             Requested size: 132.79347pt x 99.59683pt.
<../My_Code/Results/LBP_cloudy_R_7.png, id=34, 462.528pt x 346.896pt>
File: ../My_Code/Results/LBP_cloudy_R_7.png Graphic file (type png)
<use ../My_Code/Results/LBP_cloudy_R_7.png>
Package pdftex.def Info: ../My_Code/Results/LBP_cloudy_R_7.png  used on input l
ine 93.
(pdftex.def)             Requested size: 132.79347pt x 99.59683pt.
<../My_Code/Results/LBP_rain_R_7.png, id=35, 462.528pt x 346.896pt>
File: ../My_Code/Results/LBP_rain_R_7.png Graphic file (type png)
<use ../My_Code/Results/LBP_rain_R_7.png>
Package pdftex.def Info: ../My_Code/Results/LBP_rain_R_7.png  used on input lin
e 94.
(pdftex.def)             Requested size: 132.79347pt x 99.59683pt.
<../My_Code/Results/LBP_shine_R_7.png, id=36, 462.528pt x 346.896pt>
File: ../My_Code/Results/LBP_shine_R_7.png Graphic file (type png)
<use ../My_Code/Results/LBP_shine_R_7.png>
Package pdftex.def Info: ../My_Code/Results/LBP_shine_R_7.png  used on input li
ne 95.
(pdftex.def)             Requested size: 132.79347pt x 99.59683pt.
<../My_Code/Results/LBP_sunrise_R_7.png, id=37, 462.528pt x 346.896pt>
File: ../My_Code/Results/LBP_sunrise_R_7.png Graphic file (type png)
<use ../My_Code/Results/LBP_sunrise_R_7.png>
Package pdftex.def Info: ../My_Code/Results/LBP_sunrise_R_7.png  used on input 
line 96.
(pdftex.def)             Requested size: 132.79347pt x 99.59683pt.
<../My_Code/Results/LBP_cloudy_R_9.png, id=38, 462.528pt x 346.896pt>
File: ../My_Code/Results/LBP_cloudy_R_9.png Graphic file (type png)
<use ../My_Code/Results/LBP_cloudy_R_9.png>
Package pdftex.def Info: ../My_Code/Results/LBP_cloudy_R_9.png  used on input l
ine 97.
(pdftex.def)             Requested size: 132.79347pt x 99.59683pt.
<../My_Code/Results/LBP_rain_R_9.png, id=39, 462.528pt x 346.896pt>
File: ../My_Code/Results/LBP_rain_R_9.png Graphic file (type png)
<use ../My_Code/Results/LBP_rain_R_9.png>
Package pdftex.def Info: ../My_Code/Results/LBP_rain_R_9.png  used on input lin
e 98.
(pdftex.def)             Requested size: 132.79347pt x 99.59683pt.
<../My_Code/Results/LBP_shine_R_9.png, id=40, 462.528pt x 346.896pt>
File: ../My_Code/Results/LBP_shine_R_9.png Graphic file (type png)
<use ../My_Code/Results/LBP_shine_R_9.png>
Package pdftex.def Info: ../My_Code/Results/LBP_shine_R_9.png  used on input li
ne 99.
(pdftex.def)             Requested size: 132.79347pt x 99.59683pt.
<../My_Code/Results/LBP_sunrise_R_9.png, id=41, 462.528pt x 346.896pt>
File: ../My_Code/Results/LBP_sunrise_R_9.png Graphic file (type png)
<use ../My_Code/Results/LBP_sunrise_R_9.png>
Package pdftex.def Info: ../My_Code/Results/LBP_sunrise_R_9.png  used on input 
line 100.
(pdftex.def)             Requested size: 132.79347pt x 99.59683pt.

[3 <../My_Code/Results/LBP_cloudy_R_1.png> <../My_Code/Results/LBP_rain_R_1.png
> <../My_Code/Results/LBP_shine_R_1.png> <../My_Code/Results/LBP_sunrise_R_1.pn
g> <../My_Code/Results/LBP_cloudy_R_3.png> <../My_Code/Results/LBP_rain_R_3.png
> <../My_Code/Results/LBP_shine_R_3.png> <../My_Code/Results/LBP_sunrise_R_3.pn
g> <../My_Code/Results/LBP_cloudy_R_5.png> <../My_Code/Results/LBP_rain_R_5.png
> <../My_Code/Results/LBP_shine_R_5.png> <../My_Code/Results/LBP_sunrise_R_5.pn
g> <../My_Code/Results/LBP_cloudy_R_7.png> <../My_Code/Results/LBP_rain_R_7.png
> <../My_Code/Results/LBP_shine_R_7.png> <../My_Code/Results/LBP_sunrise_R_7.pn
g> <../My_Code/Results/LBP_cloudy_R_9.png> <../My_Code/Results/LBP_rain_R_9.png
> <../My_Code/Results/LBP_shine_R_9.png> <../My_Code/Results/LBP_sunrise_R_9.pn
g>]
<../My_Code/Results/Mean_LBP_cloudy_R_1.png, id=65, 462.528pt x 346.896pt>
File: ../My_Code/Results/Mean_LBP_cloudy_R_1.png Graphic file (type png)
<use ../My_Code/Results/Mean_LBP_cloudy_R_1.png>
Package pdftex.def Info: ../My_Code/Results/Mean_LBP_cloudy_R_1.png  used on in
put line 111.
(pdftex.def)             Requested size: 132.79347pt x 99.59683pt.
<../My_Code/Results/Mean_LBP_rain_R_1.png, id=66, 462.528pt x 346.896pt>
File: ../My_Code/Results/Mean_LBP_rain_R_1.png Graphic file (type png)
<use ../My_Code/Results/Mean_LBP_rain_R_1.png>
Package pdftex.def Info: ../My_Code/Results/Mean_LBP_rain_R_1.png  used on inpu
t line 112.
(pdftex.def)             Requested size: 132.79347pt x 99.59683pt.
<../My_Code/Results/Mean_LBP_shine_R_1.png, id=67, 462.528pt x 346.896pt>
File: ../My_Code/Results/Mean_LBP_shine_R_1.png Graphic file (type png)
<use ../My_Code/Results/Mean_LBP_shine_R_1.png>
Package pdftex.def Info: ../My_Code/Results/Mean_LBP_shine_R_1.png  used on inp
ut line 113.
(pdftex.def)             Requested size: 132.79347pt x 99.59683pt.
<../My_Code/Results/Mean_LBP_sunrise_R_1.png, id=68, 462.528pt x 346.896pt>
File: ../My_Code/Results/Mean_LBP_sunrise_R_1.png Graphic file (type png)
<use ../My_Code/Results/Mean_LBP_sunrise_R_1.png>
Package pdftex.def Info: ../My_Code/Results/Mean_LBP_sunrise_R_1.png  used on i
nput line 114.
(pdftex.def)             Requested size: 132.79347pt x 99.59683pt.
<../My_Code/Results/Mean_LBP_cloudy_R_3.png, id=69, 462.528pt x 346.896pt>
File: ../My_Code/Results/Mean_LBP_cloudy_R_3.png Graphic file (type png)
<use ../My_Code/Results/Mean_LBP_cloudy_R_3.png>
Package pdftex.def Info: ../My_Code/Results/Mean_LBP_cloudy_R_3.png  used on in
put line 115.
(pdftex.def)             Requested size: 132.79347pt x 99.59683pt.
<../My_Code/Results/Mean_LBP_rain_R_3.png, id=70, 462.528pt x 346.896pt>
File: ../My_Code/Results/Mean_LBP_rain_R_3.png Graphic file (type png)
<use ../My_Code/Results/Mean_LBP_rain_R_3.png>
Package pdftex.def Info: ../My_Code/Results/Mean_LBP_rain_R_3.png  used on inpu
t line 116.
(pdftex.def)             Requested size: 132.79347pt x 99.59683pt.
<../My_Code/Results/Mean_LBP_shine_R_3.png, id=71, 462.528pt x 346.896pt>
File: ../My_Code/Results/Mean_LBP_shine_R_3.png Graphic file (type png)
<use ../My_Code/Results/Mean_LBP_shine_R_3.png>
Package pdftex.def Info: ../My_Code/Results/Mean_LBP_shine_R_3.png  used on inp
ut line 117.
(pdftex.def)             Requested size: 132.79347pt x 99.59683pt.
<../My_Code/Results/Mean_LBP_sunrise_R_3.png, id=72, 462.528pt x 346.896pt>
File: ../My_Code/Results/Mean_LBP_sunrise_R_3.png Graphic file (type png)
<use ../My_Code/Results/Mean_LBP_sunrise_R_3.png>
Package pdftex.def Info: ../My_Code/Results/Mean_LBP_sunrise_R_3.png  used on i
nput line 118.
(pdftex.def)             Requested size: 132.79347pt x 99.59683pt.
<../My_Code/Results/Mean_LBP_cloudy_R_5.png, id=73, 462.528pt x 346.896pt>
File: ../My_Code/Results/Mean_LBP_cloudy_R_5.png Graphic file (type png)
<use ../My_Code/Results/Mean_LBP_cloudy_R_5.png>
Package pdftex.def Info: ../My_Code/Results/Mean_LBP_cloudy_R_5.png  used on in
put line 119.
(pdftex.def)             Requested size: 132.79347pt x 99.59683pt.
<../My_Code/Results/Mean_LBP_rain_R_5.png, id=74, 462.528pt x 346.896pt>
File: ../My_Code/Results/Mean_LBP_rain_R_5.png Graphic file (type png)
<use ../My_Code/Results/Mean_LBP_rain_R_5.png>
Package pdftex.def Info: ../My_Code/Results/Mean_LBP_rain_R_5.png  used on inpu
t line 120.
(pdftex.def)             Requested size: 132.79347pt x 99.59683pt.
<../My_Code/Results/Mean_LBP_shine_R_5.png, id=75, 462.528pt x 346.896pt>
File: ../My_Code/Results/Mean_LBP_shine_R_5.png Graphic file (type png)
<use ../My_Code/Results/Mean_LBP_shine_R_5.png>
Package pdftex.def Info: ../My_Code/Results/Mean_LBP_shine_R_5.png  used on inp
ut line 121.
(pdftex.def)             Requested size: 132.79347pt x 99.59683pt.
<../My_Code/Results/Mean_LBP_sunrise_R_5.png, id=76, 462.528pt x 346.896pt>
File: ../My_Code/Results/Mean_LBP_sunrise_R_5.png Graphic file (type png)
<use ../My_Code/Results/Mean_LBP_sunrise_R_5.png>
Package pdftex.def Info: ../My_Code/Results/Mean_LBP_sunrise_R_5.png  used on i
nput line 122.
(pdftex.def)             Requested size: 132.79347pt x 99.59683pt.
<../My_Code/Results/Mean_LBP_cloudy_R_7.png, id=77, 462.528pt x 346.896pt>
File: ../My_Code/Results/Mean_LBP_cloudy_R_7.png Graphic file (type png)
<use ../My_Code/Results/Mean_LBP_cloudy_R_7.png>
Package pdftex.def Info: ../My_Code/Results/Mean_LBP_cloudy_R_7.png  used on in
put line 123.
(pdftex.def)             Requested size: 132.79347pt x 99.59683pt.
<../My_Code/Results/Mean_LBP_rain_R_7.png, id=78, 462.528pt x 346.896pt>
File: ../My_Code/Results/Mean_LBP_rain_R_7.png Graphic file (type png)
<use ../My_Code/Results/Mean_LBP_rain_R_7.png>
Package pdftex.def Info: ../My_Code/Results/Mean_LBP_rain_R_7.png  used on inpu
t line 124.
(pdftex.def)             Requested size: 132.79347pt x 99.59683pt.
<../My_Code/Results/Mean_LBP_shine_R_7.png, id=79, 462.528pt x 346.896pt>
File: ../My_Code/Results/Mean_LBP_shine_R_7.png Graphic file (type png)
<use ../My_Code/Results/Mean_LBP_shine_R_7.png>
Package pdftex.def Info: ../My_Code/Results/Mean_LBP_shine_R_7.png  used on inp
ut line 125.
(pdftex.def)             Requested size: 132.79347pt x 99.59683pt.
<../My_Code/Results/Mean_LBP_sunrise_R_7.png, id=80, 462.528pt x 346.896pt>
File: ../My_Code/Results/Mean_LBP_sunrise_R_7.png Graphic file (type png)
<use ../My_Code/Results/Mean_LBP_sunrise_R_7.png>
Package pdftex.def Info: ../My_Code/Results/Mean_LBP_sunrise_R_7.png  used on i
nput line 126.
(pdftex.def)             Requested size: 132.79347pt x 99.59683pt.
<../My_Code/Results/Mean_LBP_cloudy_R_9.png, id=81, 462.528pt x 346.896pt>
File: ../My_Code/Results/Mean_LBP_cloudy_R_9.png Graphic file (type png)
<use ../My_Code/Results/Mean_LBP_cloudy_R_9.png>
Package pdftex.def Info: ../My_Code/Results/Mean_LBP_cloudy_R_9.png  used on in
put line 127.
(pdftex.def)             Requested size: 132.79347pt x 99.59683pt.
<../My_Code/Results/Mean_LBP_rain_R_9.png, id=82, 462.528pt x 346.896pt>
File: ../My_Code/Results/Mean_LBP_rain_R_9.png Graphic file (type png)
<use ../My_Code/Results/Mean_LBP_rain_R_9.png>
Package pdftex.def Info: ../My_Code/Results/Mean_LBP_rain_R_9.png  used on inpu
t line 128.
(pdftex.def)             Requested size: 132.79347pt x 99.59683pt.
<../My_Code/Results/Mean_LBP_shine_R_9.png, id=83, 462.528pt x 346.896pt>
File: ../My_Code/Results/Mean_LBP_shine_R_9.png Graphic file (type png)
<use ../My_Code/Results/Mean_LBP_shine_R_9.png>
Package pdftex.def Info: ../My_Code/Results/Mean_LBP_shine_R_9.png  used on inp
ut line 129.
(pdftex.def)             Requested size: 132.79347pt x 99.59683pt.
<../My_Code/Results/Mean_LBP_sunrise_R_9.png, id=84, 462.528pt x 346.896pt>
File: ../My_Code/Results/Mean_LBP_sunrise_R_9.png Graphic file (type png)
<use ../My_Code/Results/Mean_LBP_sunrise_R_9.png>
Package pdftex.def Info: ../My_Code/Results/Mean_LBP_sunrise_R_9.png  used on i
nput line 130.
(pdftex.def)             Requested size: 132.79347pt x 99.59683pt.
 [4 <../My_Code/Results/Mean_LBP_cloudy_R_1.png> <../My_Code/Results/Mean_LBP_r
ain_R_1.png> <../My_Code/Results/Mean_LBP_shine_R_1.png> <../My_Code/Results/Me
an_LBP_sunrise_R_1.png> <../My_Code/Results/Mean_LBP_cloudy_R_3.png> <../My_Cod
e/Results/Mean_LBP_rain_R_3.png> <../My_Code/Results/Mean_LBP_shine_R_3.png> <.
./My_Code/Results/Mean_LBP_sunrise_R_3.png> <../My_Code/Results/Mean_LBP_cloudy
_R_5.png> <../My_Code/Results/Mean_LBP_rain_R_5.png> <../My_Code/Results/Mean_L
BP_shine_R_5.png> <../My_Code/Results/Mean_LBP_sunrise_R_5.png> <../My_Code/Res
ults/Mean_LBP_cloudy_R_7.png> <../My_Code/Results/Mean_LBP_rain_R_7.png> <../My
_Code/Results/Mean_LBP_shine_R_7.png> <../My_Code/Results/Mean_LBP_sunrise_R_7.
png> <../My_Code/Results/Mean_LBP_cloudy_R_9.png> <../My_Code/Results/Mean_LBP_
rain_R_9.png> <../My_Code/Results/Mean_LBP_shine_R_9.png> <../My_Code/Results/M
ean_LBP_sunrise_R_9.png>]
<../My_Code/Results/Confusion_Matrix_LBP_R_1.png, id=108, 462.528pt x 346.896pt
>
File: ../My_Code/Results/Confusion_Matrix_LBP_R_1.png Graphic file (type png)
<use ../My_Code/Results/Confusion_Matrix_LBP_R_1.png>
Package pdftex.def Info: ../My_Code/Results/Confusion_Matrix_LBP_R_1.png  used 
on input line 140.
(pdftex.def)             Requested size: 177.78578pt x 133.34099pt.
<../My_Code/Results/Confusion_Matrix_LBP_R_2.png, id=109, 462.528pt x 346.896pt
>
File: ../My_Code/Results/Confusion_Matrix_LBP_R_2.png Graphic file (type png)
<use ../My_Code/Results/Confusion_Matrix_LBP_R_2.png>
Package pdftex.def Info: ../My_Code/Results/Confusion_Matrix_LBP_R_2.png  used 
on input line 141.
(pdftex.def)             Requested size: 177.78578pt x 133.34099pt.
<../My_Code/Results/Confusion_Matrix_LBP_R_3.png, id=110, 462.528pt x 346.896pt
>
File: ../My_Code/Results/Confusion_Matrix_LBP_R_3.png Graphic file (type png)
<use ../My_Code/Results/Confusion_Matrix_LBP_R_3.png>
Package pdftex.def Info: ../My_Code/Results/Confusion_Matrix_LBP_R_3.png  used 
on input line 142.
(pdftex.def)             Requested size: 177.78578pt x 133.34099pt.
<../My_Code/Results/Confusion_Matrix_LBP_R_4.png, id=111, 462.528pt x 346.896pt
>
File: ../My_Code/Results/Confusion_Matrix_LBP_R_4.png Graphic file (type png)
<use ../My_Code/Results/Confusion_Matrix_LBP_R_4.png>
Package pdftex.def Info: ../My_Code/Results/Confusion_Matrix_LBP_R_4.png  used 
on input line 143.
(pdftex.def)             Requested size: 177.78578pt x 133.34099pt.
<../My_Code/Results/Confusion_Matrix_LBP_R_5.png, id=112, 462.528pt x 346.896pt
>
File: ../My_Code/Results/Confusion_Matrix_LBP_R_5.png Graphic file (type png)
<use ../My_Code/Results/Confusion_Matrix_LBP_R_5.png>
Package pdftex.def Info: ../My_Code/Results/Confusion_Matrix_LBP_R_5.png  used 
on input line 144.
(pdftex.def)             Requested size: 177.78578pt x 133.34099pt.
<../My_Code/Results/Confusion_Matrix_LBP_R_6.png, id=113, 462.528pt x 346.896pt
>
File: ../My_Code/Results/Confusion_Matrix_LBP_R_6.png Graphic file (type png)
<use ../My_Code/Results/Confusion_Matrix_LBP_R_6.png>
Package pdftex.def Info: ../My_Code/Results/Confusion_Matrix_LBP_R_6.png  used 
on input line 145.
(pdftex.def)             Requested size: 177.78578pt x 133.34099pt.
<../My_Code/Results/Confusion_Matrix_LBP_R_7.png, id=114, 462.528pt x 346.896pt
>
File: ../My_Code/Results/Confusion_Matrix_LBP_R_7.png Graphic file (type png)
<use ../My_Code/Results/Confusion_Matrix_LBP_R_7.png>
Package pdftex.def Info: ../My_Code/Results/Confusion_Matrix_LBP_R_7.png  used 
on input line 146.
(pdftex.def)             Requested size: 177.78578pt x 133.34099pt.
<../My_Code/Results/Confusion_Matrix_LBP_R_8.png, id=115, 462.528pt x 346.896pt
>
File: ../My_Code/Results/Confusion_Matrix_LBP_R_8.png Graphic file (type png)
<use ../My_Code/Results/Confusion_Matrix_LBP_R_8.png>
Package pdftex.def Info: ../My_Code/Results/Confusion_Matrix_LBP_R_8.png  used 
on input line 147.
(pdftex.def)             Requested size: 177.78578pt x 133.34099pt.
<../My_Code/Results/Confusion_Matrix_LBP_R_9.png, id=116, 462.528pt x 346.896pt
>
File: ../My_Code/Results/Confusion_Matrix_LBP_R_9.png Graphic file (type png)
<use ../My_Code/Results/Confusion_Matrix_LBP_R_9.png>
Package pdftex.def Info: ../My_Code/Results/Confusion_Matrix_LBP_R_9.png  used 
on input line 148.
(pdftex.def)             Requested size: 177.78578pt x 133.34099pt.
<../My_Code/Results/Confusion_Matrix_LBP_R_10.png, id=117, 462.528pt x 346.896p
t>
File: ../My_Code/Results/Confusion_Matrix_LBP_R_10.png Graphic file (type png)
<use ../My_Code/Results/Confusion_Matrix_LBP_R_10.png>
Package pdftex.def Info: ../My_Code/Results/Confusion_Matrix_LBP_R_10.png  used
 on input line 149.
(pdftex.def)             Requested size: 177.78578pt x 133.34099pt.
<../My_Code/Results/LBP_Accuraccy.png, id=118, 462.528pt x 346.896pt>
File: ../My_Code/Results/LBP_Accuraccy.png Graphic file (type png)
<use ../My_Code/Results/LBP_Accuraccy.png>
Package pdftex.def Info: ../My_Code/Results/LBP_Accuraccy.png  used on input li
ne 150.
(pdftex.def)             Requested size: 243.90959pt x 182.93298pt.
 [5 <../My_Code/Results/Confusion_Matrix_LBP_R_1.png> <../My_Code/Results/Confu
sion_Matrix_LBP_R_2.png> <../My_Code/Results/Confusion_Matrix_LBP_R_3.png> <../
My_Code/Results/Confusion_Matrix_LBP_R_4.png> <../My_Code/Results/Confusion_Mat
rix_LBP_R_5.png> <../My_Code/Results/Confusion_Matrix_LBP_R_6.png> <../My_Code/
Results/Confusion_Matrix_LBP_R_7.png> <../My_Code/Results/Confusion_Matrix_LBP_
R_8.png> <../My_Code/Results/Confusion_Matrix_LBP_R_9.png> <../My_Code/Results/
Confusion_Matrix_LBP_R_10.png> <../My_Code/Results/LBP_Accuraccy.png>]
<../My_Code/Results/GM_Matrices/GM_cloudy1.png, id=134, 462.528pt x 346.896pt>
File: ../My_Code/Results/GM_Matrices/GM_cloudy1.png Graphic file (type png)
<use ../My_Code/Results/GM_Matrices/GM_cloudy1.png>
Package pdftex.def Info: ../My_Code/Results/GM_Matrices/GM_cloudy1.png  used on
 input line 160.
(pdftex.def)             Requested size: 132.79347pt x 99.59683pt.
<../My_Code/Results/GM_Matrices/GM_rain1.png, id=135, 462.528pt x 346.896pt>
File: ../My_Code/Results/GM_Matrices/GM_rain1.png Graphic file (type png)
<use ../My_Code/Results/GM_Matrices/GM_rain1.png>
Package pdftex.def Info: ../My_Code/Results/GM_Matrices/GM_rain1.png  used on i
nput line 161.
(pdftex.def)             Requested size: 132.79347pt x 99.59683pt.
<../My_Code/Results/GM_Matrices/GM_shine114.png, id=136, 462.528pt x 346.896pt>

File: ../My_Code/Results/GM_Matrices/GM_shine114.png Graphic file (type png)
<use ../My_Code/Results/GM_Matrices/GM_shine114.png>
Package pdftex.def Info: ../My_Code/Results/GM_Matrices/GM_shine114.png  used o
n input line 162.
(pdftex.def)             Requested size: 132.79347pt x 99.59683pt.
<../My_Code/Results/GM_Matrices/GM_sunrise17.png, id=137, 462.528pt x 346.896pt
>
File: ../My_Code/Results/GM_Matrices/GM_sunrise17.png Graphic file (type png)
<use ../My_Code/Results/GM_Matrices/GM_sunrise17.png>
Package pdftex.def Info: ../My_Code/Results/GM_Matrices/GM_sunrise17.png  used 
on input line 163.
(pdftex.def)             Requested size: 132.79347pt x 99.59683pt.
<../My_Code/Results/GM_Matrices/GM_cloudy10.png, id=138, 462.528pt x 346.896pt>

File: ../My_Code/Results/GM_Matrices/GM_cloudy10.png Graphic file (type png)
<use ../My_Code/Results/GM_Matrices/GM_cloudy10.png>
Package pdftex.def Info: ../My_Code/Results/GM_Matrices/GM_cloudy10.png  used o
n input line 164.
(pdftex.def)             Requested size: 132.79347pt x 99.59683pt.
<../My_Code/Results/GM_Matrices/GM_rain10.png, id=139, 462.528pt x 346.896pt>
File: ../My_Code/Results/GM_Matrices/GM_rain10.png Graphic file (type png)
<use ../My_Code/Results/GM_Matrices/GM_rain10.png>
Package pdftex.def Info: ../My_Code/Results/GM_Matrices/GM_rain10.png  used on 
input line 165.
(pdftex.def)             Requested size: 132.79347pt x 99.59683pt.
<../My_Code/Results/GM_Matrices/GM_shine101.png, id=140, 462.528pt x 346.896pt>

File: ../My_Code/Results/GM_Matrices/GM_shine101.png Graphic file (type png)
<use ../My_Code/Results/GM_Matrices/GM_shine101.png>
Package pdftex.def Info: ../My_Code/Results/GM_Matrices/GM_shine101.png  used o
n input line 166.
(pdftex.def)             Requested size: 132.79347pt x 99.59683pt.
<../My_Code/Results/GM_Matrices/GM_sunrise18.png, id=141, 462.528pt x 346.896pt
>
File: ../My_Code/Results/GM_Matrices/GM_sunrise18.png Graphic file (type png)
<use ../My_Code/Results/GM_Matrices/GM_sunrise18.png>
Package pdftex.def Info: ../My_Code/Results/GM_Matrices/GM_sunrise18.png  used 
on input line 167.
(pdftex.def)             Requested size: 132.79347pt x 99.59683pt.
<../My_Code/Results/GM_Matrices/GM_cloudy100.png, id=142, 462.528pt x 346.896pt
>
File: ../My_Code/Results/GM_Matrices/GM_cloudy100.png Graphic file (type png)
<use ../My_Code/Results/GM_Matrices/GM_cloudy100.png>
Package pdftex.def Info: ../My_Code/Results/GM_Matrices/GM_cloudy100.png  used 
on input line 168.
(pdftex.def)             Requested size: 132.79347pt x 99.59683pt.
<../My_Code/Results/GM_Matrices/GM_rain100.png, id=143, 462.528pt x 346.896pt>
File: ../My_Code/Results/GM_Matrices/GM_rain100.png Graphic file (type png)
<use ../My_Code/Results/GM_Matrices/GM_rain100.png>
Package pdftex.def Info: ../My_Code/Results/GM_Matrices/GM_rain100.png  used on
 input line 169.
(pdftex.def)             Requested size: 132.79347pt x 99.59683pt.
<../My_Code/Results/GM_Matrices/GM_shine11.png, id=144, 462.528pt x 346.896pt>
File: ../My_Code/Results/GM_Matrices/GM_shine11.png Graphic file (type png)
<use ../My_Code/Results/GM_Matrices/GM_shine11.png>
Package pdftex.def Info: ../My_Code/Results/GM_Matrices/GM_shine11.png  used on
 input line 170.
(pdftex.def)             Requested size: 132.79347pt x 99.59683pt.
<../My_Code/Results/GM_Matrices/GM_sunrise163.png, id=145, 462.528pt x 346.896p
t>
File: ../My_Code/Results/GM_Matrices/GM_sunrise163.png Graphic file (type png)
<use ../My_Code/Results/GM_Matrices/GM_sunrise163.png>
Package pdftex.def Info: ../My_Code/Results/GM_Matrices/GM_sunrise163.png  used
 on input line 171.
(pdftex.def)             Requested size: 132.79347pt x 99.59683pt.
<../My_Code/Results/GM_Matrices/GM_cloudy108.png, id=146, 462.528pt x 346.896pt
>
File: ../My_Code/Results/GM_Matrices/GM_cloudy108.png Graphic file (type png)
<use ../My_Code/Results/GM_Matrices/GM_cloudy108.png>
Package pdftex.def Info: ../My_Code/Results/GM_Matrices/GM_cloudy108.png  used 
on input line 172.
(pdftex.def)             Requested size: 132.79347pt x 99.59683pt.
<../My_Code/Results/GM_Matrices/GM_rain108.png, id=147, 462.528pt x 346.896pt>
File: ../My_Code/Results/GM_Matrices/GM_rain108.png Graphic file (type png)
<use ../My_Code/Results/GM_Matrices/GM_rain108.png>
Package pdftex.def Info: ../My_Code/Results/GM_Matrices/GM_rain108.png  used on
 input line 173.
(pdftex.def)             Requested size: 132.79347pt x 99.59683pt.
<../My_Code/Results/GM_Matrices/GM_shine103.png, id=148, 462.528pt x 346.896pt>

File: ../My_Code/Results/GM_Matrices/GM_shine103.png Graphic file (type png)
<use ../My_Code/Results/GM_Matrices/GM_shine103.png>
Package pdftex.def Info: ../My_Code/Results/GM_Matrices/GM_shine103.png  used o
n input line 174.
(pdftex.def)             Requested size: 132.79347pt x 99.59683pt.
<../My_Code/Results/GM_Matrices/GM_sunrise164.png, id=149, 462.528pt x 346.896p
t>
File: ../My_Code/Results/GM_Matrices/GM_sunrise164.png Graphic file (type png)
<use ../My_Code/Results/GM_Matrices/GM_sunrise164.png>
Package pdftex.def Info: ../My_Code/Results/GM_Matrices/GM_sunrise164.png  used
 on input line 175.
(pdftex.def)             Requested size: 132.79347pt x 99.59683pt.
<../My_Code/Results/GM_Matrices/GM_cloudy112.png, id=150, 462.528pt x 346.896pt
>
File: ../My_Code/Results/GM_Matrices/GM_cloudy112.png Graphic file (type png)
<use ../My_Code/Results/GM_Matrices/GM_cloudy112.png>
Package pdftex.def Info: ../My_Code/Results/GM_Matrices/GM_cloudy112.png  used 
on input line 176.
(pdftex.def)             Requested size: 132.79347pt x 99.59683pt.
<../My_Code/Results/GM_Matrices/GM_rain112.png, id=151, 462.528pt x 346.896pt>
File: ../My_Code/Results/GM_Matrices/GM_rain112.png Graphic file (type png)
<use ../My_Code/Results/GM_Matrices/GM_rain112.png>
Package pdftex.def Info: ../My_Code/Results/GM_Matrices/GM_rain112.png  used on
 input line 177.
(pdftex.def)             Requested size: 132.79347pt x 99.59683pt.
<../My_Code/Results/GM_Matrices/GM_shine112.png, id=152, 462.528pt x 346.896pt>

File: ../My_Code/Results/GM_Matrices/GM_shine112.png Graphic file (type png)
<use ../My_Code/Results/GM_Matrices/GM_shine112.png>
Package pdftex.def Info: ../My_Code/Results/GM_Matrices/GM_shine112.png  used o
n input line 178.
(pdftex.def)             Requested size: 132.79347pt x 99.59683pt.
<../My_Code/Results/GM_Matrices/GM_sunrise165.png, id=153, 462.528pt x 346.896p
t>
File: ../My_Code/Results/GM_Matrices/GM_sunrise165.png Graphic file (type png)
<use ../My_Code/Results/GM_Matrices/GM_sunrise165.png>
Package pdftex.def Info: ../My_Code/Results/GM_Matrices/GM_sunrise165.png  used
 on input line 179.
(pdftex.def)             Requested size: 132.79347pt x 99.59683pt.
 [6 <../My_Code/Results/GM_Matrices/GM_cloudy1.png> <../My_Code/Results/GM_Matr
ices/GM_rain1.png> <../My_Code/Results/GM_Matrices/GM_shine114.png> <../My_Code
/Results/GM_Matrices/GM_sunrise17.png> <../My_Code/Results/GM_Matrices/GM_cloud
y10.png> <../My_Code/Results/GM_Matrices/GM_rain10.png> <../My_Code/Results/GM_
Matrices/GM_shine101.png> <../My_Code/Results/GM_Matrices/GM_sunrise18.png> <..
/My_Code/Results/GM_Matrices/GM_cloudy100.png> <../My_Code/Results/GM_Matrices/
GM_rain100.png> <../My_Code/Results/GM_Matrices/GM_shine11.png> <../My_Code/Res
ults/GM_Matrices/GM_sunrise163.png> <../My_Code/Results/GM_Matrices/GM_cloudy10
8.png> <../My_Code/Results/GM_Matrices/GM_rain108.png> <../My_Code/Results/GM_M
atrices/GM_shine103.png> <../My_Code/Results/GM_Matrices/GM_sunrise164.png> <..
/My_Code/Results/GM_Matrices/GM_cloudy112.png> <../My_Code/Results/GM_Matrices/
GM_rain112.png> <../My_Code/Results/GM_Matrices/GM_shine112.png> <../My_Code/Re
sults/GM_Matrices/GM_sunrise165.png>]
<../My_Code/Results/Confusion_Matrix_GM.png, id=177, 462.528pt x 346.896pt>
File: ../My_Code/Results/Confusion_Matrix_GM.png Graphic file (type png)
<use ../My_Code/Results/Confusion_Matrix_GM.png>
Package pdftex.def Info: ../My_Code/Results/Confusion_Matrix_GM.png  used on in
put line 189.
(pdftex.def)             Requested size: 268.29973pt x 201.23157pt.
<../My_Code/Results/GM_Accuraccy.png, id=178, 462.528pt x 346.896pt>
File: ../My_Code/Results/GM_Accuraccy.png Graphic file (type png)
<use ../My_Code/Results/GM_Accuraccy.png>
Package pdftex.def Info: ../My_Code/Results/GM_Accuraccy.png  used on input lin
e 190.
(pdftex.def)             Requested size: 268.29973pt x 201.23157pt.
<../My_Code/Results/Confusion_Matrix_AdaIN.png, id=179, 462.528pt x 346.896pt>
File: ../My_Code/Results/Confusion_Matrix_AdaIN.png Graphic file (type png)
<use ../My_Code/Results/Confusion_Matrix_AdaIN.png>
Package pdftex.def Info: ../My_Code/Results/Confusion_Matrix_AdaIN.png  used on
 input line 201.
(pdftex.def)             Requested size: 268.29973pt x 201.23157pt.
<../My_Code/Results/AdaIN_Accuraccy.png, id=180, 462.528pt x 346.896pt>
File: ../My_Code/Results/AdaIN_Accuraccy.png Graphic file (type png)
<use ../My_Code/Results/AdaIN_Accuraccy.png>
Package pdftex.def Info: ../My_Code/Results/AdaIN_Accuraccy.png  used on input 
line 202.
(pdftex.def)             Requested size: 268.29973pt x 201.23157pt.
 [7 <../My_Code/Results/Confusion_Matrix_GM.png> <../My_Code/Results/GM_Accurac
cy.png> <../My_Code/Results/Confusion_Matrix_AdaIN.png> <../My_Code/Results/Ada
IN_Accuraccy.png>]
[8] (/usr/share/texlive/texmf-dist/tex/latex/listings/lstlang1.sty
File: lstlang1.sty 2019/09/10 1.8c listings language file
)
LaTeX Font Info:    Trying to load font information for OML+cmr on input line 2
46.

(/usr/share/texlive/texmf-dist/tex/latex/base/omlcmr.fd
File: omlcmr.fd 2019/12/16 v2.5j Standard LaTeX font definitions
)
LaTeX Font Info:    Font shape `OML/cmr/m/n' in size <10> not available
(Font)              Font shape `OML/cmm/m/it' tried instead on input line 246.
LaTeX Font Info:    Trying to load font information for OMS+cmr on input line 2
51.

(/usr/share/texlive/texmf-dist/tex/latex/base/omscmr.fd
File: omscmr.fd 2019/12/16 v2.5j Standard LaTeX font definitions
)
LaTeX Font Info:    Font shape `OMS/cmr/m/n' in size <10> not available
(Font)              Font shape `OMS/cmsy/m/n' tried instead on input line 251.

Overfull \hbox (153.98207pt too wide) in paragraph at lines 258--259
[][][][][][][][][][][][][][][][][][][][][][][][][][][][][][][][][][][][][][][] 

 []


Overfull \hbox (51.98103pt too wide) in paragraph at lines 259--261
[][][][][][][][][][][][][][][] 
 []


Overfull \hbox (87.9814pt too wide) in paragraph at lines 261--262
[][][][][][][][][][][][][][][][][] 
 []


Overfull \hbox (45.98097pt too wide) in paragraph at lines 267--268
[][][][][][][][][][][][][][][][][][][][][][][][][][][] 
 []


Overfull \hbox (45.98097pt too wide) in paragraph at lines 269--270
[][][][][][][][][][][][][][][][][][][][][][][][][][][] 
 []


Overfull \hbox (531.98592pt too wide) in paragraph at lines 271--272
[][][][][][][][][][][][][][][][][][][][][][][][][][][][][][][][][][][][][][][][
][][][][][][][] 
 []

[9]
Overfull \hbox (39.98091pt too wide) in paragraph at lines 323--324
[][][][][][][][][][][][][][][][][][][][][][][][][][][][][][][][][][][][][] 
 []

[10]
Overfull \hbox (57.9811pt too wide) in paragraph at lines 393--394
[][][][][][][][][][][][][][][][][][][][][][][][][][][][][][][][][] 
 []


Overfull \hbox (15.98067pt too wide) in paragraph at lines 394--395
[][][][][][][][][][][][][][][][][][][][][][][][][][][] 
 []


Overfull \hbox (57.9811pt too wide) in paragraph at lines 402--403
[][][][][][][][][][][][][][][][][][][][][][][][][][][][][][][][][] 
 []

[11]
Overfull \hbox (93.98146pt too wide) in paragraph at lines 444--445
[][][][][][][][][][][][][][][][][][][][][][][][][][][][][] 
 []


Overfull \hbox (315.98372pt too wide) in paragraph at lines 458--459
[][][][][][][][][][][][][][][][][][][][][][][][][][][][][][][][][][][][][][][][
][][][][][][][][][][] 
 []

[12]
Overfull \hbox (171.98225pt too wide) in paragraph at lines 507--508
[][][][][] 
 []


Overfull \hbox (573.98634pt too wide) in paragraph at lines 516--517
[][][][][][][][][][][][] 
 []


Overfull \hbox (573.98634pt too wide) in paragraph at lines 517--518
[][][][][][][][][][][][][] 
 []


Overfull \hbox (585.98647pt too wide) in paragraph at lines 518--519
[][][][][][][][][][][][][] 
 []


Overfull \hbox (597.98659pt too wide) in paragraph at lines 519--521
[][][][][][][][][][][][][] 
 []

LaTeX Font Info:    Font shape `OML/cmr/m/it' in size <10> not available
(Font)              Font shape `OML/cmm/m/it' tried instead on input line 521.
LaTeX Font Info:    Font shape `OMS/cmr/m/it' in size <10> not available
(Font)              Font shape `OMS/cmsy/m/n' tried instead on input line 525.

Overfull \hbox (171.98225pt too wide) in paragraph at lines 529--530
[][][][][] 
 []

[13]
Overfull \hbox (483.98543pt too wide) in paragraph at lines 538--539
[][][][][][][][][][][][][][][][][][][][][][][][][][][][][][][][][][][][][][] 
 []


Overfull \hbox (459.98518pt too wide) in paragraph at lines 539--541
[][][][][][][][][][][][][][][][][][][][][][][][][][][][][][][][][][][][][][] 
 []


Overfull \hbox (171.98225pt too wide) in paragraph at lines 541--542
[][][][][] 
 []


Overfull \hbox (147.98201pt too wide) in paragraph at lines 555--556
[][][][][][][][][][][][][][][][][][][][][][][] 
 []


Overfull \hbox (129.98183pt too wide) in paragraph at lines 559--561
[][][][][][][][][][][][][][][][][][][][][][][] 
 []


Overfull \hbox (171.98225pt too wide) in paragraph at lines 561--562
[][][][][] 
 []


Overfull \hbox (183.98238pt too wide) in paragraph at lines 575--576
[][][][][][][][][][][][][][][][][][][][][][][] 
 []


Overfull \hbox (165.9822pt too wide) in paragraph at lines 579--583
[][][][][][][][][][][][][][][][][][][][][][][] 
 []


Overfull \hbox (171.98225pt too wide) in paragraph at lines 583--584
[][][][][] 
 []


Overfull \hbox (201.98256pt too wide) in paragraph at lines 587--588
[][][][][][][][][][][][][][][][][][][][][][][][][][][][][][][][][][] 
 []


Overfull \hbox (171.98225pt too wide) in paragraph at lines 594--595
[][][][][] 
 []

[14]
Overfull \hbox (549.9861pt too wide) in paragraph at lines 603--604
[][][][][][][][][][][][][][][][][][][][][][][][][][][][][][][][][][][][][][][][
][][][][][][][][][][][][][] 
 []


Overfull \hbox (219.98274pt too wide) in paragraph at lines 605--606
[][][][][][][][][][][][][][][][][][][][][][][][] 
 []


Overfull \hbox (171.98225pt too wide) in paragraph at lines 609--610
[][][][][] 
 []


Overfull \hbox (795.9886pt too wide) in paragraph at lines 613--614
[][][][][][][][][][][][][][][][][][][][][][][][][][][][][][][][][][][][][][][][
][][][][][][][][][][][][][][][][][][][][][][][][][][][][][][][][][][][][][] 
 []


Overfull \hbox (207.98262pt too wide) in paragraph at lines 616--617
[][][][][][][][][][][][][][][][][][][][][][][][][][][][][][][][] 
 []


Overfull \hbox (147.98201pt too wide) in paragraph at lines 617--620
[][][][][][][][][][][][][][][][][][][][][][][][][][][][][][][][][][][][][][][] 

 []


Overfull \hbox (171.98225pt too wide) in paragraph at lines 620--621
[][][][][] 
 []


Overfull \hbox (621.98683pt too wide) in paragraph at lines 628--629
[][][][][][][][][][][][][][][][][][][][][][][][][][][][][][][][][][][][][][][][
][][][][][][][][][][][][][] 
 []


Overfull \hbox (273.98329pt too wide) in paragraph at lines 630--632
[][][][][][][][][][][][][][][][][][][][][][][][] 
 []

[15] (./main.aux)

LaTeX Warning: Label(s) may have changed. Rerun to get cross-references right.

 ) 
Here is how much of TeX's memory you used:
 6595 strings out of 481239
 106122 string characters out of 5920377
 559523 words of memory out of 5000000
 21697 multiletter control sequences out of 15000+600000
 546782 words of font info for 76 fonts, out of 8000000 for 9000
 1141 hyphenation exceptions out of 8191
 48i,8n,46p,1241b,1731s stack positions out of 5000i,500n,10000p,200000b,80000s
{/usr/share/texmf/fonts/enc/dvips/cm-super/cm-super-ts1.enc}</usr/share/texli
ve/texmf-dist/fonts/type1/public/amsfonts/cm/cmbx10.pfb></usr/share/texlive/tex
mf-dist/fonts/type1/public/amsfonts/cm/cmbx12.pfb></usr/share/texlive/texmf-dis
t/fonts/type1/public/amsfonts/cm/cmex10.pfb></usr/share/texlive/texmf-dist/font
s/type1/public/amsfonts/cm/cmmi10.pfb></usr/share/texlive/texmf-dist/fonts/type
1/public/amsfonts/cm/cmr10.pfb></usr/share/texlive/texmf-dist/fonts/type1/publi
c/amsfonts/cm/cmr12.pfb></usr/share/texlive/texmf-dist/fonts/type1/public/amsfo
nts/cm/cmr17.pfb></usr/share/texlive/texmf-dist/fonts/type1/public/amsfonts/cm/
cmr7.pfb></usr/share/texlive/texmf-dist/fonts/type1/public/amsfonts/cm/cmr9.pfb
></usr/share/texlive/texmf-dist/fonts/type1/public/amsfonts/cm/cmsy10.pfb></usr
/share/texlive/texmf-dist/fonts/type1/public/amsfonts/cm/cmti10.pfb></usr/share
/texmf/fonts/type1/public/cm-super/sfrm1000.pfb></usr/share/texmf/fonts/type1/p
ublic/cm-super/sfti1000.pfb>
Output written on main.pdf (15 pages, 6613639 bytes).
PDF statistics:
 259 PDF objects out of 1000 (max. 8388607)
 76 compressed objects within 1 object stream
 0 named destinations out of 1000 (max. 500000)
 381 words of extra memory for PDF output out of 10000 (max. 10000000)

