This is pdfTeX, Version 3.14159265-2.6-1.40.20 (TeX Live 2019/Debian) (preloaded format=pdflatex 2022.3.17)  28 NOV 2022 23:37
entering extended mode
 restricted \write18 enabled.
 %&-line parsing enabled.
**main.tex
(./main.tex
LaTeX2e <2020-02-02> patch level 2
L3 programming layer <2020-02-14>
(/usr/share/texlive/texmf-dist/tex/latex/base/article.cls
Document Class: article 2019/12/20 v1.4l Standard LaTeX document class
(/usr/share/texlive/texmf-dist/tex/latex/base/size10.clo
File: size10.clo 2019/12/20 v1.4l Standard LaTeX file (size option)
)
\c@part=\count167
\c@section=\count168
\c@subsection=\count169
\c@subsubsection=\count170
\c@paragraph=\count171
\c@subparagraph=\count172
\c@figure=\count173
\c@table=\count174
\abovecaptionskip=\skip47
\belowcaptionskip=\skip48
\bibindent=\dimen134
)
(/usr/share/texlive/texmf-dist/tex/latex/graphics/color.sty
Package: color 2019/11/23 v1.2a Standard LaTeX Color (DPC)

(/usr/share/texlive/texmf-dist/tex/latex/graphics-cfg/color.cfg
File: color.cfg 2016/01/02 v1.6 sample color configuration
)
Package color Info: Driver file: pdftex.def on input line 147.

(/usr/share/texlive/texmf-dist/tex/latex/graphics-def/pdftex.def
File: pdftex.def 2018/01/08 v1.0l Graphics/color driver for pdftex
))
(/usr/share/texlive/texmf-dist/tex/latex/soul/soul.sty
Package: soul 2003/11/17 v2.4 letterspacing/underlining (mf)
\SOUL@word=\toks14
\SOUL@lasttoken=\toks15
\SOUL@cmds=\toks16
\SOUL@buffer=\toks17
\SOUL@token=\toks18
\SOUL@spaceskip=\skip49
\SOUL@ttwidth=\dimen135
\SOUL@uldp=\dimen136
\SOUL@ulht=\dimen137
)
(/usr/share/texlive/texmf-dist/tex/latex/amsmath/amsmath.sty
Package: amsmath 2020/01/20 v2.17e AMS math features
\@mathmargin=\skip50

For additional information on amsmath, use the `?' option.
(/usr/share/texlive/texmf-dist/tex/latex/amsmath/amstext.sty
Package: amstext 2000/06/29 v2.01 AMS text

(/usr/share/texlive/texmf-dist/tex/latex/amsmath/amsgen.sty
File: amsgen.sty 1999/11/30 v2.0 generic functions
\@emptytoks=\toks19
\ex@=\dimen138
))
(/usr/share/texlive/texmf-dist/tex/latex/amsmath/amsbsy.sty
Package: amsbsy 1999/11/29 v1.2d Bold Symbols
\pmbraise@=\dimen139
)
(/usr/share/texlive/texmf-dist/tex/latex/amsmath/amsopn.sty
Package: amsopn 2016/03/08 v2.02 operator names
)
\inf@bad=\count175
LaTeX Info: Redefining \frac on input line 227.
\uproot@=\count176
\leftroot@=\count177
LaTeX Info: Redefining \overline on input line 389.
\classnum@=\count178
\DOTSCASE@=\count179
LaTeX Info: Redefining \ldots on input line 486.
LaTeX Info: Redefining \dots on input line 489.
LaTeX Info: Redefining \cdots on input line 610.
\Mathstrutbox@=\box45
\strutbox@=\box46
\big@size=\dimen140
LaTeX Font Info:    Redeclaring font encoding OML on input line 733.
LaTeX Font Info:    Redeclaring font encoding OMS on input line 734.
\macc@depth=\count180
\c@MaxMatrixCols=\count181
\dotsspace@=\muskip16
\c@parentequation=\count182
\dspbrk@lvl=\count183
\tag@help=\toks20
\row@=\count184
\column@=\count185
\maxfields@=\count186
\andhelp@=\toks21
\eqnshift@=\dimen141
\alignsep@=\dimen142
\tagshift@=\dimen143
\tagwidth@=\dimen144
\totwidth@=\dimen145
\lineht@=\dimen146
\@envbody=\toks22
\multlinegap=\skip51
\multlinetaggap=\skip52
\mathdisplay@stack=\toks23
LaTeX Info: Redefining \[ on input line 2859.
LaTeX Info: Redefining \] on input line 2860.
)
(/usr/share/texlive/texmf-dist/tex/latex/amsfonts/amsfonts.sty
Package: amsfonts 2013/01/14 v3.01 Basic AMSFonts support
\symAMSa=\mathgroup4
\symAMSb=\mathgroup5
LaTeX Font Info:    Redeclaring math symbol \hbar on input line 98.
LaTeX Font Info:    Overwriting math alphabet `\mathfrak' in version `bold'
(Font)                  U/euf/m/n --> U/euf/b/n on input line 106.
)
(/usr/share/texlive/texmf-dist/tex/latex/eqnarray/eqnarray.sty
equationarray 1.3 <December 1, 2010>
Package: eqnarray 
(/usr/share/texlive/texmf-dist/tex/latex/tools/array.sty
Package: array 2019/08/31 v2.4l Tabular extension package (FMi)
\col@sep=\dimen147
\ar@mcellbox=\box47
\extrarowheight=\dimen148
\NC@list=\toks24
\extratabsurround=\skip53
\backup@length=\skip54
\ar@cellbox=\box48
)
\@eqargcnt=\count187
)
(/usr/share/texlive/texmf-dist/tex/latex/tools/bm.sty
Package: bm 2019/07/24 v1.2d Bold Symbol Support (DPC/FMi)
\symboldoperators=\mathgroup6
\symboldletters=\mathgroup7
\symboldsymbols=\mathgroup8
LaTeX Font Info:    Redeclaring math alphabet \mathbf on input line 141.
LaTeX Info: Redefining \bm on input line 209.
)
(/usr/share/texlive/texmf-dist/tex/latex/multirow/multirow.sty
Package: multirow 2019/05/31 v2.5 Span multiple rows of a table
\multirow@colwidth=\skip55
\multirow@cntb=\count188
\multirow@dima=\skip56
\bigstrutjot=\dimen149
)
(/usr/share/texlive/texmf-dist/tex/latex/graphics/graphicx.sty
Package: graphicx 2019/11/30 v1.2a Enhanced LaTeX Graphics (DPC,SPQR)

(/usr/share/texlive/texmf-dist/tex/latex/graphics/keyval.sty
Package: keyval 2014/10/28 v1.15 key=value parser (DPC)
\KV@toks@=\toks25
)
(/usr/share/texlive/texmf-dist/tex/latex/graphics/graphics.sty
Package: graphics 2019/11/30 v1.4a Standard LaTeX Graphics (DPC,SPQR)

(/usr/share/texlive/texmf-dist/tex/latex/graphics/trig.sty
Package: trig 2016/01/03 v1.10 sin cos tan (DPC)
)
(/usr/share/texlive/texmf-dist/tex/latex/graphics-cfg/graphics.cfg
File: graphics.cfg 2016/06/04 v1.11 sample graphics configuration
)
Package graphics Info: Driver file: pdftex.def on input line 105.
)
\Gin@req@height=\dimen150
\Gin@req@width=\dimen151
)
(/usr/share/texlive/texmf-dist/tex/latex/booktabs/booktabs.sty
Package: booktabs 2020/01/12 v1.61803398 Publication quality tables
\heavyrulewidth=\dimen152
\lightrulewidth=\dimen153
\cmidrulewidth=\dimen154
\belowrulesep=\dimen155
\belowbottomsep=\dimen156
\aboverulesep=\dimen157
\abovetopsep=\dimen158
\cmidrulesep=\dimen159
\cmidrulekern=\dimen160
\defaultaddspace=\dimen161
\@cmidla=\count189
\@cmidlb=\count190
\@aboverulesep=\dimen162
\@belowrulesep=\dimen163
\@thisruleclass=\count191
\@lastruleclass=\count192
\@thisrulewidth=\dimen164
)
(/usr/share/texlive/texmf-dist/tex/latex/comment/comment.sty
\CommentStream=\write3

Excluding comment 'comment')
(/usr/share/texlive/texmf-dist/tex/latex/caption/subcaption.sty
Package: subcaption 2020/01/22 v1.3d Sub-captions (AR)

(/usr/share/texlive/texmf-dist/tex/latex/caption/caption.sty
Package: caption 2020/01/03 v3.4h Customizing captions (AR)

(/usr/share/texlive/texmf-dist/tex/latex/caption/caption3.sty
Package: caption3 2020/01/03 v1.8h caption3 kernel (AR)
Package caption3 Info: TeX engine: e-TeX on input line 61.
\captionmargin=\dimen165
\captionmargin@=\dimen166
\captionwidth=\dimen167
\caption@tempdima=\dimen168
\caption@indent=\dimen169
\caption@parindent=\dimen170
\caption@hangindent=\dimen171
Package caption Info: Standard document class detected.
)
\c@caption@flags=\count193
\c@continuedfloat=\count194
)
\c@subfigure=\count195
\c@subtable=\count196
)
(/usr/share/texlive/texmf-dist/tex/latex/listings/listings.sty
\lst@mode=\count197
\lst@gtempboxa=\box49
\lst@token=\toks26
\lst@length=\count198
\lst@currlwidth=\dimen172
\lst@column=\count199
\lst@pos=\count266
\lst@lostspace=\dimen173
\lst@width=\dimen174
\lst@newlines=\count267
\lst@lineno=\count268
\lst@maxwidth=\dimen175

(/usr/share/texlive/texmf-dist/tex/latex/listings/lstmisc.sty
File: lstmisc.sty 2019/09/10 1.8c (Carsten Heinz)
\c@lstnumber=\count269
\lst@skipnumbers=\count270
\lst@framebox=\box50
)
(/usr/share/texlive/texmf-dist/tex/latex/listings/listings.cfg
File: listings.cfg 2019/09/10 1.8c listings configuration
))
Package: listings 2019/09/10 1.8c (Carsten Heinz)

(/usr/share/texlive/texmf-dist/tex/latex/geometry/geometry.sty
Package: geometry 2020/01/02 v5.9 Page Geometry

(/usr/share/texlive/texmf-dist/tex/generic/iftex/ifvtex.sty
Package: ifvtex 2019/10/25 v1.7 ifvtex legacy package. Use iftex instead.

(/usr/share/texlive/texmf-dist/tex/generic/iftex/iftex.sty
Package: iftex 2019/11/07 v1.0c TeX engine tests
))
\Gm@cnth=\count271
\Gm@cntv=\count272
\c@Gm@tempcnt=\count273
\Gm@bindingoffset=\dimen176
\Gm@wd@mp=\dimen177
\Gm@odd@mp=\dimen178
\Gm@even@mp=\dimen179
\Gm@layoutwidth=\dimen180
\Gm@layoutheight=\dimen181
\Gm@layouthoffset=\dimen182
\Gm@layoutvoffset=\dimen183
\Gm@dimlist=\toks27
)
(/usr/share/texlive/texmf-dist/tex/latex/l3backend/l3backend-pdfmode.def
File: l3backend-pdfmode.def 2020-02-03 L3 backend support: PDF mode
\l__kernel_color_stack_int=\count274
\l__pdf_internal_box=\box51
)
(./main.aux)
\openout1 = `main.aux'.

LaTeX Font Info:    Checking defaults for OML/cmm/m/it on input line 25.
LaTeX Font Info:    ... okay on input line 25.
LaTeX Font Info:    Checking defaults for OMS/cmsy/m/n on input line 25.
LaTeX Font Info:    ... okay on input line 25.
LaTeX Font Info:    Checking defaults for OT1/cmr/m/n on input line 25.
LaTeX Font Info:    ... okay on input line 25.
LaTeX Font Info:    Checking defaults for T1/cmr/m/n on input line 25.
LaTeX Font Info:    ... okay on input line 25.
LaTeX Font Info:    Checking defaults for TS1/cmr/m/n on input line 25.
LaTeX Font Info:    ... okay on input line 25.
LaTeX Font Info:    Checking defaults for OMX/cmex/m/n on input line 25.
LaTeX Font Info:    ... okay on input line 25.
LaTeX Font Info:    Checking defaults for U/cmr/m/n on input line 25.
LaTeX Font Info:    ... okay on input line 25.
 (/usr/share/texlive/texmf-dist/tex/context/base/mkii/supp-pdf.mkii
[Loading MPS to PDF converter (version 2006.09.02).]
\scratchcounter=\count275
\scratchdimen=\dimen184
\scratchbox=\box52
\nofMPsegments=\count276
\nofMParguments=\count277
\everyMPshowfont=\toks28
\MPscratchCnt=\count278
\MPscratchDim=\dimen185
\MPnumerator=\count279
\makeMPintoPDFobject=\count280
\everyMPtoPDFconversion=\toks29
) (/usr/share/texlive/texmf-dist/tex/latex/epstopdf-pkg/epstopdf-base.sty
Package: epstopdf-base 2020-01-24 v2.11 Base part for package epstopdf
Package epstopdf-base Info: Redefining graphics rule for `.eps' on input line 4
85.

(/usr/share/texlive/texmf-dist/tex/latex/latexconfig/epstopdf-sys.cfg
File: epstopdf-sys.cfg 2010/07/13 v1.3 Configuration of (r)epstopdf for TeX Liv
e
))
Package caption Info: Begin \AtBeginDocument code.
Package caption Info: listings package is loaded.
Package caption Info: End \AtBeginDocument code.
\c@lstlisting=\count281

*geometry* driver: auto-detecting
*geometry* detected driver: pdftex
*geometry* verbose mode - [ preamble ] result:
* driver: pdftex
* paper: <default>
* layout: <same size as paper>
* layoutoffset:(h,v)=(0.0pt,0.0pt)
* modes: 
* h-part:(L,W,R)=(36.135pt, 542.02501pt, 36.135pt)
* v-part:(T,H,B)=(36.135pt, 722.7pt, 36.135pt)
* \paperwidth=614.295pt
* \paperheight=794.96999pt
* \textwidth=542.02501pt
* \textheight=722.7pt
* \oddsidemargin=-36.135pt
* \evensidemargin=-36.135pt
* \topmargin=-73.135pt
* \headheight=12.0pt
* \headsep=25.0pt
* \topskip=10.0pt
* \footskip=30.0pt
* \marginparwidth=65.0pt
* \marginparsep=11.0pt
* \columnsep=10.0pt
* \skip\footins=9.0pt plus 4.0pt minus 2.0pt
* \hoffset=0.0pt
* \voffset=0.0pt
* \mag=1000
* \@twocolumnfalse
* \@twosidefalse
* \@mparswitchfalse
* \@reversemarginfalse
* (1in=72.27pt=25.4mm, 1cm=28.453pt)

LaTeX Font Info:    Trying to load font information for U+msa on input line 26.

(/usr/share/texlive/texmf-dist/tex/latex/amsfonts/umsa.fd
File: umsa.fd 2013/01/14 v3.01 AMS symbols A
)
LaTeX Font Info:    Trying to load font information for U+msb on input line 26.


(/usr/share/texlive/texmf-dist/tex/latex/amsfonts/umsb.fd
File: umsb.fd 2013/01/14 v3.01 AMS symbols B
) [1

{/var/lib/texmf/fonts/map/pdftex/updmap/pdftex.map}] [2] [3]
<../My_Code/Images/stapler_1.png, id=25, 451.6875pt x 376.40625pt>
File: ../My_Code/Images/stapler_1.png Graphic file (type png)
<use ../My_Code/Images/stapler_1.png>
Package pdftex.def Info: ../My_Code/Images/stapler_1.png  used on input line 17
2.
(pdftex.def)             Requested size: 243.90959pt x 203.26208pt.
<../My_Code/Images/stapler_2.png, id=26, 451.6875pt x 376.40625pt>
File: ../My_Code/Images/stapler_2.png Graphic file (type png)
<use ../My_Code/Images/stapler_2.png>
Package pdftex.def Info: ../My_Code/Images/stapler_2.png  used on input line 17
3.
(pdftex.def)             Requested size: 243.90959pt x 203.26208pt.
<../My_Code/Images/im2.png, id=27, 451.6875pt x 376.40625pt>
File: ../My_Code/Images/im2.png Graphic file (type png)
<use ../My_Code/Images/im2.png>
Package pdftex.def Info: ../My_Code/Images/im2.png  used on input line 180.
(pdftex.def)             Requested size: 243.90959pt x 203.26208pt.
<../My_Code/Images/im6.png, id=28, 451.6875pt x 376.40625pt>
File: ../My_Code/Images/im6.png Graphic file (type png)
<use ../My_Code/Images/im6.png>
Package pdftex.def Info: ../My_Code/Images/im6.png  used on input line 181.
(pdftex.def)             Requested size: 243.90959pt x 203.26208pt.
 [4 <../My_Code/Images/stapler_1.png (PNG copy)> <../My_Code/Images/stapler_2.p
ng (PNG copy)> <../My_Code/Images/im2.png (PNG copy)> <../My_Code/Images/im6.pn
g (PNG copy)>]
<../My_Code/Results/stapler_Original_Correspondences.jpg, id=32, 903.375pt x 37
6.40625pt>
File: ../My_Code/Results/stapler_Original_Correspondences.jpg Graphic file (typ
e jpg)
<use ../My_Code/Results/stapler_Original_Correspondences.jpg>
Package pdftex.def Info: ../My_Code/Results/stapler_Original_Correspondences.jp
g  used on input line 191.
(pdftex.def)             Requested size: 487.8192pt x 203.26208pt.
<../My_Code/Results/im2_Original_Correspondences.jpg, id=33, 903.375pt x 376.40
625pt>
File: ../My_Code/Results/im2_Original_Correspondences.jpg Graphic file (type jp
g)
<use ../My_Code/Results/im2_Original_Correspondences.jpg>
Package pdftex.def Info: ../My_Code/Results/im2_Original_Correspondences.jpg  u
sed on input line 198.
(pdftex.def)             Requested size: 487.8192pt x 203.26208pt.
 [5 <../My_Code/Results/stapler_Original_Correspondences.jpg> <../My_Code/Resul
ts/im2_Original_Correspondences.jpg>]
<../My_Code/Results/stapler_1_epilines.png, id=37, 451.6875pt x 376.40625pt>
File: ../My_Code/Results/stapler_1_epilines.png Graphic file (type png)
<use ../My_Code/Results/stapler_1_epilines.png>
Package pdftex.def Info: ../My_Code/Results/stapler_1_epilines.png  used on inp
ut line 208.
(pdftex.def)             Requested size: 243.90959pt x 203.26208pt.
<../My_Code/Results/stapler_2_epilines.png, id=38, 451.6875pt x 376.40625pt>
File: ../My_Code/Results/stapler_2_epilines.png Graphic file (type png)
<use ../My_Code/Results/stapler_2_epilines.png>
Package pdftex.def Info: ../My_Code/Results/stapler_2_epilines.png  used on inp
ut line 209.
(pdftex.def)             Requested size: 243.90959pt x 203.26208pt.
<../My_Code/Results/im2_epilines.png, id=39, 451.6875pt x 376.40625pt>
File: ../My_Code/Results/im2_epilines.png Graphic file (type png)
<use ../My_Code/Results/im2_epilines.png>
Package pdftex.def Info: ../My_Code/Results/im2_epilines.png  used on input lin
e 216.
(pdftex.def)             Requested size: 243.90959pt x 203.26208pt.
<../My_Code/Results/im6_epilines.png, id=40, 451.6875pt x 376.40625pt>
File: ../My_Code/Results/im6_epilines.png Graphic file (type png)
<use ../My_Code/Results/im6_epilines.png>
Package pdftex.def Info: ../My_Code/Results/im6_epilines.png  used on input lin
e 217.
(pdftex.def)             Requested size: 243.90959pt x 203.26208pt.
 [6 <../My_Code/Results/stapler_1_epilines.png (PNG copy)> <../My_Code/Results/
stapler_2_epilines.png (PNG copy)> <../My_Code/Results/im2_epilines.png (PNG co
py)> <../My_Code/Results/im6_epilines.png (PNG copy)>]
<../My_Code/Results/stapler_1_rectified.png, id=44, 602.25pt x 421.575pt>
File: ../My_Code/Results/stapler_1_rectified.png Graphic file (type png)
<use ../My_Code/Results/stapler_1_rectified.png>
Package pdftex.def Info: ../My_Code/Results/stapler_1_rectified.png  used on in
put line 228.
(pdftex.def)             Requested size: 243.90959pt x 170.73694pt.
<../My_Code/Results/stapler_2_rectified.png, id=45, 602.25pt x 421.575pt>
File: ../My_Code/Results/stapler_2_rectified.png Graphic file (type png)
<use ../My_Code/Results/stapler_2_rectified.png>
Package pdftex.def Info: ../My_Code/Results/stapler_2_rectified.png  used on in
put line 229.
(pdftex.def)             Requested size: 243.90959pt x 170.73694pt.
<../My_Code/Results/im2_rectified.png, id=46, 602.25pt x 421.575pt>
File: ../My_Code/Results/im2_rectified.png Graphic file (type png)
<use ../My_Code/Results/im2_rectified.png>
Package pdftex.def Info: ../My_Code/Results/im2_rectified.png  used on input li
ne 236.
(pdftex.def)             Requested size: 243.90959pt x 170.73694pt.
<../My_Code/Results/im6_rectified.png, id=47, 602.25pt x 421.575pt>
File: ../My_Code/Results/im6_rectified.png Graphic file (type png)
<use ../My_Code/Results/im6_rectified.png>
Package pdftex.def Info: ../My_Code/Results/im6_rectified.png  used on input li
ne 237.
(pdftex.def)             Requested size: 243.90959pt x 170.73694pt.
 [7 <../My_Code/Results/stapler_1_rectified.png (PNG copy)> <../My_Code/Results
/stapler_2_rectified.png (PNG copy)> <../My_Code/Results/im2_rectified.png (PNG
 copy)> <../My_Code/Results/im6_rectified.png (PNG copy)>]
<../My_Code/Results/stapler_Rectified_Correspondences.jpg, id=52, 1204.5pt x 42
1.575pt>
File: ../My_Code/Results/stapler_Rectified_Correspondences.jpg Graphic file (ty
pe jpg)
<use ../My_Code/Results/stapler_Rectified_Correspondences.jpg>
Package pdftex.def Info: ../My_Code/Results/stapler_Rectified_Correspondences.j
pg  used on input line 249.
(pdftex.def)             Requested size: 487.8192pt x 170.73694pt.
<../My_Code/Results/im2_Rectified_Correspondences.jpg, id=53, 1204.5pt x 421.57
5pt>
File: ../My_Code/Results/im2_Rectified_Correspondences.jpg Graphic file (type j
pg)
<use ../My_Code/Results/im2_Rectified_Correspondences.jpg>
Package pdftex.def Info: ../My_Code/Results/im2_Rectified_Correspondences.jpg  
used on input line 256.
(pdftex.def)             Requested size: 487.8192pt x 170.73694pt.
 [8 <../My_Code/Results/stapler_Rectified_Correspondences.jpg> <../My_Code/Resu
lts/im2_Rectified_Correspondences.jpg>]
File: ../My_Code/Results/stapler_1_rectified.png Graphic file (type png)
<use ../My_Code/Results/stapler_1_rectified.png>
Package pdftex.def Info: ../My_Code/Results/stapler_1_rectified.png  used on in
put line 267.
(pdftex.def)             Requested size: 162.60915pt x 113.82677pt.
File: ../My_Code/Results/stapler_2_rectified.png Graphic file (type png)
<use ../My_Code/Results/stapler_2_rectified.png>
Package pdftex.def Info: ../My_Code/Results/stapler_2_rectified.png  used on in
put line 268.
(pdftex.def)             Requested size: 162.60915pt x 113.82677pt.
<../My_Code/Results/stapler_1_int_points_canny.png, id=57, 602.25pt x 421.575pt
>
File: ../My_Code/Results/stapler_1_int_points_canny.png Graphic file (type png)

<use ../My_Code/Results/stapler_1_int_points_canny.png>
Package pdftex.def Info: ../My_Code/Results/stapler_1_int_points_canny.png  use
d on input line 269.
(pdftex.def)             Requested size: 162.60915pt x 113.82677pt.
<../My_Code/Results/stapler_2_int_points_canny.png, id=58, 602.25pt x 421.575pt
>
File: ../My_Code/Results/stapler_2_int_points_canny.png Graphic file (type png)

<use ../My_Code/Results/stapler_2_int_points_canny.png>
Package pdftex.def Info: ../My_Code/Results/stapler_2_int_points_canny.png  use
d on input line 270.
(pdftex.def)             Requested size: 162.60915pt x 113.82677pt.
File: ../My_Code/Results/im2_rectified.png Graphic file (type png)
<use ../My_Code/Results/im2_rectified.png>
Package pdftex.def Info: ../My_Code/Results/im2_rectified.png  used on input li
ne 277.
(pdftex.def)             Requested size: 162.60915pt x 113.82677pt.
File: ../My_Code/Results/im6_rectified.png Graphic file (type png)
<use ../My_Code/Results/im6_rectified.png>
Package pdftex.def Info: ../My_Code/Results/im6_rectified.png  used on input li
ne 278.
(pdftex.def)             Requested size: 162.60915pt x 113.82677pt.
<../My_Code/Results/im2_int_points_canny.png, id=59, 602.25pt x 421.575pt>
File: ../My_Code/Results/im2_int_points_canny.png Graphic file (type png)
<use ../My_Code/Results/im2_int_points_canny.png>
Package pdftex.def Info: ../My_Code/Results/im2_int_points_canny.png  used on i
nput line 279.
(pdftex.def)             Requested size: 162.60915pt x 113.82677pt.
<../My_Code/Results/im6_int_points_canny.png, id=60, 602.25pt x 421.575pt>
File: ../My_Code/Results/im6_int_points_canny.png Graphic file (type png)
<use ../My_Code/Results/im6_int_points_canny.png>
Package pdftex.def Info: ../My_Code/Results/im6_int_points_canny.png  used on i
nput line 280.
(pdftex.def)             Requested size: 162.60915pt x 113.82677pt.
 [9 <../My_Code/Results/stapler_1_int_points_canny.png (PNG copy)> <../My_Code/
Results/stapler_2_int_points_canny.png (PNG copy)> <../My_Code/Results/im2_int_
points_canny.png (PNG copy)> <../My_Code/Results/im6_int_points_canny.png (PNG 
copy)>]
<../My_Code/Results/stapler_1_int_points_opencv.png, id=64, 602.25pt x 421.575p
t>
File: ../My_Code/Results/stapler_1_int_points_opencv.png Graphic file (type png
)
<use ../My_Code/Results/stapler_1_int_points_opencv.png>
Package pdftex.def Info: ../My_Code/Results/stapler_1_int_points_opencv.png  us
ed on input line 291.
(pdftex.def)             Requested size: 162.60915pt x 113.82677pt.
<../My_Code/Results/stapler_2_int_points_opencv.png, id=65, 602.25pt x 421.575p
t>
File: ../My_Code/Results/stapler_2_int_points_opencv.png Graphic file (type png
)
<use ../My_Code/Results/stapler_2_int_points_opencv.png>
Package pdftex.def Info: ../My_Code/Results/stapler_2_int_points_opencv.png  us
ed on input line 292.
(pdftex.def)             Requested size: 162.60915pt x 113.82677pt.
<../My_Code/Results/im2_int_points_opencv.png, id=66, 602.25pt x 421.575pt>
File: ../My_Code/Results/im2_int_points_opencv.png Graphic file (type png)
<use ../My_Code/Results/im2_int_points_opencv.png>
Package pdftex.def Info: ../My_Code/Results/im2_int_points_opencv.png  used on 
input line 299.
(pdftex.def)             Requested size: 151.76633pt x 106.23616pt.
<../My_Code/Results/im6_int_points_opencv.png, id=67, 602.25pt x 421.575pt>
File: ../My_Code/Results/im6_int_points_opencv.png Graphic file (type png)
<use ../My_Code/Results/im6_int_points_opencv.png>
Package pdftex.def Info: ../My_Code/Results/im6_int_points_opencv.png  used on 
input line 300.
(pdftex.def)             Requested size: 151.76633pt x 106.23616pt.
<../My_Code/Results/stapler_SSD_correspondence.jpg, id=68, 1204.5pt x 421.575pt
>
File: ../My_Code/Results/stapler_SSD_correspondence.jpg Graphic file (type jpg)

<use ../My_Code/Results/stapler_SSD_correspondence.jpg>
Package pdftex.def Info: ../My_Code/Results/stapler_SSD_correspondence.jpg  use
d on input line 308.
(pdftex.def)             Requested size: 298.1154pt x 104.33852pt.
<../My_Code/Results/im2_SSD_correspondence.jpg, id=69, 1204.5pt x 421.575pt>
File: ../My_Code/Results/im2_SSD_correspondence.jpg Graphic file (type jpg)
<use ../My_Code/Results/im2_SSD_correspondence.jpg>
Package pdftex.def Info: ../My_Code/Results/im2_SSD_correspondence.jpg  used on
 input line 315.
(pdftex.def)             Requested size: 298.1154pt x 104.33852pt.
 [10 <../My_Code/Results/stapler_1_int_points_opencv.png (PNG copy)> <../My_Cod
e/Results/stapler_2_int_points_opencv.png (PNG copy)> <../My_Code/Results/im2_i
nt_points_opencv.png (PNG copy)> <../My_Code/Results/im6_int_points_opencv.png 
(PNG copy)> <../My_Code/Results/stapler_SSD_correspondence.jpg> <../My_Code/Res
ults/im2_SSD_correspondence.jpg>]
<../My_Code/Results/stapler_3D_plot_cropped.png, id=73, 349.7868pt x 289.8027pt
>
File: ../My_Code/Results/stapler_3D_plot_cropped.png Graphic file (type png)
<use ../My_Code/Results/stapler_3D_plot_cropped.png>
Package pdftex.def Info: ../My_Code/Results/stapler_3D_plot_cropped.png  used o
n input line 326.
(pdftex.def)             Requested size: 268.29973pt x 222.2909pt.
<../My_Code/Results/stapler_3D_plot_view_2_cropped.png, id=75, 363.5181pt x 283
.2984pt>
File: ../My_Code/Results/stapler_3D_plot_view_2_cropped.png Graphic file (type 
png)
<use ../My_Code/Results/stapler_3D_plot_view_2_cropped.png>
Package pdftex.def Info: ../My_Code/Results/stapler_3D_plot_view_2_cropped.png 
 used on input line 327.
(pdftex.def)             Requested size: 268.29973pt x 209.1015pt.
<../My_Code/Results/im2_3D_plot_cropped.png, id=76, 349.7868pt x 291.2481pt>
File: ../My_Code/Results/im2_3D_plot_cropped.png Graphic file (type png)
<use ../My_Code/Results/im2_3D_plot_cropped.png>
Package pdftex.def Info: ../My_Code/Results/im2_3D_plot_cropped.png  used on in
put line 334.
(pdftex.def)             Requested size: 268.29973pt x 223.39957pt.
<../My_Code/Results/im2_3D_plot_view_2_cropped.png, id=77, 357.7365pt x 282.575
7pt>
File: ../My_Code/Results/im2_3D_plot_view_2_cropped.png Graphic file (type png)

<use ../My_Code/Results/im2_3D_plot_view_2_cropped.png>
Package pdftex.def Info: ../My_Code/Results/im2_3D_plot_view_2_cropped.png  use
d on input line 335.
(pdftex.def)             Requested size: 268.29973pt x 211.93555pt.
 [11 <../My_Code/Results/stapler_3D_plot_cropped.png> <../My_Code/Results/stapl
er_3D_plot_view_2_cropped.png> <../My_Code/Results/im2_3D_plot_cropped.png> <..
/My_Code/Results/im2_3D_plot_view_2_cropped.png>]
<../My_Code/Results/task_2_im2.png, id=86, 473.77pt x 401.5pt>
File: ../My_Code/Results/task_2_im2.png Graphic file (type png)
<use ../My_Code/Results/task_2_im2.png>
Package pdftex.def Info: ../My_Code/Results/task_2_im2.png  used on input line 
346.
(pdftex.def)             Requested size: 268.29973pt x 227.3809pt.
<../My_Code/Results/task_2_im6.png, id=87, 474.77374pt x 400.49625pt>
File: ../My_Code/Results/task_2_im6.png Graphic file (type png)
<use ../My_Code/Results/task_2_im6.png>
Package pdftex.def Info: ../My_Code/Results/task_2_im6.png  used on input line 
347.
(pdftex.def)             Requested size: 268.29973pt x 226.32968pt.
<../My_Code/Results/task_2_stapler_1_br.png, id=88, 471.7625pt x 434.62375pt>
File: ../My_Code/Results/task_2_stapler_1_br.png Graphic file (type png)
<use ../My_Code/Results/task_2_stapler_1_br.png>
Package pdftex.def Info: ../My_Code/Results/task_2_stapler_1_br.png  used on in
put line 354.
(pdftex.def)             Requested size: 268.29973pt x 247.18103pt.
<../My_Code/Results/task_2_stapler_2_br.png, id=89, 473.77pt x 436.63126pt>
File: ../My_Code/Results/task_2_stapler_2_br.png Graphic file (type png)
<use ../My_Code/Results/task_2_stapler_2_br.png>
Package pdftex.def Info: ../My_Code/Results/task_2_stapler_2_br.png  used on in
put line 355.
(pdftex.def)             Requested size: 268.29973pt x 247.27675pt.
 [12 <../My_Code/Results/task_2_im2.png> <../My_Code/Results/task_2_im6.png> <.
./My_Code/Results/task_2_stapler_1_br.png> <../My_Code/Results/task_2_stapler_2
_br.png>]
<../My_Code/Results/Disparity_Map_M_3_dmax_52.png, id=97, 451.6875pt x 376.4062
5pt>
File: ../My_Code/Results/Disparity_Map_M_3_dmax_52.png Graphic file (type png)
<use ../My_Code/Results/Disparity_Map_M_3_dmax_52.png>
Package pdftex.def Info: ../My_Code/Results/Disparity_Map_M_3_dmax_52.png  used
 on input line 370.
(pdftex.def)             Requested size: 132.79347pt x 110.6598pt.
<../My_Code/Results/Disparity_Map_M_5_dmax_52.png, id=98, 451.6875pt x 376.4062
5pt>
File: ../My_Code/Results/Disparity_Map_M_5_dmax_52.png Graphic file (type png)
<use ../My_Code/Results/Disparity_Map_M_5_dmax_52.png>
Package pdftex.def Info: ../My_Code/Results/Disparity_Map_M_5_dmax_52.png  used
 on input line 371.
(pdftex.def)             Requested size: 132.79347pt x 110.6598pt.
<../My_Code/Results/Disparity_Map_M_7_dmax_52.png, id=99, 451.6875pt x 376.4062
5pt>
File: ../My_Code/Results/Disparity_Map_M_7_dmax_52.png Graphic file (type png)
<use ../My_Code/Results/Disparity_Map_M_7_dmax_52.png>
Package pdftex.def Info: ../My_Code/Results/Disparity_Map_M_7_dmax_52.png  used
 on input line 372.
(pdftex.def)             Requested size: 132.79347pt x 110.6598pt.
<../My_Code/Results/Disparity_Map_M_9_dmax_52.png, id=100, 451.6875pt x 376.406
25pt>
File: ../My_Code/Results/Disparity_Map_M_9_dmax_52.png Graphic file (type png)
<use ../My_Code/Results/Disparity_Map_M_9_dmax_52.png>
Package pdftex.def Info: ../My_Code/Results/Disparity_Map_M_9_dmax_52.png  used
 on input line 373.
(pdftex.def)             Requested size: 132.79347pt x 110.6598pt.
<../My_Code/Results/Disparity_Map_M_11_dmax_52.png, id=101, 451.6875pt x 376.40
625pt>
File: ../My_Code/Results/Disparity_Map_M_11_dmax_52.png Graphic file (type png)

<use ../My_Code/Results/Disparity_Map_M_11_dmax_52.png>
Package pdftex.def Info: ../My_Code/Results/Disparity_Map_M_11_dmax_52.png  use
d on input line 374.
(pdftex.def)             Requested size: 132.79347pt x 110.6598pt.
<../My_Code/Results/Disparity_Map_M_13_dmax_52.png, id=102, 451.6875pt x 376.40
625pt>
File: ../My_Code/Results/Disparity_Map_M_13_dmax_52.png Graphic file (type png)

<use ../My_Code/Results/Disparity_Map_M_13_dmax_52.png>
Package pdftex.def Info: ../My_Code/Results/Disparity_Map_M_13_dmax_52.png  use
d on input line 375.
(pdftex.def)             Requested size: 132.79347pt x 110.6598pt.
<../My_Code/Results/Disparity_Map_M_15_dmax_52.png, id=103, 451.6875pt x 376.40
625pt>
File: ../My_Code/Results/Disparity_Map_M_15_dmax_52.png Graphic file (type png)

<use ../My_Code/Results/Disparity_Map_M_15_dmax_52.png>
Package pdftex.def Info: ../My_Code/Results/Disparity_Map_M_15_dmax_52.png  use
d on input line 376.
(pdftex.def)             Requested size: 132.79347pt x 110.6598pt.
<../My_Code/Results/Disparity_Map_M_17_dmax_52.png, id=104, 451.6875pt x 376.40
625pt>
File: ../My_Code/Results/Disparity_Map_M_17_dmax_52.png Graphic file (type png)

<use ../My_Code/Results/Disparity_Map_M_17_dmax_52.png>
Package pdftex.def Info: ../My_Code/Results/Disparity_Map_M_17_dmax_52.png  use
d on input line 377.
(pdftex.def)             Requested size: 132.79347pt x 110.6598pt.
<../My_Code/Results/Disparity_Map_M_19_dmax_52.png, id=105, 451.6875pt x 376.40
625pt>
File: ../My_Code/Results/Disparity_Map_M_19_dmax_52.png Graphic file (type png)

<use ../My_Code/Results/Disparity_Map_M_19_dmax_52.png>
Package pdftex.def Info: ../My_Code/Results/Disparity_Map_M_19_dmax_52.png  use
d on input line 378.
(pdftex.def)             Requested size: 132.79347pt x 110.6598pt.
<../My_Code/Results/Disparity_Map_M_21_dmax_52.png, id=106, 451.6875pt x 376.40
625pt>
File: ../My_Code/Results/Disparity_Map_M_21_dmax_52.png Graphic file (type png)

<use ../My_Code/Results/Disparity_Map_M_21_dmax_52.png>
Package pdftex.def Info: ../My_Code/Results/Disparity_Map_M_21_dmax_52.png  use
d on input line 379.
(pdftex.def)             Requested size: 132.79347pt x 110.6598pt.
<../My_Code/Results/Disparity_Map_M_23_dmax_52.png, id=107, 451.6875pt x 376.40
625pt>
File: ../My_Code/Results/Disparity_Map_M_23_dmax_52.png Graphic file (type png)

<use ../My_Code/Results/Disparity_Map_M_23_dmax_52.png>
Package pdftex.def Info: ../My_Code/Results/Disparity_Map_M_23_dmax_52.png  use
d on input line 380.
(pdftex.def)             Requested size: 132.79347pt x 110.6598pt.
<../My_Code/Results/Disparity_Map_M_25_dmax_52.png, id=108, 451.6875pt x 376.40
625pt>
File: ../My_Code/Results/Disparity_Map_M_25_dmax_52.png Graphic file (type png)

<use ../My_Code/Results/Disparity_Map_M_25_dmax_52.png>
Package pdftex.def Info: ../My_Code/Results/Disparity_Map_M_25_dmax_52.png  use
d on input line 381.
(pdftex.def)             Requested size: 132.79347pt x 110.6598pt.
<../My_Code/Results/Disparity_Map_M_27_dmax_52.png, id=109, 451.6875pt x 376.40
625pt>
File: ../My_Code/Results/Disparity_Map_M_27_dmax_52.png Graphic file (type png)

<use ../My_Code/Results/Disparity_Map_M_27_dmax_52.png>
Package pdftex.def Info: ../My_Code/Results/Disparity_Map_M_27_dmax_52.png  use
d on input line 382.
(pdftex.def)             Requested size: 132.79347pt x 110.6598pt.
<../My_Code/Results/Disparity_Map_M_29_dmax_52.png, id=110, 451.6875pt x 376.40
625pt>
File: ../My_Code/Results/Disparity_Map_M_29_dmax_52.png Graphic file (type png)

<use ../My_Code/Results/Disparity_Map_M_29_dmax_52.png>
Package pdftex.def Info: ../My_Code/Results/Disparity_Map_M_29_dmax_52.png  use
d on input line 383.
(pdftex.def)             Requested size: 132.79347pt x 110.6598pt.
<../My_Code/Results/Disparity_Map_M_31_dmax_52.png, id=111, 451.6875pt x 376.40
625pt>
File: ../My_Code/Results/Disparity_Map_M_31_dmax_52.png Graphic file (type png)

<use ../My_Code/Results/Disparity_Map_M_31_dmax_52.png>
Package pdftex.def Info: ../My_Code/Results/Disparity_Map_M_31_dmax_52.png  use
d on input line 384.
(pdftex.def)             Requested size: 132.79347pt x 110.6598pt.
<../My_Code/Results/Disparity_Map_M_33_dmax_52.png, id=112, 451.6875pt x 376.40
625pt>
File: ../My_Code/Results/Disparity_Map_M_33_dmax_52.png Graphic file (type png)

<use ../My_Code/Results/Disparity_Map_M_33_dmax_52.png>
Package pdftex.def Info: ../My_Code/Results/Disparity_Map_M_33_dmax_52.png  use
d on input line 385.
(pdftex.def)             Requested size: 132.79347pt x 110.6598pt.
<../My_Code/Results/Disparity_Map_M_35_dmax_52.png, id=113, 451.6875pt x 376.40
625pt>
File: ../My_Code/Results/Disparity_Map_M_35_dmax_52.png Graphic file (type png)

<use ../My_Code/Results/Disparity_Map_M_35_dmax_52.png>
Package pdftex.def Info: ../My_Code/Results/Disparity_Map_M_35_dmax_52.png  use
d on input line 386.
(pdftex.def)             Requested size: 132.79347pt x 110.6598pt.
<../My_Code/Results/Disparity_Map_M_37_dmax_52.png, id=114, 451.6875pt x 376.40
625pt>
File: ../My_Code/Results/Disparity_Map_M_37_dmax_52.png Graphic file (type png)

<use ../My_Code/Results/Disparity_Map_M_37_dmax_52.png>
Package pdftex.def Info: ../My_Code/Results/Disparity_Map_M_37_dmax_52.png  use
d on input line 387.
(pdftex.def)             Requested size: 132.79347pt x 110.6598pt.
 [13 <../My_Code/Results/Disparity_Map_M_3_dmax_52.png (PNG copy)> <../My_Code/
Results/Disparity_Map_M_5_dmax_52.png (PNG copy)> <../My_Code/Results/Disparity
_Map_M_7_dmax_52.png (PNG copy)> <../My_Code/Results/Disparity_Map_M_9_dmax_52.
png (PNG copy)> <../My_Code/Results/Disparity_Map_M_11_dmax_52.png (PNG copy)> 
<../My_Code/Results/Disparity_Map_M_13_dmax_52.png (PNG copy)> <../My_Code/Resu
lts/Disparity_Map_M_15_dmax_52.png (PNG copy)> <../My_Code/Results/Disparity_Ma
p_M_17_dmax_52.png (PNG copy)> <../My_Code/Results/Disparity_Map_M_19_dmax_52.p
ng (PNG copy)> <../My_Code/Results/Disparity_Map_M_21_dmax_52.png (PNG copy)> <
../My_Code/Results/Disparity_Map_M_23_dmax_52.png (PNG copy)> <../My_Code/Resul
ts/Disparity_Map_M_25_dmax_52.png (PNG copy)> <../My_Code/Results/Disparity_Map
_M_27_dmax_52.png (PNG copy)> <../My_Code/Results/Disparity_Map_M_29_dmax_52.pn
g (PNG copy)> <../My_Code/Results/Disparity_Map_M_31_dmax_52.png (PNG copy)> <.
./My_Code/Results/Disparity_Map_M_33_dmax_52.png (PNG copy)> <../My_Code/Result
s/Disparity_Map_M_35_dmax_52.png (PNG copy)> <../My_Code/Results/Disparity_Map_
M_37_dmax_52.png (PNG copy)>]
<../My_Code/Results/Disparity_Map_Error_M_3_dmax_52.png, id=119, 451.6875pt x 3
76.40625pt>
File: ../My_Code/Results/Disparity_Map_Error_M_3_dmax_52.png Graphic file (type
 png)
<use ../My_Code/Results/Disparity_Map_Error_M_3_dmax_52.png>
Package pdftex.def Info: ../My_Code/Results/Disparity_Map_Error_M_3_dmax_52.png
  used on input line 398.
(pdftex.def)             Requested size: 132.79347pt x 110.6598pt.
<../My_Code/Results/Disparity_Map_Error_M_5_dmax_52.png, id=120, 451.6875pt x 3
76.40625pt>
File: ../My_Code/Results/Disparity_Map_Error_M_5_dmax_52.png Graphic file (type
 png)
<use ../My_Code/Results/Disparity_Map_Error_M_5_dmax_52.png>
Package pdftex.def Info: ../My_Code/Results/Disparity_Map_Error_M_5_dmax_52.png
  used on input line 399.
(pdftex.def)             Requested size: 132.79347pt x 110.6598pt.
<../My_Code/Results/Disparity_Map_Error_M_7_dmax_52.png, id=121, 451.6875pt x 3
76.40625pt>
File: ../My_Code/Results/Disparity_Map_Error_M_7_dmax_52.png Graphic file (type
 png)
<use ../My_Code/Results/Disparity_Map_Error_M_7_dmax_52.png>
Package pdftex.def Info: ../My_Code/Results/Disparity_Map_Error_M_7_dmax_52.png
  used on input line 400.
(pdftex.def)             Requested size: 132.79347pt x 110.6598pt.
<../My_Code/Results/Disparity_Map_Error_M_9_dmax_52.png, id=122, 451.6875pt x 3
76.40625pt>
File: ../My_Code/Results/Disparity_Map_Error_M_9_dmax_52.png Graphic file (type
 png)
<use ../My_Code/Results/Disparity_Map_Error_M_9_dmax_52.png>
Package pdftex.def Info: ../My_Code/Results/Disparity_Map_Error_M_9_dmax_52.png
  used on input line 401.
(pdftex.def)             Requested size: 132.79347pt x 110.6598pt.
<../My_Code/Results/Disparity_Map_Error_M_11_dmax_52.png, id=123, 451.6875pt x 
376.40625pt>
File: ../My_Code/Results/Disparity_Map_Error_M_11_dmax_52.png Graphic file (typ
e png)
<use ../My_Code/Results/Disparity_Map_Error_M_11_dmax_52.png>
Package pdftex.def Info: ../My_Code/Results/Disparity_Map_Error_M_11_dmax_52.pn
g  used on input line 402.
(pdftex.def)             Requested size: 132.79347pt x 110.6598pt.
<../My_Code/Results/Disparity_Map_Error_M_13_dmax_52.png, id=124, 451.6875pt x 
376.40625pt>
File: ../My_Code/Results/Disparity_Map_Error_M_13_dmax_52.png Graphic file (typ
e png)
<use ../My_Code/Results/Disparity_Map_Error_M_13_dmax_52.png>
Package pdftex.def Info: ../My_Code/Results/Disparity_Map_Error_M_13_dmax_52.pn
g  used on input line 403.
(pdftex.def)             Requested size: 132.79347pt x 110.6598pt.
<../My_Code/Results/Disparity_Map_Error_M_15_dmax_52.png, id=125, 451.6875pt x 
376.40625pt>
File: ../My_Code/Results/Disparity_Map_Error_M_15_dmax_52.png Graphic file (typ
e png)
<use ../My_Code/Results/Disparity_Map_Error_M_15_dmax_52.png>
Package pdftex.def Info: ../My_Code/Results/Disparity_Map_Error_M_15_dmax_52.pn
g  used on input line 404.
(pdftex.def)             Requested size: 132.79347pt x 110.6598pt.
<../My_Code/Results/Disparity_Map_Error_M_17_dmax_52.png, id=126, 451.6875pt x 
376.40625pt>
File: ../My_Code/Results/Disparity_Map_Error_M_17_dmax_52.png Graphic file (typ
e png)
<use ../My_Code/Results/Disparity_Map_Error_M_17_dmax_52.png>
Package pdftex.def Info: ../My_Code/Results/Disparity_Map_Error_M_17_dmax_52.pn
g  used on input line 405.
(pdftex.def)             Requested size: 132.79347pt x 110.6598pt.
<../My_Code/Results/Disparity_Map_Error_M_19_dmax_52.png, id=127, 451.6875pt x 
376.40625pt>
File: ../My_Code/Results/Disparity_Map_Error_M_19_dmax_52.png Graphic file (typ
e png)
<use ../My_Code/Results/Disparity_Map_Error_M_19_dmax_52.png>
Package pdftex.def Info: ../My_Code/Results/Disparity_Map_Error_M_19_dmax_52.pn
g  used on input line 406.
(pdftex.def)             Requested size: 132.79347pt x 110.6598pt.
<../My_Code/Results/Disparity_Map_Error_M_21_dmax_52.png, id=128, 451.6875pt x 
376.40625pt>
File: ../My_Code/Results/Disparity_Map_Error_M_21_dmax_52.png Graphic file (typ
e png)
<use ../My_Code/Results/Disparity_Map_Error_M_21_dmax_52.png>
Package pdftex.def Info: ../My_Code/Results/Disparity_Map_Error_M_21_dmax_52.pn
g  used on input line 407.
(pdftex.def)             Requested size: 132.79347pt x 110.6598pt.
<../My_Code/Results/Disparity_Map_Error_M_23_dmax_52.png, id=129, 451.6875pt x 
376.40625pt>
File: ../My_Code/Results/Disparity_Map_Error_M_23_dmax_52.png Graphic file (typ
e png)
<use ../My_Code/Results/Disparity_Map_Error_M_23_dmax_52.png>
Package pdftex.def Info: ../My_Code/Results/Disparity_Map_Error_M_23_dmax_52.pn
g  used on input line 408.
(pdftex.def)             Requested size: 132.79347pt x 110.6598pt.
<../My_Code/Results/Disparity_Map_Error_M_25_dmax_52.png, id=130, 451.6875pt x 
376.40625pt>
File: ../My_Code/Results/Disparity_Map_Error_M_25_dmax_52.png Graphic file (typ
e png)
<use ../My_Code/Results/Disparity_Map_Error_M_25_dmax_52.png>
Package pdftex.def Info: ../My_Code/Results/Disparity_Map_Error_M_25_dmax_52.pn
g  used on input line 409.
(pdftex.def)             Requested size: 132.79347pt x 110.6598pt.
<../My_Code/Results/Disparity_Map_Error_M_27_dmax_52.png, id=131, 451.6875pt x 
376.40625pt>
File: ../My_Code/Results/Disparity_Map_Error_M_27_dmax_52.png Graphic file (typ
e png)
<use ../My_Code/Results/Disparity_Map_Error_M_27_dmax_52.png>
Package pdftex.def Info: ../My_Code/Results/Disparity_Map_Error_M_27_dmax_52.pn
g  used on input line 410.
(pdftex.def)             Requested size: 132.79347pt x 110.6598pt.
<../My_Code/Results/Disparity_Map_Error_M_29_dmax_52.png, id=132, 451.6875pt x 
376.40625pt>
File: ../My_Code/Results/Disparity_Map_Error_M_29_dmax_52.png Graphic file (typ
e png)
<use ../My_Code/Results/Disparity_Map_Error_M_29_dmax_52.png>
Package pdftex.def Info: ../My_Code/Results/Disparity_Map_Error_M_29_dmax_52.pn
g  used on input line 411.
(pdftex.def)             Requested size: 132.79347pt x 110.6598pt.
<../My_Code/Results/Disparity_Map_Error_M_31_dmax_52.png, id=133, 451.6875pt x 
376.40625pt>
File: ../My_Code/Results/Disparity_Map_Error_M_31_dmax_52.png Graphic file (typ
e png)
<use ../My_Code/Results/Disparity_Map_Error_M_31_dmax_52.png>
Package pdftex.def Info: ../My_Code/Results/Disparity_Map_Error_M_31_dmax_52.pn
g  used on input line 412.
(pdftex.def)             Requested size: 132.79347pt x 110.6598pt.
<../My_Code/Results/Disparity_Map_Error_M_33_dmax_52.png, id=134, 451.6875pt x 
376.40625pt>
File: ../My_Code/Results/Disparity_Map_Error_M_33_dmax_52.png Graphic file (typ
e png)
<use ../My_Code/Results/Disparity_Map_Error_M_33_dmax_52.png>
Package pdftex.def Info: ../My_Code/Results/Disparity_Map_Error_M_33_dmax_52.pn
g  used on input line 413.
(pdftex.def)             Requested size: 132.79347pt x 110.6598pt.
<../My_Code/Results/Disparity_Map_Error_M_35_dmax_52.png, id=135, 451.6875pt x 
376.40625pt>
File: ../My_Code/Results/Disparity_Map_Error_M_35_dmax_52.png Graphic file (typ
e png)
<use ../My_Code/Results/Disparity_Map_Error_M_35_dmax_52.png>
Package pdftex.def Info: ../My_Code/Results/Disparity_Map_Error_M_35_dmax_52.pn
g  used on input line 414.
(pdftex.def)             Requested size: 132.79347pt x 110.6598pt.
<../My_Code/Results/Disparity_Map_Error_M_37_dmax_52.png, id=136, 451.6875pt x 
376.40625pt>
File: ../My_Code/Results/Disparity_Map_Error_M_37_dmax_52.png Graphic file (typ
e png)
<use ../My_Code/Results/Disparity_Map_Error_M_37_dmax_52.png>
Package pdftex.def Info: ../My_Code/Results/Disparity_Map_Error_M_37_dmax_52.pn
g  used on input line 415.
(pdftex.def)             Requested size: 132.79347pt x 110.6598pt.
 [14 <../My_Code/Results/Disparity_Map_Error_M_3_dmax_52.png (PNG copy)> <../My
_Code/Results/Disparity_Map_Error_M_5_dmax_52.png (PNG copy)> <../My_Code/Resul
ts/Disparity_Map_Error_M_7_dmax_52.png (PNG copy)> <../My_Code/Results/Disparit
y_Map_Error_M_9_dmax_52.png (PNG copy)> <../My_Code/Results/Disparity_Map_Error
_M_11_dmax_52.png (PNG copy)> <../My_Code/Results/Disparity_Map_Error_M_13_dmax
_52.png (PNG copy)> <../My_Code/Results/Disparity_Map_Error_M_15_dmax_52.png (P
NG copy)> <../My_Code/Results/Disparity_Map_Error_M_17_dmax_52.png (PNG copy)> 
<../My_Code/Results/Disparity_Map_Error_M_19_dmax_52.png (PNG copy)> <../My_Cod
e/Results/Disparity_Map_Error_M_21_dmax_52.png (PNG copy)> <../My_Code/Results/
Disparity_Map_Error_M_23_dmax_52.png (PNG copy)> <../My_Code/Results/Disparity_
Map_Error_M_25_dmax_52.png (PNG copy)> <../My_Code/Results/Disparity_Map_Error_
M_27_dmax_52.png (PNG copy)> <../My_Code/Results/Disparity_Map_Error_M_29_dmax_
52.png (PNG copy)> <../My_Code/Results/Disparity_Map_Error_M_31_dmax_52.png (PN
G copy)> <../My_Code/Results/Disparity_Map_Error_M_33_dmax_52.png (PNG copy)> <
../My_Code/Results/Disparity_Map_Error_M_35_dmax_52.png (PNG copy)> <../My_Code
/Results/Disparity_Map_Error_M_37_dmax_52.png (PNG copy)>]
<../My_Code/Results/Disparity_Map_Error_Mask_M_3_dmax_52.png, id=140, 451.6875p
t x 376.40625pt>
File: ../My_Code/Results/Disparity_Map_Error_Mask_M_3_dmax_52.png Graphic file 
(type png)
<use ../My_Code/Results/Disparity_Map_Error_Mask_M_3_dmax_52.png>
Package pdftex.def Info: ../My_Code/Results/Disparity_Map_Error_Mask_M_3_dmax_5
2.png  used on input line 427.
(pdftex.def)             Requested size: 132.79347pt x 110.6598pt.
<../My_Code/Results/Disparity_Map_Error_Mask_M_5_dmax_52.png, id=141, 451.6875p
t x 376.40625pt>
File: ../My_Code/Results/Disparity_Map_Error_Mask_M_5_dmax_52.png Graphic file 
(type png)
<use ../My_Code/Results/Disparity_Map_Error_Mask_M_5_dmax_52.png>
Package pdftex.def Info: ../My_Code/Results/Disparity_Map_Error_Mask_M_5_dmax_5
2.png  used on input line 428.
(pdftex.def)             Requested size: 132.79347pt x 110.6598pt.
<../My_Code/Results/Disparity_Map_Error_Mask_M_7_dmax_52.png, id=142, 451.6875p
t x 376.40625pt>
File: ../My_Code/Results/Disparity_Map_Error_Mask_M_7_dmax_52.png Graphic file 
(type png)
<use ../My_Code/Results/Disparity_Map_Error_Mask_M_7_dmax_52.png>
Package pdftex.def Info: ../My_Code/Results/Disparity_Map_Error_Mask_M_7_dmax_5
2.png  used on input line 429.
(pdftex.def)             Requested size: 132.79347pt x 110.6598pt.
<../My_Code/Results/Disparity_Map_Error_Mask_M_9_dmax_52.png, id=143, 451.6875p
t x 376.40625pt>
File: ../My_Code/Results/Disparity_Map_Error_Mask_M_9_dmax_52.png Graphic file 
(type png)
<use ../My_Code/Results/Disparity_Map_Error_Mask_M_9_dmax_52.png>
Package pdftex.def Info: ../My_Code/Results/Disparity_Map_Error_Mask_M_9_dmax_5
2.png  used on input line 430.
(pdftex.def)             Requested size: 132.79347pt x 110.6598pt.
<../My_Code/Results/Disparity_Map_Error_Mask_M_11_dmax_52.png, id=144, 451.6875
pt x 376.40625pt>
File: ../My_Code/Results/Disparity_Map_Error_Mask_M_11_dmax_52.png Graphic file
 (type png)
<use ../My_Code/Results/Disparity_Map_Error_Mask_M_11_dmax_52.png>
Package pdftex.def Info: ../My_Code/Results/Disparity_Map_Error_Mask_M_11_dmax_
52.png  used on input line 431.
(pdftex.def)             Requested size: 132.79347pt x 110.6598pt.
<../My_Code/Results/Disparity_Map_Error_Mask_M_13_dmax_52.png, id=145, 451.6875
pt x 376.40625pt>
File: ../My_Code/Results/Disparity_Map_Error_Mask_M_13_dmax_52.png Graphic file
 (type png)
<use ../My_Code/Results/Disparity_Map_Error_Mask_M_13_dmax_52.png>
Package pdftex.def Info: ../My_Code/Results/Disparity_Map_Error_Mask_M_13_dmax_
52.png  used on input line 432.
(pdftex.def)             Requested size: 132.79347pt x 110.6598pt.
<../My_Code/Results/Disparity_Map_Error_Mask_M_15_dmax_52.png, id=146, 451.6875
pt x 376.40625pt>
File: ../My_Code/Results/Disparity_Map_Error_Mask_M_15_dmax_52.png Graphic file
 (type png)
<use ../My_Code/Results/Disparity_Map_Error_Mask_M_15_dmax_52.png>
Package pdftex.def Info: ../My_Code/Results/Disparity_Map_Error_Mask_M_15_dmax_
52.png  used on input line 433.
(pdftex.def)             Requested size: 132.79347pt x 110.6598pt.
<../My_Code/Results/Disparity_Map_Error_Mask_M_17_dmax_52.png, id=147, 451.6875
pt x 376.40625pt>
File: ../My_Code/Results/Disparity_Map_Error_Mask_M_17_dmax_52.png Graphic file
 (type png)
<use ../My_Code/Results/Disparity_Map_Error_Mask_M_17_dmax_52.png>
Package pdftex.def Info: ../My_Code/Results/Disparity_Map_Error_Mask_M_17_dmax_
52.png  used on input line 434.
(pdftex.def)             Requested size: 132.79347pt x 110.6598pt.
<../My_Code/Results/Disparity_Map_Error_Mask_M_19_dmax_52.png, id=148, 451.6875
pt x 376.40625pt>
File: ../My_Code/Results/Disparity_Map_Error_Mask_M_19_dmax_52.png Graphic file
 (type png)
<use ../My_Code/Results/Disparity_Map_Error_Mask_M_19_dmax_52.png>
Package pdftex.def Info: ../My_Code/Results/Disparity_Map_Error_Mask_M_19_dmax_
52.png  used on input line 435.
(pdftex.def)             Requested size: 132.79347pt x 110.6598pt.
<../My_Code/Results/Disparity_Map_Error_Mask_M_21_dmax_52.png, id=149, 451.6875
pt x 376.40625pt>
File: ../My_Code/Results/Disparity_Map_Error_Mask_M_21_dmax_52.png Graphic file
 (type png)
<use ../My_Code/Results/Disparity_Map_Error_Mask_M_21_dmax_52.png>
Package pdftex.def Info: ../My_Code/Results/Disparity_Map_Error_Mask_M_21_dmax_
52.png  used on input line 436.
(pdftex.def)             Requested size: 132.79347pt x 110.6598pt.
<../My_Code/Results/Disparity_Map_Error_Mask_M_23_dmax_52.png, id=150, 451.6875
pt x 376.40625pt>
File: ../My_Code/Results/Disparity_Map_Error_Mask_M_23_dmax_52.png Graphic file
 (type png)
<use ../My_Code/Results/Disparity_Map_Error_Mask_M_23_dmax_52.png>
Package pdftex.def Info: ../My_Code/Results/Disparity_Map_Error_Mask_M_23_dmax_
52.png  used on input line 437.
(pdftex.def)             Requested size: 132.79347pt x 110.6598pt.
<../My_Code/Results/Disparity_Map_Error_Mask_M_25_dmax_52.png, id=151, 451.6875
pt x 376.40625pt>
File: ../My_Code/Results/Disparity_Map_Error_Mask_M_25_dmax_52.png Graphic file
 (type png)
<use ../My_Code/Results/Disparity_Map_Error_Mask_M_25_dmax_52.png>
Package pdftex.def Info: ../My_Code/Results/Disparity_Map_Error_Mask_M_25_dmax_
52.png  used on input line 438.
(pdftex.def)             Requested size: 132.79347pt x 110.6598pt.
<../My_Code/Results/Disparity_Map_Error_Mask_M_27_dmax_52.png, id=152, 451.6875
pt x 376.40625pt>
File: ../My_Code/Results/Disparity_Map_Error_Mask_M_27_dmax_52.png Graphic file
 (type png)
<use ../My_Code/Results/Disparity_Map_Error_Mask_M_27_dmax_52.png>
Package pdftex.def Info: ../My_Code/Results/Disparity_Map_Error_Mask_M_27_dmax_
52.png  used on input line 439.
(pdftex.def)             Requested size: 132.79347pt x 110.6598pt.
<../My_Code/Results/Disparity_Map_Error_Mask_M_29_dmax_52.png, id=153, 451.6875
pt x 376.40625pt>
File: ../My_Code/Results/Disparity_Map_Error_Mask_M_29_dmax_52.png Graphic file
 (type png)
<use ../My_Code/Results/Disparity_Map_Error_Mask_M_29_dmax_52.png>
Package pdftex.def Info: ../My_Code/Results/Disparity_Map_Error_Mask_M_29_dmax_
52.png  used on input line 440.
(pdftex.def)             Requested size: 132.79347pt x 110.6598pt.
<../My_Code/Results/Disparity_Map_Error_Mask_M_31_dmax_52.png, id=154, 451.6875
pt x 376.40625pt>
File: ../My_Code/Results/Disparity_Map_Error_Mask_M_31_dmax_52.png Graphic file
 (type png)
<use ../My_Code/Results/Disparity_Map_Error_Mask_M_31_dmax_52.png>
Package pdftex.def Info: ../My_Code/Results/Disparity_Map_Error_Mask_M_31_dmax_
52.png  used on input line 441.
(pdftex.def)             Requested size: 132.79347pt x 110.6598pt.
<../My_Code/Results/Disparity_Map_Error_Mask_M_33_dmax_52.png, id=155, 451.6875
pt x 376.40625pt>
File: ../My_Code/Results/Disparity_Map_Error_Mask_M_33_dmax_52.png Graphic file
 (type png)
<use ../My_Code/Results/Disparity_Map_Error_Mask_M_33_dmax_52.png>
Package pdftex.def Info: ../My_Code/Results/Disparity_Map_Error_Mask_M_33_dmax_
52.png  used on input line 442.
(pdftex.def)             Requested size: 132.79347pt x 110.6598pt.
<../My_Code/Results/Disparity_Map_Error_Mask_M_35_dmax_52.png, id=156, 451.6875
pt x 376.40625pt>
File: ../My_Code/Results/Disparity_Map_Error_Mask_M_35_dmax_52.png Graphic file
 (type png)
<use ../My_Code/Results/Disparity_Map_Error_Mask_M_35_dmax_52.png>
Package pdftex.def Info: ../My_Code/Results/Disparity_Map_Error_Mask_M_35_dmax_
52.png  used on input line 443.
(pdftex.def)             Requested size: 132.79347pt x 110.6598pt.
<../My_Code/Results/Disparity_Map_Error_Mask_M_37_dmax_52.png, id=157, 451.6875
pt x 376.40625pt>
File: ../My_Code/Results/Disparity_Map_Error_Mask_M_37_dmax_52.png Graphic file
 (type png)
<use ../My_Code/Results/Disparity_Map_Error_Mask_M_37_dmax_52.png>
Package pdftex.def Info: ../My_Code/Results/Disparity_Map_Error_Mask_M_37_dmax_
52.png  used on input line 444.
(pdftex.def)             Requested size: 132.79347pt x 110.6598pt.
 [15 <../My_Code/Results/Disparity_Map_Error_Mask_M_3_dmax_52.png (PNG copy)> <
../My_Code/Results/Disparity_Map_Error_Mask_M_5_dmax_52.png (PNG copy)> <../My_
Code/Results/Disparity_Map_Error_Mask_M_7_dmax_52.png (PNG copy)> <../My_Code/R
esults/Disparity_Map_Error_Mask_M_9_dmax_52.png (PNG copy)> <../My_Code/Results
/Disparity_Map_Error_Mask_M_11_dmax_52.png (PNG copy)> <../My_Code/Results/Disp
arity_Map_Error_Mask_M_13_dmax_52.png (PNG copy)> <../My_Code/Results/Disparity
_Map_Error_Mask_M_15_dmax_52.png (PNG copy)> <../My_Code/Results/Disparity_Map_
Error_Mask_M_17_dmax_52.png (PNG copy)> <../My_Code/Results/Disparity_Map_Error
_Mask_M_19_dmax_52.png (PNG copy)> <../My_Code/Results/Disparity_Map_Error_Mask
_M_21_dmax_52.png (PNG copy)> <../My_Code/Results/Disparity_Map_Error_Mask_M_23
_dmax_52.png (PNG copy)> <../My_Code/Results/Disparity_Map_Error_Mask_M_25_dmax
_52.png (PNG copy)> <../My_Code/Results/Disparity_Map_Error_Mask_M_27_dmax_52.p
ng (PNG copy)> <../My_Code/Results/Disparity_Map_Error_Mask_M_29_dmax_52.png (P
NG copy)> <../My_Code/Results/Disparity_Map_Error_Mask_M_31_dmax_52.png (PNG co
py)> <../My_Code/Results/Disparity_Map_Error_Mask_M_33_dmax_52.png (PNG copy)> 
<../My_Code/Results/Disparity_Map_Error_Mask_M_35_dmax_52.png (PNG copy)> <../M
y_Code/Results/Disparity_Map_Error_Mask_M_37_dmax_52.png (PNG copy)>]
<../My_Code/Results/Disparity_Accuracy.png, id=161, 462.528pt x 346.896pt>
File: ../My_Code/Results/Disparity_Accuracy.png Graphic file (type png)
<use ../My_Code/Results/Disparity_Accuracy.png>
Package pdftex.def Info: ../My_Code/Results/Disparity_Accuracy.png  used on inp
ut line 455.
(pdftex.def)             Requested size: 352.31294pt x 264.24712pt.
 [16 <../My_Code/Results/Disparity_Accuracy.png>]
[17] (/usr/share/texlive/texmf-dist/tex/latex/listings/lstlang1.sty
File: lstlang1.sty 2019/09/10 1.8c listings language file
)
Overfull \hbox (75.98128pt too wide) in paragraph at lines 499--500
[][][][][][][][][][][][][][][][][][][][][][][][][][][][][][][][][][][][][][][][
][][] 
 []


Overfull \hbox (75.98128pt too wide) in paragraph at lines 500--501
[][][][][][][][][][][][][][][][][][][][][][][][][][][][][][][][][][][][][][] 
 []


Overfull \hbox (69.98122pt too wide) in paragraph at lines 502--503
[][][][][][][][][][][][][][][][][][][][][][] 
 []


Overfull \hbox (9.9806pt too wide) in paragraph at lines 504--505
[][][][][][][][][][][][][][][][][][][][][][][][][][][][][][][][][] 
 []


Overfull \hbox (9.9806pt too wide) in paragraph at lines 505--506
[][][][][][][][][][][][][][][][][][][][][][][][][][][][][][][][][] 
 []


Overfull \hbox (87.9814pt too wide) in paragraph at lines 528--529
[][][][][][][][][][][][][][][][][][][][][][] 
 []


Overfull \hbox (9.9806pt too wide) in paragraph at lines 530--531
[][][][][][][][][][][][][][][][][][][][][][][][][][][][][][][][][] 
 []


Overfull \hbox (9.9806pt too wide) in paragraph at lines 531--532
[][][][][][][][][][][][][][][][][][][][][][][][][][][][][][][][][] 
 []

[18]
Overfull \hbox (15.98067pt too wide) in paragraph at lines 548--549
[][][][][][][][][][][][][][][][][][][][][][][][][][][][][][][][][][][][][] 
 []


Overfull \hbox (87.9814pt too wide) in paragraph at lines 550--551
[][][][][][][][][][][][][][][][][][][][][][][][][][][][][][][][][][][][][][][] 

 []

LaTeX Font Info:    Trying to load font information for OML+cmr on input line 5
62.
(/usr/share/texlive/texmf-dist/tex/latex/base/omlcmr.fd
File: omlcmr.fd 2019/12/16 v2.5j Standard LaTeX font definitions
)
LaTeX Font Info:    Font shape `OML/cmr/m/n' in size <10> not available
(Font)              Font shape `OML/cmm/m/it' tried instead on input line 562.

Overfull \hbox (477.98537pt too wide) in paragraph at lines 567--568
[][][][][][][][][][][][][][][][][][][][][][][][][][][][][][][][][][][][][][] 
 []


Overfull \hbox (33.98085pt too wide) in paragraph at lines 569--570
[][][][][][][][][][][][][][][][][][][] 
 []

[19]
Overfull \hbox (975.99043pt too wide) in paragraph at lines 615--616
[][][][][][][][][][][][][][][][][][][][][][][][][][][][][][][][][][][][][][][][
][][][][][][][][][][][][][][][][][][][][][][][][][][][][] 
 []


Overfull \hbox (21.98073pt too wide) in paragraph at lines 656--657
[][][][][][][][][][][] 
 []


Overfull \hbox (21.98073pt too wide) in paragraph at lines 657--658
[][][][][][][][][][][] 
 []

[20]
Overfull \hbox (465.98524pt too wide) in paragraph at lines 665--666
[][][][][][][][][][][][][][][][][][][][][][][][][][][][][][][][][][][][][] 
 []


Overfull \hbox (69.98122pt too wide) in paragraph at lines 676--677
[][][][][][][][][][][][][][][][][] 
 []


Overfull \hbox (75.98128pt too wide) in paragraph at lines 681--682
[][][][][][][][][][][][][][][][][][][] 
 []


Overfull \hbox (39.98091pt too wide) in paragraph at lines 683--684
[][][][][][][][][][][][][][][][][][][][][][][][][][][][][][][][][][][][][][][][
][][] 
 []


Overfull \hbox (153.98207pt too wide) in paragraph at lines 685--686
[][][][][][][][][][][][][][][][][][][][][][][][][][][] 
 []


Overfull \hbox (153.98207pt too wide) in paragraph at lines 686--687
[][][][][][][][][][][][][][][][][][][][][][][][][][][][][][] 
 []


Overfull \hbox (27.98079pt too wide) in paragraph at lines 691--692
[][][][][][][][][][][][][][][][][][][][][] 
 []


Overfull \hbox (141.98195pt too wide) in paragraph at lines 692--693
[][][][][][][][][][][][][][][][][][][][][][][][][][][][][] 
 []


Overfull \hbox (339.98396pt too wide) in paragraph at lines 702--703
[][][][][][][][][][][][][][][][][][][][][][][][][] 
 []


Overfull \hbox (63.98116pt too wide) in paragraph at lines 706--707
[][][][][][][][][][][][][][][][][][][] 
 []


Overfull \hbox (39.98091pt too wide) in paragraph at lines 708--709
[][][][][][][][][][][][][][][][][][][][][][][][][][][][][][][][][][][][][][][][
][][] 
 []


Overfull \hbox (141.98195pt too wide) in paragraph at lines 710--711
[][][][][][][][][][][][][][][][][][][][][][][][][][][][][][] 
 []

[21]
Overfull \hbox (21.98073pt too wide) in paragraph at lines 726--727
[][][][][][][][][][][][][][][][][][][][][] 
 []


Overfull \hbox (141.98195pt too wide) in paragraph at lines 727--728
[][][][][][][][][][][][][][][][][][][][][][][][][][][][][] 
 []


Overfull \hbox (9.9806pt too wide) in paragraph at lines 738--739
[][][][][][][][][][][][][][][][][][][][][][] 
 []


Overfull \hbox (9.9806pt too wide) in paragraph at lines 740--742
[][][][][][][][][][][][][][][][][][][][][][] 
 []


Overfull \hbox (249.98305pt too wide) in paragraph at lines 746--747
[][][][][][][][][][][][][][][][][][][][][][][][][][][][][][][][][][][][][][][] 

 []


Overfull \hbox (249.98305pt too wide) in paragraph at lines 748--750
[][][][][][][][][][][][][][][][][][][][][][][][][][][][][][][][][][][][][][][] 

 []

LaTeX Font Info:    Trying to load font information for OMS+cmr on input line 7
64.
(/usr/share/texlive/texmf-dist/tex/latex/base/omscmr.fd
File: omscmr.fd 2019/12/16 v2.5j Standard LaTeX font definitions
)
LaTeX Font Info:    Font shape `OMS/cmr/m/n' in size <10> not available
(Font)              Font shape `OMS/cmsy/m/n' tried instead on input line 764.
 [22]
Overfull \hbox (195.9825pt too wide) in paragraph at lines 780--781
[][][][][][][][][][][][][][][][][][][] 
 []


Overfull \hbox (147.98201pt too wide) in paragraph at lines 798--799
[][][][][][][][][][][][][][][][][][][][] 
 []


Overfull \hbox (411.9847pt too wide) in paragraph at lines 804--805
[][][][][][][][][][][][][][][][][][][][][][][][][][][][] 
 []


Overfull \hbox (57.9811pt too wide) in paragraph at lines 818--819
[][][][][][][][][][][][][][][][][][][][][][][][][][][][][][][][][][][][] 
 []


Overfull \hbox (45.98097pt too wide) in paragraph at lines 820--821
[][][][][][][][][][][][][][][][][][][][][][][][][][][][][][][][][][][][] 
 []


Overfull \hbox (69.98122pt too wide) in paragraph at lines 829--830
[][][][][][][][][][][][][][][][][][][][][][][][][][][][][][][][][] 
 []


Overfull \hbox (273.98329pt too wide) in paragraph at lines 830--831
[][][][][][][][][][][][][][][][][][][][][][][] 
 []


Overfull \hbox (141.98195pt too wide) in paragraph at lines 831--832
[][][][][][][][][][][][][][][][][][][][][][][][][][][][][][][][][] 
 []


Overfull \hbox (147.98201pt too wide) in paragraph at lines 832--833
[][][][][][][][][][][][][][][][][][][][][][][] 
 []


Overfull \hbox (171.98225pt too wide) in paragraph at lines 833--834
[][][][][][][][][][][][][][][][][][][][][][][][][] 
 []


Overfull \hbox (57.9811pt too wide) in paragraph at lines 834--837
[][][][][][][][][][][][][][][][][][] 
 []


Overfull \hbox (399.98457pt too wide) in paragraph at lines 837--838
[][][][][][][][][][][][][][][][][][][][][][][][][][][][][][] 
 []

[23]
Overfull \hbox (177.98232pt too wide) in paragraph at lines 861--862
[][][][][][][][][][][][][][][][][][][][][][][][][][][][][][][] 
 []


Overfull \hbox (267.98323pt too wide) in paragraph at lines 867--868
[][][][][][][][][][][][][][][][][][][] 
 []


Overfull \hbox (477.98537pt too wide) in paragraph at lines 870--871
[][][][][][][][][][][][][][][][][][][] 
 []


Overfull \hbox (15.98067pt too wide) in paragraph at lines 871--872
[][][][][][][][][][][] 
 []


Overfull \hbox (159.98213pt too wide) in paragraph at lines 872--873
[][][][][][][][][][][][][][][] 
 []


Overfull \hbox (81.98134pt too wide) in paragraph at lines 878--879
[][][][][][][][][][][][][][][][][][][][][][][][][] 
 []


Overfull \hbox (171.98225pt too wide) in paragraph at lines 879--880
[][][][][][][][][][][][][][][][][][][][][][][] 
 []


Overfull \hbox (39.98091pt too wide) in paragraph at lines 890--891
[][][][][][][][][][][][][][][][][][][][][][] 
 []

[24]
Overfull \hbox (195.9825pt too wide) in paragraph at lines 902--903
[][][][][][][][][][][][][][][][][][][] 
 []


Overfull \hbox (201.98256pt too wide) in paragraph at lines 906--907
[][][][][][][][][][][][][][][][][] 
 []


Overfull \hbox (195.9825pt too wide) in paragraph at lines 907--908
[][][][][][][][][][][][][][][][][][][][][] 
 []


Overfull \hbox (171.98225pt too wide) in paragraph at lines 911--912
[][][][][][][][][][][][] 
 []


Overfull \hbox (171.98225pt too wide) in paragraph at lines 912--913
[][][][][][][][][][][][] 
 []


Overfull \hbox (159.98213pt too wide) in paragraph at lines 914--915
[][][][][][][][][][][][] 
 []


Overfull \hbox (159.98213pt too wide) in paragraph at lines 915--916
[][][][][][][][][][][][] 
 []


Overfull \hbox (711.98775pt too wide) in paragraph at lines 917--918
[][][][][][][][][][][] 
 []


Overfull \hbox (711.98775pt too wide) in paragraph at lines 918--919
[][][][][][][][][][][] 
 []


Overfull \hbox (33.98085pt too wide) in paragraph at lines 943--944
[][][][][][][][][][][][][][][][][][][][][] 
 []


Overfull \hbox (129.98183pt too wide) in paragraph at lines 944--945
[][][][][][][][][][][][][][][][][][][][][][][][][][][][][] 
 []


Overfull \hbox (477.98537pt too wide) in paragraph at lines 945--946
[][][][][][][][][][][][][][][][][][][][][][][][][][][][][][][][] 
 []

[25]
Overfull \hbox (939.99007pt too wide) in paragraph at lines 970--971
[][][][][][][][][][][][][][][][][][][][][][][][][][][][][][][][][][][][][][][][
][][][][][][][][][] 
 []


Overfull \hbox (21.98073pt too wide) in paragraph at lines 971--972
[][][][][][][][][][][][][][][][][][][][][][][][][][][][][][][][] 
 []


Overfull \hbox (273.98329pt too wide) in paragraph at lines 973--974
[][][][][][][][][][][][][][][][][][][][][][][] 
 []


Overfull \hbox (1119.9919pt too wide) in paragraph at lines 975--976
[][][][][][][][][][][][][][][][][][][][][][][][][][][][][][][][][][][][][][][][
][][][][][][] 
 []


Overfull \hbox (171.98225pt too wide) in paragraph at lines 977--978
[][][][][][][][][][][][][][][][][] 
 []


Overfull \hbox (87.9814pt too wide) in paragraph at lines 979--982
[][][][][][][][][][][][][][][][][] 
 []

[26]
Overfull \hbox (57.9811pt too wide) in paragraph at lines 997--998
[][][][][][][][][][][][][][][][][][][][][][][][][][][][][][][][][][][] 
 []


Overfull \hbox (57.9811pt too wide) in paragraph at lines 998--999
[][][][][][][][][][][][][][][][][][][][][][][][][][][][][][][][][][][] 
 []


Overfull \hbox (129.98183pt too wide) in paragraph at lines 1009--1010
[][][][][][][][][][][][][][][][][][][][][][][][][][][][][][][][][][][][][] 
 []


Overfull \hbox (33.98085pt too wide) in paragraph at lines 1010--1011
[][][][][][][][][][][][][][][][][][][][][][][][][][][][][] 
 []


Overfull \hbox (357.98415pt too wide) in paragraph at lines 1015--1016
[][][][][][][][][][][][][][][][][][][][][][][][][][][][][][][][][][][] 
 []


Overfull \hbox (225.9828pt too wide) in paragraph at lines 1017--1018
[][][][][][][][][][][][][][][][][][][][][][][][][][][][][] 
 []


Overfull \hbox (141.98195pt too wide) in paragraph at lines 1018--1019
[][][][][][][][][][][][][][][][][][][][][][][] 
 []


Overfull \hbox (3.98055pt too wide) in paragraph at lines 1023--1024
[][][][][][][][][][][][][][][][][][][][][][][][][][][][] 
 []

[27]
Overfull \hbox (105.98158pt too wide) in paragraph at lines 1060--1061
[][][][][][][][][][][][][][][][][][][][][] 
 []


Overfull \hbox (123.98177pt too wide) in paragraph at lines 1061--1062
[][][][][][][][][][][][][][][][][][][][][][][][][] 
 []


Overfull \hbox (255.98311pt too wide) in paragraph at lines 1062--1063
[][][][][][][][][][][][][][][][][][][][][][][][][][][][][][][] 
 []


Overfull \hbox (99.98152pt too wide) in paragraph at lines 1063--1064
[][][][][][][][][][][][][][][][][][][][][][][][][][][][][][][][][][][][] 
 []


Overfull \hbox (69.98122pt too wide) in paragraph at lines 1065--1066
[][][][][][][][][][][][][][][][][][][][][][][] 
 []

[28] (./main.aux)

LaTeX Warning: Label(s) may have changed. Rerun to get cross-references right.

 ) 
Here is how much of TeX's memory you used:
 6810 strings out of 481239
 116019 string characters out of 5920377
 572590 words of memory out of 5000000
 21898 multiletter control sequences out of 15000+600000
 546782 words of font info for 76 fonts, out of 8000000 for 9000
 1141 hyphenation exceptions out of 8191
 48i,12n,46p,717b,1731s stack positions out of 5000i,500n,10000p,200000b,80000s
{/usr/share/texmf/fonts/enc/dvips/cm-super/cm-super-ts1.enc}</usr/share/texli
ve/texmf-dist/fonts/type1/public/amsfonts/cm/cmbx10.pfb></usr/share/texlive/tex
mf-dist/fonts/type1/public/amsfonts/cm/cmbx12.pfb></usr/share/texlive/texmf-dis
t/fonts/type1/public/amsfonts/cm/cmex10.pfb></usr/share/texlive/texmf-dist/font
s/type1/public/amsfonts/cm/cmmi10.pfb></usr/share/texlive/texmf-dist/fonts/type
1/public/amsfonts/cm/cmmi7.pfb></usr/share/texlive/texmf-dist/fonts/type1/publi
c/amsfonts/cm/cmr10.pfb></usr/share/texlive/texmf-dist/fonts/type1/public/amsfo
nts/cm/cmr12.pfb></usr/share/texlive/texmf-dist/fonts/type1/public/amsfonts/cm/
cmr17.pfb></usr/share/texlive/texmf-dist/fonts/type1/public/amsfonts/cm/cmr7.pf
b></usr/share/texlive/texmf-dist/fonts/type1/public/amsfonts/cm/cmr9.pfb></usr/
share/texlive/texmf-dist/fonts/type1/public/amsfonts/cm/cmsy10.pfb></usr/share/
texlive/texmf-dist/fonts/type1/public/amsfonts/cm/cmsy5.pfb></usr/share/texlive
/texmf-dist/fonts/type1/public/amsfonts/cm/cmsy7.pfb></usr/share/texlive/texmf-
dist/fonts/type1/public/amsfonts/cm/cmti10.pfb></usr/share/texmf/fonts/type1/pu
blic/cm-super/sfrm1000.pfb></usr/share/texmf/fonts/type1/public/cm-super/sfti10
00.pfb>
Output written on main.pdf (28 pages, 19725807 bytes).
PDF statistics:
 259 PDF objects out of 1000 (max. 8388607)
 113 compressed objects within 2 object streams
 0 named destinations out of 1000 (max. 500000)
 446 words of extra memory for PDF output out of 10000 (max. 10000000)

