This is pdfTeX, Version 3.14159265-2.6-1.40.20 (TeX Live 2019/Debian) (preloaded format=pdflatex 2022.3.17)  19 OCT 2022 18:33
entering extended mode
 restricted \write18 enabled.
 %&-line parsing enabled.
**main.tex
(./main.tex
LaTeX2e <2020-02-02> patch level 2
L3 programming layer <2020-02-14>
(/usr/share/texlive/texmf-dist/tex/latex/base/article.cls
Document Class: article 2019/12/20 v1.4l Standard LaTeX document class
(/usr/share/texlive/texmf-dist/tex/latex/base/size10.clo
File: size10.clo 2019/12/20 v1.4l Standard LaTeX file (size option)
)
\c@part=\count167
\c@section=\count168
\c@subsection=\count169
\c@subsubsection=\count170
\c@paragraph=\count171
\c@subparagraph=\count172
\c@figure=\count173
\c@table=\count174
\abovecaptionskip=\skip47
\belowcaptionskip=\skip48
\bibindent=\dimen134
)
(/usr/share/texlive/texmf-dist/tex/latex/graphics/color.sty
Package: color 2019/11/23 v1.2a Standard LaTeX Color (DPC)

(/usr/share/texlive/texmf-dist/tex/latex/graphics-cfg/color.cfg
File: color.cfg 2016/01/02 v1.6 sample color configuration
)
Package color Info: Driver file: pdftex.def on input line 147.

(/usr/share/texlive/texmf-dist/tex/latex/graphics-def/pdftex.def
File: pdftex.def 2018/01/08 v1.0l Graphics/color driver for pdftex
))
(/usr/share/texlive/texmf-dist/tex/latex/soul/soul.sty
Package: soul 2003/11/17 v2.4 letterspacing/underlining (mf)
\SOUL@word=\toks14
\SOUL@lasttoken=\toks15
\SOUL@cmds=\toks16
\SOUL@buffer=\toks17
\SOUL@token=\toks18
\SOUL@spaceskip=\skip49
\SOUL@ttwidth=\dimen135
\SOUL@uldp=\dimen136
\SOUL@ulht=\dimen137
)
(/usr/share/texlive/texmf-dist/tex/latex/amsmath/amsmath.sty
Package: amsmath 2020/01/20 v2.17e AMS math features
\@mathmargin=\skip50

For additional information on amsmath, use the `?' option.
(/usr/share/texlive/texmf-dist/tex/latex/amsmath/amstext.sty
Package: amstext 2000/06/29 v2.01 AMS text

(/usr/share/texlive/texmf-dist/tex/latex/amsmath/amsgen.sty
File: amsgen.sty 1999/11/30 v2.0 generic functions
\@emptytoks=\toks19
\ex@=\dimen138
))
(/usr/share/texlive/texmf-dist/tex/latex/amsmath/amsbsy.sty
Package: amsbsy 1999/11/29 v1.2d Bold Symbols
\pmbraise@=\dimen139
)
(/usr/share/texlive/texmf-dist/tex/latex/amsmath/amsopn.sty
Package: amsopn 2016/03/08 v2.02 operator names
)
\inf@bad=\count175
LaTeX Info: Redefining \frac on input line 227.
\uproot@=\count176
\leftroot@=\count177
LaTeX Info: Redefining \overline on input line 389.
\classnum@=\count178
\DOTSCASE@=\count179
LaTeX Info: Redefining \ldots on input line 486.
LaTeX Info: Redefining \dots on input line 489.
LaTeX Info: Redefining \cdots on input line 610.
\Mathstrutbox@=\box45
\strutbox@=\box46
\big@size=\dimen140
LaTeX Font Info:    Redeclaring font encoding OML on input line 733.
LaTeX Font Info:    Redeclaring font encoding OMS on input line 734.
\macc@depth=\count180
\c@MaxMatrixCols=\count181
\dotsspace@=\muskip16
\c@parentequation=\count182
\dspbrk@lvl=\count183
\tag@help=\toks20
\row@=\count184
\column@=\count185
\maxfields@=\count186
\andhelp@=\toks21
\eqnshift@=\dimen141
\alignsep@=\dimen142
\tagshift@=\dimen143
\tagwidth@=\dimen144
\totwidth@=\dimen145
\lineht@=\dimen146
\@envbody=\toks22
\multlinegap=\skip51
\multlinetaggap=\skip52
\mathdisplay@stack=\toks23
LaTeX Info: Redefining \[ on input line 2859.
LaTeX Info: Redefining \] on input line 2860.
)
(/usr/share/texlive/texmf-dist/tex/latex/amsfonts/amsfonts.sty
Package: amsfonts 2013/01/14 v3.01 Basic AMSFonts support
\symAMSa=\mathgroup4
\symAMSb=\mathgroup5
LaTeX Font Info:    Redeclaring math symbol \hbar on input line 98.
LaTeX Font Info:    Overwriting math alphabet `\mathfrak' in version `bold'
(Font)                  U/euf/m/n --> U/euf/b/n on input line 106.
)
(/usr/share/texlive/texmf-dist/tex/latex/eqnarray/eqnarray.sty
equationarray 1.3 <December 1, 2010>
Package: eqnarray 
(/usr/share/texlive/texmf-dist/tex/latex/tools/array.sty
Package: array 2019/08/31 v2.4l Tabular extension package (FMi)
\col@sep=\dimen147
\ar@mcellbox=\box47
\extrarowheight=\dimen148
\NC@list=\toks24
\extratabsurround=\skip53
\backup@length=\skip54
\ar@cellbox=\box48
)
\@eqargcnt=\count187
)
(/usr/share/texlive/texmf-dist/tex/latex/tools/bm.sty
Package: bm 2019/07/24 v1.2d Bold Symbol Support (DPC/FMi)
\symboldoperators=\mathgroup6
\symboldletters=\mathgroup7
\symboldsymbols=\mathgroup8
LaTeX Font Info:    Redeclaring math alphabet \mathbf on input line 141.
LaTeX Info: Redefining \bm on input line 209.
)
(/usr/share/texlive/texmf-dist/tex/latex/multirow/multirow.sty
Package: multirow 2019/05/31 v2.5 Span multiple rows of a table
\multirow@colwidth=\skip55
\multirow@cntb=\count188
\multirow@dima=\skip56
\bigstrutjot=\dimen149
)
(/usr/share/texlive/texmf-dist/tex/latex/graphics/graphicx.sty
Package: graphicx 2019/11/30 v1.2a Enhanced LaTeX Graphics (DPC,SPQR)

(/usr/share/texlive/texmf-dist/tex/latex/graphics/keyval.sty
Package: keyval 2014/10/28 v1.15 key=value parser (DPC)
\KV@toks@=\toks25
)
(/usr/share/texlive/texmf-dist/tex/latex/graphics/graphics.sty
Package: graphics 2019/11/30 v1.4a Standard LaTeX Graphics (DPC,SPQR)

(/usr/share/texlive/texmf-dist/tex/latex/graphics/trig.sty
Package: trig 2016/01/03 v1.10 sin cos tan (DPC)
)
(/usr/share/texlive/texmf-dist/tex/latex/graphics-cfg/graphics.cfg
File: graphics.cfg 2016/06/04 v1.11 sample graphics configuration
)
Package graphics Info: Driver file: pdftex.def on input line 105.
)
\Gin@req@height=\dimen150
\Gin@req@width=\dimen151
)
(/usr/share/texlive/texmf-dist/tex/latex/booktabs/booktabs.sty
Package: booktabs 2020/01/12 v1.61803398 Publication quality tables
\heavyrulewidth=\dimen152
\lightrulewidth=\dimen153
\cmidrulewidth=\dimen154
\belowrulesep=\dimen155
\belowbottomsep=\dimen156
\aboverulesep=\dimen157
\abovetopsep=\dimen158
\cmidrulesep=\dimen159
\cmidrulekern=\dimen160
\defaultaddspace=\dimen161
\@cmidla=\count189
\@cmidlb=\count190
\@aboverulesep=\dimen162
\@belowrulesep=\dimen163
\@thisruleclass=\count191
\@lastruleclass=\count192
\@thisrulewidth=\dimen164
)
(/usr/share/texlive/texmf-dist/tex/latex/comment/comment.sty
\CommentStream=\write3

Excluding comment 'comment')
(/usr/share/texlive/texmf-dist/tex/latex/caption/subcaption.sty
Package: subcaption 2020/01/22 v1.3d Sub-captions (AR)

(/usr/share/texlive/texmf-dist/tex/latex/caption/caption.sty
Package: caption 2020/01/03 v3.4h Customizing captions (AR)

(/usr/share/texlive/texmf-dist/tex/latex/caption/caption3.sty
Package: caption3 2020/01/03 v1.8h caption3 kernel (AR)
Package caption3 Info: TeX engine: e-TeX on input line 61.
\captionmargin=\dimen165
\captionmargin@=\dimen166
\captionwidth=\dimen167
\caption@tempdima=\dimen168
\caption@indent=\dimen169
\caption@parindent=\dimen170
\caption@hangindent=\dimen171
Package caption Info: Standard document class detected.
)
\c@caption@flags=\count193
\c@continuedfloat=\count194
)
\c@subfigure=\count195
\c@subtable=\count196
)
(/usr/share/texlive/texmf-dist/tex/latex/listings/listings.sty
\lst@mode=\count197
\lst@gtempboxa=\box49
\lst@token=\toks26
\lst@length=\count198
\lst@currlwidth=\dimen172
\lst@column=\count199
\lst@pos=\count266
\lst@lostspace=\dimen173
\lst@width=\dimen174
\lst@newlines=\count267
\lst@lineno=\count268
\lst@maxwidth=\dimen175

(/usr/share/texlive/texmf-dist/tex/latex/listings/lstmisc.sty
File: lstmisc.sty 2019/09/10 1.8c (Carsten Heinz)
\c@lstnumber=\count269
\lst@skipnumbers=\count270
\lst@framebox=\box50
)
(/usr/share/texlive/texmf-dist/tex/latex/listings/listings.cfg
File: listings.cfg 2019/09/10 1.8c listings configuration
))
Package: listings 2019/09/10 1.8c (Carsten Heinz)

(/usr/share/texlive/texmf-dist/tex/latex/geometry/geometry.sty
Package: geometry 2020/01/02 v5.9 Page Geometry

(/usr/share/texlive/texmf-dist/tex/generic/iftex/ifvtex.sty
Package: ifvtex 2019/10/25 v1.7 ifvtex legacy package. Use iftex instead.

(/usr/share/texlive/texmf-dist/tex/generic/iftex/iftex.sty
Package: iftex 2019/11/07 v1.0c TeX engine tests
))
\Gm@cnth=\count271
\Gm@cntv=\count272
\c@Gm@tempcnt=\count273
\Gm@bindingoffset=\dimen176
\Gm@wd@mp=\dimen177
\Gm@odd@mp=\dimen178
\Gm@even@mp=\dimen179
\Gm@layoutwidth=\dimen180
\Gm@layoutheight=\dimen181
\Gm@layouthoffset=\dimen182
\Gm@layoutvoffset=\dimen183
\Gm@dimlist=\toks27
)
(/usr/share/texlive/texmf-dist/tex/latex/l3backend/l3backend-pdfmode.def
File: l3backend-pdfmode.def 2020-02-03 L3 backend support: PDF mode
\l__kernel_color_stack_int=\count274
\l__pdf_internal_box=\box51
)
(./main.aux)
\openout1 = `main.aux'.

LaTeX Font Info:    Checking defaults for OML/cmm/m/it on input line 25.
LaTeX Font Info:    ... okay on input line 25.
LaTeX Font Info:    Checking defaults for OMS/cmsy/m/n on input line 25.
LaTeX Font Info:    ... okay on input line 25.
LaTeX Font Info:    Checking defaults for OT1/cmr/m/n on input line 25.
LaTeX Font Info:    ... okay on input line 25.
LaTeX Font Info:    Checking defaults for T1/cmr/m/n on input line 25.
LaTeX Font Info:    ... okay on input line 25.
LaTeX Font Info:    Checking defaults for TS1/cmr/m/n on input line 25.
LaTeX Font Info:    ... okay on input line 25.
LaTeX Font Info:    Checking defaults for OMX/cmex/m/n on input line 25.
LaTeX Font Info:    ... okay on input line 25.
LaTeX Font Info:    Checking defaults for U/cmr/m/n on input line 25.
LaTeX Font Info:    ... okay on input line 25.
 (/usr/share/texlive/texmf-dist/tex/context/base/mkii/supp-pdf.mkii
[Loading MPS to PDF converter (version 2006.09.02).]
\scratchcounter=\count275
\scratchdimen=\dimen184
\scratchbox=\box52
\nofMPsegments=\count276
\nofMParguments=\count277
\everyMPshowfont=\toks28
\MPscratchCnt=\count278
\MPscratchDim=\dimen185
\MPnumerator=\count279
\makeMPintoPDFobject=\count280
\everyMPtoPDFconversion=\toks29
) (/usr/share/texlive/texmf-dist/tex/latex/epstopdf-pkg/epstopdf-base.sty
Package: epstopdf-base 2020-01-24 v2.11 Base part for package epstopdf
Package epstopdf-base Info: Redefining graphics rule for `.eps' on input line 4
85.

(/usr/share/texlive/texmf-dist/tex/latex/latexconfig/epstopdf-sys.cfg
File: epstopdf-sys.cfg 2010/07/13 v1.3 Configuration of (r)epstopdf for TeX Liv
e
))
Package caption Info: Begin \AtBeginDocument code.
Package caption Info: listings package is loaded.
Package caption Info: End \AtBeginDocument code.
\c@lstlisting=\count281

*geometry* driver: auto-detecting
*geometry* detected driver: pdftex
*geometry* verbose mode - [ preamble ] result:
* driver: pdftex
* paper: <default>
* layout: <same size as paper>
* layoutoffset:(h,v)=(0.0pt,0.0pt)
* modes: 
* h-part:(L,W,R)=(36.135pt, 542.02501pt, 36.135pt)
* v-part:(T,H,B)=(36.135pt, 722.7pt, 36.135pt)
* \paperwidth=614.295pt
* \paperheight=794.96999pt
* \textwidth=542.02501pt
* \textheight=722.7pt
* \oddsidemargin=-36.135pt
* \evensidemargin=-36.135pt
* \topmargin=-73.135pt
* \headheight=12.0pt
* \headsep=25.0pt
* \topskip=10.0pt
* \footskip=30.0pt
* \marginparwidth=65.0pt
* \marginparsep=11.0pt
* \columnsep=10.0pt
* \skip\footins=9.0pt plus 4.0pt minus 2.0pt
* \hoffset=0.0pt
* \voffset=0.0pt
* \mag=1000
* \@twocolumnfalse
* \@twosidefalse
* \@mparswitchfalse
* \@reversemarginfalse
* (1in=72.27pt=25.4mm, 1cm=28.453pt)

LaTeX Font Info:    Trying to load font information for U+msa on input line 26.

(/usr/share/texlive/texmf-dist/tex/latex/amsfonts/umsa.fd
File: umsa.fd 2013/01/14 v3.01 AMS symbols A
)
LaTeX Font Info:    Trying to load font information for U+msb on input line 26.


(/usr/share/texlive/texmf-dist/tex/latex/amsfonts/umsb.fd
File: umsb.fd 2013/01/14 v3.01 AMS symbols B
)
Underfull \hbox (badness 10000) in paragraph at lines 32--37

 []

[1

{/var/lib/texmf/fonts/map/pdftex/updmap/pdftex.map}] [2]
<../Images/cat.jpg, id=20, 501.875pt x 668.4975pt>
File: ../Images/cat.jpg Graphic file (type jpg)
<use ../Images/cat.jpg>
Package pdftex.def Info: ../Images/cat.jpg  used on input line 60.
(pdftex.def)             Requested size: 102.98607pt x 137.17548pt.
<../My_Code/Output/cat/textures_var_cat.jpg, id=21, 501.875pt x 668.4975pt>
File: ../My_Code/Output/cat/textures_var_cat.jpg Graphic file (type jpg)
<use ../My_Code/Output/cat/textures_var_cat.jpg>
Package pdftex.def Info: ../My_Code/Output/cat/textures_var_cat.jpg  used on in
put line 61.
(pdftex.def)             Requested size: 102.98607pt x 137.17548pt.
<../My_Code/Output/cat/cat_ch_0_otsu_gray_scale.jpg, id=22, 501.875pt x 668.497
5pt>
File: ../My_Code/Output/cat/cat_ch_0_otsu_gray_scale.jpg Graphic file (type jpg
)
<use ../My_Code/Output/cat/cat_ch_0_otsu_gray_scale.jpg>
Package pdftex.def Info: ../My_Code/Output/cat/cat_ch_0_otsu_gray_scale.jpg  us
ed on input line 68.
(pdftex.def)             Requested size: 102.98607pt x 137.17548pt.
<../My_Code/Output/cat/cat_ch_1_otsu_gray_scale.jpg, id=23, 501.875pt x 668.497
5pt>
File: ../My_Code/Output/cat/cat_ch_1_otsu_gray_scale.jpg Graphic file (type jpg
)
<use ../My_Code/Output/cat/cat_ch_1_otsu_gray_scale.jpg>
Package pdftex.def Info: ../My_Code/Output/cat/cat_ch_1_otsu_gray_scale.jpg  us
ed on input line 69.
(pdftex.def)             Requested size: 102.98607pt x 137.17548pt.
<../My_Code/Output/cat/cat_ch_2_otsu_gray_scale.jpg, id=24, 501.875pt x 668.497
5pt>
File: ../My_Code/Output/cat/cat_ch_2_otsu_gray_scale.jpg Graphic file (type jpg
)
<use ../My_Code/Output/cat/cat_ch_2_otsu_gray_scale.jpg>
Package pdftex.def Info: ../My_Code/Output/cat/cat_ch_2_otsu_gray_scale.jpg  us
ed on input line 70.
(pdftex.def)             Requested size: 102.98607pt x 137.17548pt.
<../My_Code/Output/cat/cat_otsu_RGB.jpg, id=25, 501.875pt x 668.4975pt>
File: ../My_Code/Output/cat/cat_otsu_RGB.jpg Graphic file (type jpg)
<use ../My_Code/Output/cat/cat_otsu_RGB.jpg>
Package pdftex.def Info: ../My_Code/Output/cat/cat_otsu_RGB.jpg  used on input 
line 71.
(pdftex.def)             Requested size: 102.98607pt x 137.17548pt.
<../My_Code/Output/cat/cat_contour_raw_otsu_RGB.jpg, id=26, 501.875pt x 668.497
5pt>
File: ../My_Code/Output/cat/cat_contour_raw_otsu_RGB.jpg Graphic file (type jpg
)
<use ../My_Code/Output/cat/cat_contour_raw_otsu_RGB.jpg>
Package pdftex.def Info: ../My_Code/Output/cat/cat_contour_raw_otsu_RGB.jpg  us
ed on input line 72.
(pdftex.def)             Requested size: 102.98607pt x 137.17548pt.
<../My_Code/Output/cat/cat_texture_ch_0_otsu_gray_scale.jpg, id=27, 501.875pt x
 668.4975pt>
File: ../My_Code/Output/cat/cat_texture_ch_0_otsu_gray_scale.jpg Graphic file (
type jpg)
<use ../My_Code/Output/cat/cat_texture_ch_0_otsu_gray_scale.jpg>
Package pdftex.def Info: ../My_Code/Output/cat/cat_texture_ch_0_otsu_gray_scale
.jpg  used on input line 79.
(pdftex.def)             Requested size: 102.98607pt x 137.17548pt.
<../My_Code/Output/cat/cat_texture_ch_1_otsu_gray_scale.jpg, id=28, 501.875pt x
 668.4975pt>
File: ../My_Code/Output/cat/cat_texture_ch_1_otsu_gray_scale.jpg Graphic file (
type jpg)
<use ../My_Code/Output/cat/cat_texture_ch_1_otsu_gray_scale.jpg>
Package pdftex.def Info: ../My_Code/Output/cat/cat_texture_ch_1_otsu_gray_scale
.jpg  used on input line 80.
(pdftex.def)             Requested size: 102.98607pt x 137.17548pt.
<../My_Code/Output/cat/cat_texture_ch_2_otsu_gray_scale.jpg, id=29, 501.875pt x
 668.4975pt>
File: ../My_Code/Output/cat/cat_texture_ch_2_otsu_gray_scale.jpg Graphic file (
type jpg)
<use ../My_Code/Output/cat/cat_texture_ch_2_otsu_gray_scale.jpg>
Package pdftex.def Info: ../My_Code/Output/cat/cat_texture_ch_2_otsu_gray_scale
.jpg  used on input line 81.
(pdftex.def)             Requested size: 102.98607pt x 137.17548pt.
<../My_Code/Output/cat/cat_texture_otsu_RGB.jpg, id=30, 501.875pt x 668.4975pt>

File: ../My_Code/Output/cat/cat_texture_otsu_RGB.jpg Graphic file (type jpg)
<use ../My_Code/Output/cat/cat_texture_otsu_RGB.jpg>
Package pdftex.def Info: ../My_Code/Output/cat/cat_texture_otsu_RGB.jpg  used o
n input line 82.
(pdftex.def)             Requested size: 102.98607pt x 137.17548pt.
<../My_Code/Output/cat/cat_contour_texture_otsu_RGB.jpg, id=31, 501.875pt x 668
.4975pt>
File: ../My_Code/Output/cat/cat_contour_texture_otsu_RGB.jpg Graphic file (type
 jpg)
<use ../My_Code/Output/cat/cat_contour_texture_otsu_RGB.jpg>
Package pdftex.def Info: ../My_Code/Output/cat/cat_contour_texture_otsu_RGB.jpg
  used on input line 83.
(pdftex.def)             Requested size: 102.98607pt x 137.17548pt.
 [3 <../Images/cat.jpg> <../My_Code/Output/cat/textures_var_cat.jpg> <../My_Cod
e/Output/cat/cat_ch_0_otsu_gray_scale.jpg> <../My_Code/Output/cat/cat_ch_1_otsu
_gray_scale.jpg> <../My_Code/Output/cat/cat_ch_2_otsu_gray_scale.jpg> <../My_Co
de/Output/cat/cat_otsu_RGB.jpg> <../My_Code/Output/cat/cat_contour_raw_otsu_RGB
.jpg> <../My_Code/Output/cat/cat_texture_ch_0_otsu_gray_scale.jpg> <../My_Code/
Output/cat/cat_texture_ch_1_otsu_gray_scale.jpg> <../My_Code/Output/cat/cat_tex
ture_ch_2_otsu_gray_scale.jpg> <../My_Code/Output/cat/cat_texture_otsu_RGB.jpg>
 <../My_Code/Output/cat/cat_contour_texture_otsu_RGB.jpg>]
<../Images/car.jpg, id=35, 602.25pt x 338.26375pt>
File: ../Images/car.jpg Graphic file (type jpg)
<use ../Images/car.jpg>
Package pdftex.def Info: ../Images/car.jpg  used on input line 94.
(pdftex.def)             Requested size: 108.40031pt x 81.29851pt.
<../My_Code/Output/car/textures_var_car.jpg, id=36, 602.25pt x 338.26375pt>
File: ../My_Code/Output/car/textures_var_car.jpg Graphic file (type jpg)
<use ../My_Code/Output/car/textures_var_car.jpg>
Package pdftex.def Info: ../My_Code/Output/car/textures_var_car.jpg  used on in
put line 95.
(pdftex.def)             Requested size: 108.40031pt x 81.29851pt.
<../My_Code/Output/car/car_ch_0_otsu_gray_scale.jpg, id=37, 602.25pt x 338.2637
5pt>
File: ../My_Code/Output/car/car_ch_0_otsu_gray_scale.jpg Graphic file (type jpg
)
<use ../My_Code/Output/car/car_ch_0_otsu_gray_scale.jpg>
Package pdftex.def Info: ../My_Code/Output/car/car_ch_0_otsu_gray_scale.jpg  us
ed on input line 102.
(pdftex.def)             Requested size: 102.97845pt x 81.29851pt.
<../My_Code/Output/car/car_ch_1_otsu_gray_scale.jpg, id=38, 602.25pt x 338.2637
5pt>
File: ../My_Code/Output/car/car_ch_1_otsu_gray_scale.jpg Graphic file (type jpg
)
<use ../My_Code/Output/car/car_ch_1_otsu_gray_scale.jpg>
Package pdftex.def Info: ../My_Code/Output/car/car_ch_1_otsu_gray_scale.jpg  us
ed on input line 103.
(pdftex.def)             Requested size: 102.97845pt x 81.29851pt.
<../My_Code/Output/car/car_ch_2_otsu_gray_scale.jpg, id=39, 602.25pt x 338.2637
5pt>
File: ../My_Code/Output/car/car_ch_2_otsu_gray_scale.jpg Graphic file (type jpg
)
<use ../My_Code/Output/car/car_ch_2_otsu_gray_scale.jpg>
Package pdftex.def Info: ../My_Code/Output/car/car_ch_2_otsu_gray_scale.jpg  us
ed on input line 104.
(pdftex.def)             Requested size: 102.97845pt x 81.29851pt.
<../My_Code/Output/car/car_otsu_RGB.jpg, id=40, 602.25pt x 338.26375pt>
File: ../My_Code/Output/car/car_otsu_RGB.jpg Graphic file (type jpg)
<use ../My_Code/Output/car/car_otsu_RGB.jpg>
Package pdftex.def Info: ../My_Code/Output/car/car_otsu_RGB.jpg  used on input 
line 105.
(pdftex.def)             Requested size: 102.97845pt x 81.29851pt.
<../My_Code/Output/car/car_contour_raw_otsu_RGB.jpg, id=41, 602.25pt x 338.2637
5pt>
File: ../My_Code/Output/car/car_contour_raw_otsu_RGB.jpg Graphic file (type jpg
)
<use ../My_Code/Output/car/car_contour_raw_otsu_RGB.jpg>
Package pdftex.def Info: ../My_Code/Output/car/car_contour_raw_otsu_RGB.jpg  us
ed on input line 106.
(pdftex.def)             Requested size: 102.97845pt x 81.29851pt.
<../My_Code/Output/car/car_texture_ch_0_otsu_gray_scale.jpg, id=42, 602.25pt x 
338.26375pt>
File: ../My_Code/Output/car/car_texture_ch_0_otsu_gray_scale.jpg Graphic file (
type jpg)
<use ../My_Code/Output/car/car_texture_ch_0_otsu_gray_scale.jpg>
Package pdftex.def Info: ../My_Code/Output/car/car_texture_ch_0_otsu_gray_scale
.jpg  used on input line 113.
(pdftex.def)             Requested size: 102.97845pt x 81.29851pt.
<../My_Code/Output/car/car_texture_ch_1_otsu_gray_scale.jpg, id=43, 602.25pt x 
338.26375pt>
File: ../My_Code/Output/car/car_texture_ch_1_otsu_gray_scale.jpg Graphic file (
type jpg)
<use ../My_Code/Output/car/car_texture_ch_1_otsu_gray_scale.jpg>
Package pdftex.def Info: ../My_Code/Output/car/car_texture_ch_1_otsu_gray_scale
.jpg  used on input line 114.
(pdftex.def)             Requested size: 102.97845pt x 81.29851pt.
<../My_Code/Output/car/car_texture_ch_2_otsu_gray_scale.jpg, id=44, 602.25pt x 
338.26375pt>
File: ../My_Code/Output/car/car_texture_ch_2_otsu_gray_scale.jpg Graphic file (
type jpg)
<use ../My_Code/Output/car/car_texture_ch_2_otsu_gray_scale.jpg>
Package pdftex.def Info: ../My_Code/Output/car/car_texture_ch_2_otsu_gray_scale
.jpg  used on input line 115.
(pdftex.def)             Requested size: 102.97845pt x 81.29851pt.
<../My_Code/Output/car/car_texture_otsu_RGB.jpg, id=45, 602.25pt x 338.26375pt>

File: ../My_Code/Output/car/car_texture_otsu_RGB.jpg Graphic file (type jpg)
<use ../My_Code/Output/car/car_texture_otsu_RGB.jpg>
Package pdftex.def Info: ../My_Code/Output/car/car_texture_otsu_RGB.jpg  used o
n input line 116.
(pdftex.def)             Requested size: 102.97845pt x 81.29851pt.
<../My_Code/Output/car/car_contour_texture_otsu_RGB.jpg, id=46, 602.25pt x 338.
26375pt>
File: ../My_Code/Output/car/car_contour_texture_otsu_RGB.jpg Graphic file (type
 jpg)
<use ../My_Code/Output/car/car_contour_texture_otsu_RGB.jpg>
Package pdftex.def Info: ../My_Code/Output/car/car_contour_texture_otsu_RGB.jpg
  used on input line 117.
(pdftex.def)             Requested size: 102.97845pt x 81.29851pt.
 [4 <../Images/car.jpg> <../My_Code/Output/car/textures_var_car.jpg> <../My_Cod
e/Output/car/car_ch_0_otsu_gray_scale.jpg> <../My_Code/Output/car/car_ch_1_otsu
_gray_scale.jpg> <../My_Code/Output/car/car_ch_2_otsu_gray_scale.jpg> <../My_Co
de/Output/car/car_otsu_RGB.jpg> <../My_Code/Output/car/car_contour_raw_otsu_RGB
.jpg> <../My_Code/Output/car/car_texture_ch_0_otsu_gray_scale.jpg> <../My_Code/
Output/car/car_texture_ch_1_otsu_gray_scale.jpg> <../My_Code/Output/car/car_tex
ture_ch_2_otsu_gray_scale.jpg> <../My_Code/Output/car/car_texture_otsu_RGB.jpg>
 <../My_Code/Output/car/car_contour_texture_otsu_RGB.jpg>]
<../Images/fox.jpg, id=50, 1006.76125pt x 620.3175pt>
File: ../Images/fox.jpg Graphic file (type jpg)
<use ../Images/fox.jpg>
Package pdftex.def Info: ../Images/fox.jpg  used on input line 128.
(pdftex.def)             Requested size: 108.3937pt x 81.29721pt.
<../My_Code/Output/fox/textures_var_fox.jpg, id=51, 1006.76125pt x 620.3175pt>
File: ../My_Code/Output/fox/textures_var_fox.jpg Graphic file (type jpg)
<use ../My_Code/Output/fox/textures_var_fox.jpg>
Package pdftex.def Info: ../My_Code/Output/fox/textures_var_fox.jpg  used on in
put line 129.
(pdftex.def)             Requested size: 108.3937pt x 81.29721pt.
<../My_Code/Output/fox/fox_ch_0_otsu_gray_scale.jpg, id=52, 1006.76125pt x 620.
3175pt>
File: ../My_Code/Output/fox/fox_ch_0_otsu_gray_scale.jpg Graphic file (type jpg
)
<use ../My_Code/Output/fox/fox_ch_0_otsu_gray_scale.jpg>
Package pdftex.def Info: ../My_Code/Output/fox/fox_ch_0_otsu_gray_scale.jpg  us
ed on input line 136.
(pdftex.def)             Requested size: 102.97095pt x 81.29721pt.
<../My_Code/Output/fox/fox_ch_1_otsu_gray_scale.jpg, id=53, 1006.76125pt x 620.
3175pt>
File: ../My_Code/Output/fox/fox_ch_1_otsu_gray_scale.jpg Graphic file (type jpg
)
<use ../My_Code/Output/fox/fox_ch_1_otsu_gray_scale.jpg>
Package pdftex.def Info: ../My_Code/Output/fox/fox_ch_1_otsu_gray_scale.jpg  us
ed on input line 137.
(pdftex.def)             Requested size: 102.97095pt x 81.29721pt.
<../My_Code/Output/fox/fox_ch_2_otsu_gray_scale.jpg, id=54, 1006.76125pt x 620.
3175pt>
File: ../My_Code/Output/fox/fox_ch_2_otsu_gray_scale.jpg Graphic file (type jpg
)
<use ../My_Code/Output/fox/fox_ch_2_otsu_gray_scale.jpg>
Package pdftex.def Info: ../My_Code/Output/fox/fox_ch_2_otsu_gray_scale.jpg  us
ed on input line 138.
(pdftex.def)             Requested size: 102.97095pt x 81.29721pt.
<../My_Code/Output/fox/fox_otsu_RGB.jpg, id=55, 1006.76125pt x 620.3175pt>
File: ../My_Code/Output/fox/fox_otsu_RGB.jpg Graphic file (type jpg)
<use ../My_Code/Output/fox/fox_otsu_RGB.jpg>
Package pdftex.def Info: ../My_Code/Output/fox/fox_otsu_RGB.jpg  used on input 
line 139.
(pdftex.def)             Requested size: 102.97095pt x 81.29721pt.
<../My_Code/Output/fox/fox_contour_raw_otsu_RGB.jpg, id=56, 1006.76125pt x 620.
3175pt>
File: ../My_Code/Output/fox/fox_contour_raw_otsu_RGB.jpg Graphic file (type jpg
)
<use ../My_Code/Output/fox/fox_contour_raw_otsu_RGB.jpg>
Package pdftex.def Info: ../My_Code/Output/fox/fox_contour_raw_otsu_RGB.jpg  us
ed on input line 140.
(pdftex.def)             Requested size: 102.97095pt x 81.29721pt.
<../My_Code/Output/fox/fox_texture_ch_0_otsu_gray_scale.jpg, id=57, 1006.76125p
t x 620.3175pt>
File: ../My_Code/Output/fox/fox_texture_ch_0_otsu_gray_scale.jpg Graphic file (
type jpg)
<use ../My_Code/Output/fox/fox_texture_ch_0_otsu_gray_scale.jpg>
Package pdftex.def Info: ../My_Code/Output/fox/fox_texture_ch_0_otsu_gray_scale
.jpg  used on input line 147.
(pdftex.def)             Requested size: 102.97095pt x 81.29721pt.
<../My_Code/Output/fox/fox_texture_ch_1_otsu_gray_scale.jpg, id=58, 1006.76125p
t x 620.3175pt>
File: ../My_Code/Output/fox/fox_texture_ch_1_otsu_gray_scale.jpg Graphic file (
type jpg)
<use ../My_Code/Output/fox/fox_texture_ch_1_otsu_gray_scale.jpg>
Package pdftex.def Info: ../My_Code/Output/fox/fox_texture_ch_1_otsu_gray_scale
.jpg  used on input line 148.
(pdftex.def)             Requested size: 102.97095pt x 81.29721pt.
<../My_Code/Output/fox/fox_texture_ch_2_otsu_gray_scale.jpg, id=59, 1006.76125p
t x 620.3175pt>
File: ../My_Code/Output/fox/fox_texture_ch_2_otsu_gray_scale.jpg Graphic file (
type jpg)
<use ../My_Code/Output/fox/fox_texture_ch_2_otsu_gray_scale.jpg>
Package pdftex.def Info: ../My_Code/Output/fox/fox_texture_ch_2_otsu_gray_scale
.jpg  used on input line 149.
(pdftex.def)             Requested size: 102.97095pt x 81.29721pt.
<../My_Code/Output/fox/fox_texture_otsu_RGB.jpg, id=60, 1006.76125pt x 620.3175
pt>
File: ../My_Code/Output/fox/fox_texture_otsu_RGB.jpg Graphic file (type jpg)
<use ../My_Code/Output/fox/fox_texture_otsu_RGB.jpg>
Package pdftex.def Info: ../My_Code/Output/fox/fox_texture_otsu_RGB.jpg  used o
n input line 150.
(pdftex.def)             Requested size: 102.97095pt x 81.29721pt.
<../My_Code/Output/fox/fox_contour_texture_otsu_RGB.jpg, id=61, 1006.76125pt x 
620.3175pt>
File: ../My_Code/Output/fox/fox_contour_texture_otsu_RGB.jpg Graphic file (type
 jpg)
<use ../My_Code/Output/fox/fox_contour_texture_otsu_RGB.jpg>
Package pdftex.def Info: ../My_Code/Output/fox/fox_contour_texture_otsu_RGB.jpg
  used on input line 151.
(pdftex.def)             Requested size: 102.97095pt x 81.29721pt.
 [5 <../Images/fox.jpg> <../My_Code/Output/fox/textures_var_fox.jpg> <../My_Cod
e/Output/fox/fox_ch_0_otsu_gray_scale.jpg> <../My_Code/Output/fox/fox_ch_1_otsu
_gray_scale.jpg> <../My_Code/Output/fox/fox_ch_2_otsu_gray_scale.jpg> <../My_Co
de/Output/fox/fox_otsu_RGB.jpg> <../My_Code/Output/fox/fox_contour_raw_otsu_RGB
.jpg> <../My_Code/Output/fox/fox_texture_ch_0_otsu_gray_scale.jpg> <../My_Code/
Output/fox/fox_texture_ch_1_otsu_gray_scale.jpg> <../My_Code/Output/fox/fox_tex
ture_ch_2_otsu_gray_scale.jpg> <../My_Code/Output/fox/fox_texture_otsu_RGB.jpg>
 <../My_Code/Output/fox/fox_contour_texture_otsu_RGB.jpg>]
<../Images/portrait.jpg, id=65, 1204.5pt x 903.375pt>
File: ../Images/portrait.jpg Graphic file (type jpg)
<use ../Images/portrait.jpg>
Package pdftex.def Info: ../Images/portrait.jpg  used on input line 162.
(pdftex.def)             Requested size: 108.40334pt x 81.30023pt.
<../My_Code/Output/portrait/textures_var_portrait.jpg, id=66, 1204.5pt x 903.37
5pt>
File: ../My_Code/Output/portrait/textures_var_portrait.jpg Graphic file (type j
pg)
<use ../My_Code/Output/portrait/textures_var_portrait.jpg>
Package pdftex.def Info: ../My_Code/Output/portrait/textures_var_portrait.jpg  
used on input line 163.
(pdftex.def)             Requested size: 108.40334pt x 81.30023pt.
<../My_Code/Output/portrait/portrait_ch_0_otsu_gray_scale.jpg, id=67, 1204.5pt 
x 903.375pt>
File: ../My_Code/Output/portrait/portrait_ch_0_otsu_gray_scale.jpg Graphic file
 (type jpg)
<use ../My_Code/Output/portrait/portrait_ch_0_otsu_gray_scale.jpg>
Package pdftex.def Info: ../My_Code/Output/portrait/portrait_ch_0_otsu_gray_sca
le.jpg  used on input line 169.
(pdftex.def)             Requested size: 102.98607pt x 77.23384pt.
<../My_Code/Output/portrait/portrait_ch_1_otsu_gray_scale.jpg, id=68, 1204.5pt 
x 903.375pt>
File: ../My_Code/Output/portrait/portrait_ch_1_otsu_gray_scale.jpg Graphic file
 (type jpg)
<use ../My_Code/Output/portrait/portrait_ch_1_otsu_gray_scale.jpg>
Package pdftex.def Info: ../My_Code/Output/portrait/portrait_ch_1_otsu_gray_sca
le.jpg  used on input line 170.
(pdftex.def)             Requested size: 102.98607pt x 77.23384pt.
<../My_Code/Output/portrait/portrait_ch_2_otsu_gray_scale.jpg, id=69, 1204.5pt 
x 903.375pt>
File: ../My_Code/Output/portrait/portrait_ch_2_otsu_gray_scale.jpg Graphic file
 (type jpg)
<use ../My_Code/Output/portrait/portrait_ch_2_otsu_gray_scale.jpg>
Package pdftex.def Info: ../My_Code/Output/portrait/portrait_ch_2_otsu_gray_sca
le.jpg  used on input line 171.
(pdftex.def)             Requested size: 102.98607pt x 77.23384pt.
<../My_Code/Output/portrait/portrait_otsu_RGB.jpg, id=70, 1204.5pt x 903.375pt>

File: ../My_Code/Output/portrait/portrait_otsu_RGB.jpg Graphic file (type jpg)
<use ../My_Code/Output/portrait/portrait_otsu_RGB.jpg>
Package pdftex.def Info: ../My_Code/Output/portrait/portrait_otsu_RGB.jpg  used
 on input line 172.
(pdftex.def)             Requested size: 102.98607pt x 77.23384pt.
<../My_Code/Output/portrait/portrait_contour_raw_otsu_RGB.jpg, id=71, 1204.5pt 
x 903.375pt>
File: ../My_Code/Output/portrait/portrait_contour_raw_otsu_RGB.jpg Graphic file
 (type jpg)
<use ../My_Code/Output/portrait/portrait_contour_raw_otsu_RGB.jpg>
Package pdftex.def Info: ../My_Code/Output/portrait/portrait_contour_raw_otsu_R
GB.jpg  used on input line 173.
(pdftex.def)             Requested size: 102.98607pt x 77.23384pt.
<../My_Code/Output/portrait/portrait_texture_ch_0_otsu_gray_scale.jpg, id=72, 1
204.5pt x 903.375pt>
File: ../My_Code/Output/portrait/portrait_texture_ch_0_otsu_gray_scale.jpg Grap
hic file (type jpg)
<use ../My_Code/Output/portrait/portrait_texture_ch_0_otsu_gray_scale.jpg>
Package pdftex.def Info: ../My_Code/Output/portrait/portrait_texture_ch_0_otsu_
gray_scale.jpg  used on input line 179.
(pdftex.def)             Requested size: 102.98607pt x 77.23384pt.
<../My_Code/Output/portrait/portrait_texture_ch_1_otsu_gray_scale.jpg, id=73, 1
204.5pt x 903.375pt>
File: ../My_Code/Output/portrait/portrait_texture_ch_1_otsu_gray_scale.jpg Grap
hic file (type jpg)
<use ../My_Code/Output/portrait/portrait_texture_ch_1_otsu_gray_scale.jpg>
Package pdftex.def Info: ../My_Code/Output/portrait/portrait_texture_ch_1_otsu_
gray_scale.jpg  used on input line 180.
(pdftex.def)             Requested size: 102.98607pt x 77.23384pt.
<../My_Code/Output/portrait/portrait_texture_ch_2_otsu_gray_scale.jpg, id=74, 1
204.5pt x 903.375pt>
File: ../My_Code/Output/portrait/portrait_texture_ch_2_otsu_gray_scale.jpg Grap
hic file (type jpg)
<use ../My_Code/Output/portrait/portrait_texture_ch_2_otsu_gray_scale.jpg>
Package pdftex.def Info: ../My_Code/Output/portrait/portrait_texture_ch_2_otsu_
gray_scale.jpg  used on input line 181.
(pdftex.def)             Requested size: 102.98607pt x 77.23384pt.
<../My_Code/Output/portrait/portrait_texture_otsu_RGB.jpg, id=75, 1204.5pt x 90
3.375pt>
File: ../My_Code/Output/portrait/portrait_texture_otsu_RGB.jpg Graphic file (ty
pe jpg)
<use ../My_Code/Output/portrait/portrait_texture_otsu_RGB.jpg>
Package pdftex.def Info: ../My_Code/Output/portrait/portrait_texture_otsu_RGB.j
pg  used on input line 182.
(pdftex.def)             Requested size: 102.98607pt x 77.23384pt.
<../My_Code/Output/portrait/portrait_contour_texture_otsu_RGB.jpg, id=76, 1204.
5pt x 903.375pt>
File: ../My_Code/Output/portrait/portrait_contour_texture_otsu_RGB.jpg Graphic 
file (type jpg)
<use ../My_Code/Output/portrait/portrait_contour_texture_otsu_RGB.jpg>
Package pdftex.def Info: ../My_Code/Output/portrait/portrait_contour_texture_ot
su_RGB.jpg  used on input line 183.
(pdftex.def)             Requested size: 102.98607pt x 77.23384pt.

[6 <../Images/portrait.jpg> <../My_Code/Output/portrait/textures_var_portrait.j
pg> <../My_Code/Output/portrait/portrait_ch_0_otsu_gray_scale.jpg> <../My_Code/
Output/portrait/portrait_ch_1_otsu_gray_scale.jpg> <../My_Code/Output/portrait/
portrait_ch_2_otsu_gray_scale.jpg> <../My_Code/Output/portrait/portrait_otsu_RG
B.jpg> <../My_Code/Output/portrait/portrait_contour_raw_otsu_RGB.jpg> <../My_Co
de/Output/portrait/portrait_texture_ch_0_otsu_gray_scale.jpg> <../My_Code/Outpu
t/portrait/portrait_texture_ch_1_otsu_gray_scale.jpg> <../My_Code/Output/portra
it/portrait_texture_ch_2_otsu_gray_scale.jpg> <../My_Code/Output/portrait/portr
ait_texture_otsu_RGB.jpg> <../My_Code/Output/portrait/portrait_contour_texture_
otsu_RGB.jpg>] [7]
(/usr/share/texlive/texmf-dist/tex/latex/listings/lstlang1.sty
File: lstlang1.sty 2019/09/10 1.8c listings language file
)
LaTeX Font Info:    Trying to load font information for OML+cmr on input line 2
21.

(/usr/share/texlive/texmf-dist/tex/latex/base/omlcmr.fd
File: omlcmr.fd 2019/12/16 v2.5j Standard LaTeX font definitions
)
LaTeX Font Info:    Font shape `OML/cmr/m/n' in size <10> not available
(Font)              Font shape `OML/cmm/m/it' tried instead on input line 221.

Overfull \hbox (183.98238pt too wide) in paragraph at lines 227--228
[][][][][][][][][][][][][][][][][][][][][][][][][][][][][] 
 []


Overfull \hbox (237.98293pt too wide) in paragraph at lines 231--232
[][][][][][][][][][][][][][][][][][][][][][][][][][][][][][][][][][][][] 
 []


Overfull \hbox (309.98366pt too wide) in paragraph at lines 235--236
[][][][][][][][][][][][][][][][][][][][][][][][][][][][][][][][][][][][] 
 []


Overfull \hbox (129.98183pt too wide) in paragraph at lines 237--238
[][][][][][][][][][][][][][][][][][][][][][][][][][][][][][][][][][][] 
 []


Overfull \hbox (9.9806pt too wide) in paragraph at lines 240--241
[][][][][][][][][][][][][][][][][][][][][][][][][][][][][][][][][][][] 
 []

[8]
Overfull \hbox (123.98177pt too wide) in paragraph at lines 268--269
[][][][][][][][][][][][][][][][][][][][][][][][][][][][][][][][][][][][][][][][
] 
 []

LaTeX Font Info:    Trying to load font information for OMS+cmr on input line 2
78.
(/usr/share/texlive/texmf-dist/tex/latex/base/omscmr.fd
File: omscmr.fd 2019/12/16 v2.5j Standard LaTeX font definitions
)
LaTeX Font Info:    Font shape `OMS/cmr/m/n' in size <10> not available
(Font)              Font shape `OMS/cmsy/m/n' tried instead on input line 278.

Overfull \hbox (9.9806pt too wide) in paragraph at lines 279--280
[][][][][][][][][][][][][][][][][][][][][][][][][][][][][][][] 
 []


Overfull \hbox (201.98256pt too wide) in paragraph at lines 283--284
[][][][][][][][][][][][][][][][][][][][][][][] 
 []


Overfull \hbox (201.98256pt too wide) in paragraph at lines 285--286
[][][][][][][][][][][][][][][][][][][][][][][] 
 []


Overfull \hbox (51.98103pt too wide) in paragraph at lines 296--297
[][][][][][][][][][][][][][][][][][][][][][][][][][][][][] 
 []


Overfull \hbox (21.98073pt too wide) in paragraph at lines 300--301
[][][][][][][][][][][][][][][][][][][][][][][][][][][] 
 []

[9] [10] (./main.aux) ) 
Here is how much of TeX's memory you used:
 6312 strings out of 481239
 99989 string characters out of 5920377
 554092 words of memory out of 5000000
 21439 multiletter control sequences out of 15000+600000
 546782 words of font info for 76 fonts, out of 8000000 for 9000
 1141 hyphenation exceptions out of 8191
 48i,9n,46p,954b,1731s stack positions out of 5000i,500n,10000p,200000b,80000s
{/usr/share/texmf/fonts/enc/dvips/cm-super/cm-super-ts1.
enc}</usr/share/texlive/texmf-dist/fonts/type1/public/amsfonts/cm/cmbx10.pfb></
usr/share/texlive/texmf-dist/fonts/type1/public/amsfonts/cm/cmbx12.pfb></usr/sh
are/texlive/texmf-dist/fonts/type1/public/amsfonts/cm/cmex10.pfb></usr/share/te
xlive/texmf-dist/fonts/type1/public/amsfonts/cm/cmmi10.pfb></usr/share/texlive/
texmf-dist/fonts/type1/public/amsfonts/cm/cmmi7.pfb></usr/share/texlive/texmf-d
ist/fonts/type1/public/amsfonts/cm/cmr10.pfb></usr/share/texlive/texmf-dist/fon
ts/type1/public/amsfonts/cm/cmr12.pfb></usr/share/texlive/texmf-dist/fonts/type
1/public/amsfonts/cm/cmr17.pfb></usr/share/texlive/texmf-dist/fonts/type1/publi
c/amsfonts/cm/cmr5.pfb></usr/share/texlive/texmf-dist/fonts/type1/public/amsfon
ts/cm/cmr7.pfb></usr/share/texlive/texmf-dist/fonts/type1/public/amsfonts/cm/cm
sy10.pfb></usr/share/texlive/texmf-dist/fonts/type1/public/amsfonts/cm/cmti10.p
fb></usr/share/texmf/fonts/type1/public/cm-super/sfrm1000.pfb></usr/share/texmf
/fonts/type1/public/cm-super/sfti1000.pfb>
Output written on main.pdf (10 pages, 6169747 bytes).
PDF statistics:
 142 PDF objects out of 1000 (max. 8388607)
 67 compressed objects within 1 object stream
 0 named destinations out of 1000 (max. 500000)
 241 words of extra memory for PDF output out of 10000 (max. 10000000)

