This is pdfTeX, Version 3.14159265-2.6-1.40.20 (TeX Live 2019/Debian) (preloaded format=pdflatex 2022.3.17)  8 DEC 2022 00:03
entering extended mode
 restricted \write18 enabled.
 %&-line parsing enabled.
**main.tex
(./main.tex
LaTeX2e <2020-02-02> patch level 2
L3 programming layer <2020-02-14>
(/usr/share/texlive/texmf-dist/tex/latex/base/article.cls
Document Class: article 2019/12/20 v1.4l Standard LaTeX document class
(/usr/share/texlive/texmf-dist/tex/latex/base/size10.clo
File: size10.clo 2019/12/20 v1.4l Standard LaTeX file (size option)
)
\c@part=\count167
\c@section=\count168
\c@subsection=\count169
\c@subsubsection=\count170
\c@paragraph=\count171
\c@subparagraph=\count172
\c@figure=\count173
\c@table=\count174
\abovecaptionskip=\skip47
\belowcaptionskip=\skip48
\bibindent=\dimen134
)
(/usr/share/texlive/texmf-dist/tex/latex/graphics/color.sty
Package: color 2019/11/23 v1.2a Standard LaTeX Color (DPC)

(/usr/share/texlive/texmf-dist/tex/latex/graphics-cfg/color.cfg
File: color.cfg 2016/01/02 v1.6 sample color configuration
)
Package color Info: Driver file: pdftex.def on input line 147.

(/usr/share/texlive/texmf-dist/tex/latex/graphics-def/pdftex.def
File: pdftex.def 2018/01/08 v1.0l Graphics/color driver for pdftex
))
(/usr/share/texlive/texmf-dist/tex/latex/soul/soul.sty
Package: soul 2003/11/17 v2.4 letterspacing/underlining (mf)
\SOUL@word=\toks14
\SOUL@lasttoken=\toks15
\SOUL@cmds=\toks16
\SOUL@buffer=\toks17
\SOUL@token=\toks18
\SOUL@spaceskip=\skip49
\SOUL@ttwidth=\dimen135
\SOUL@uldp=\dimen136
\SOUL@ulht=\dimen137
)
(/usr/share/texlive/texmf-dist/tex/latex/amsmath/amsmath.sty
Package: amsmath 2020/01/20 v2.17e AMS math features
\@mathmargin=\skip50

For additional information on amsmath, use the `?' option.
(/usr/share/texlive/texmf-dist/tex/latex/amsmath/amstext.sty
Package: amstext 2000/06/29 v2.01 AMS text

(/usr/share/texlive/texmf-dist/tex/latex/amsmath/amsgen.sty
File: amsgen.sty 1999/11/30 v2.0 generic functions
\@emptytoks=\toks19
\ex@=\dimen138
))
(/usr/share/texlive/texmf-dist/tex/latex/amsmath/amsbsy.sty
Package: amsbsy 1999/11/29 v1.2d Bold Symbols
\pmbraise@=\dimen139
)
(/usr/share/texlive/texmf-dist/tex/latex/amsmath/amsopn.sty
Package: amsopn 2016/03/08 v2.02 operator names
)
\inf@bad=\count175
LaTeX Info: Redefining \frac on input line 227.
\uproot@=\count176
\leftroot@=\count177
LaTeX Info: Redefining \overline on input line 389.
\classnum@=\count178
\DOTSCASE@=\count179
LaTeX Info: Redefining \ldots on input line 486.
LaTeX Info: Redefining \dots on input line 489.
LaTeX Info: Redefining \cdots on input line 610.
\Mathstrutbox@=\box45
\strutbox@=\box46
\big@size=\dimen140
LaTeX Font Info:    Redeclaring font encoding OML on input line 733.
LaTeX Font Info:    Redeclaring font encoding OMS on input line 734.
\macc@depth=\count180
\c@MaxMatrixCols=\count181
\dotsspace@=\muskip16
\c@parentequation=\count182
\dspbrk@lvl=\count183
\tag@help=\toks20
\row@=\count184
\column@=\count185
\maxfields@=\count186
\andhelp@=\toks21
\eqnshift@=\dimen141
\alignsep@=\dimen142
\tagshift@=\dimen143
\tagwidth@=\dimen144
\totwidth@=\dimen145
\lineht@=\dimen146
\@envbody=\toks22
\multlinegap=\skip51
\multlinetaggap=\skip52
\mathdisplay@stack=\toks23
LaTeX Info: Redefining \[ on input line 2859.
LaTeX Info: Redefining \] on input line 2860.
)
(/usr/share/texlive/texmf-dist/tex/latex/amsfonts/amsfonts.sty
Package: amsfonts 2013/01/14 v3.01 Basic AMSFonts support
\symAMSa=\mathgroup4
\symAMSb=\mathgroup5
LaTeX Font Info:    Redeclaring math symbol \hbar on input line 98.
LaTeX Font Info:    Overwriting math alphabet `\mathfrak' in version `bold'
(Font)                  U/euf/m/n --> U/euf/b/n on input line 106.
)
(/usr/share/texlive/texmf-dist/tex/latex/eqnarray/eqnarray.sty
equationarray 1.3 <December 1, 2010>
Package: eqnarray 
(/usr/share/texlive/texmf-dist/tex/latex/tools/array.sty
Package: array 2019/08/31 v2.4l Tabular extension package (FMi)
\col@sep=\dimen147
\ar@mcellbox=\box47
\extrarowheight=\dimen148
\NC@list=\toks24
\extratabsurround=\skip53
\backup@length=\skip54
\ar@cellbox=\box48
)
\@eqargcnt=\count187
)
(/usr/share/texlive/texmf-dist/tex/latex/tools/bm.sty
Package: bm 2019/07/24 v1.2d Bold Symbol Support (DPC/FMi)
\symboldoperators=\mathgroup6
\symboldletters=\mathgroup7
\symboldsymbols=\mathgroup8
LaTeX Font Info:    Redeclaring math alphabet \mathbf on input line 141.
LaTeX Info: Redefining \bm on input line 209.
)
(/usr/share/texlive/texmf-dist/tex/latex/multirow/multirow.sty
Package: multirow 2019/05/31 v2.5 Span multiple rows of a table
\multirow@colwidth=\skip55
\multirow@cntb=\count188
\multirow@dima=\skip56
\bigstrutjot=\dimen149
)
(/usr/share/texlive/texmf-dist/tex/latex/graphics/graphicx.sty
Package: graphicx 2019/11/30 v1.2a Enhanced LaTeX Graphics (DPC,SPQR)

(/usr/share/texlive/texmf-dist/tex/latex/graphics/keyval.sty
Package: keyval 2014/10/28 v1.15 key=value parser (DPC)
\KV@toks@=\toks25
)
(/usr/share/texlive/texmf-dist/tex/latex/graphics/graphics.sty
Package: graphics 2019/11/30 v1.4a Standard LaTeX Graphics (DPC,SPQR)

(/usr/share/texlive/texmf-dist/tex/latex/graphics/trig.sty
Package: trig 2016/01/03 v1.10 sin cos tan (DPC)
)
(/usr/share/texlive/texmf-dist/tex/latex/graphics-cfg/graphics.cfg
File: graphics.cfg 2016/06/04 v1.11 sample graphics configuration
)
Package graphics Info: Driver file: pdftex.def on input line 105.
)
\Gin@req@height=\dimen150
\Gin@req@width=\dimen151
)
(/usr/share/texlive/texmf-dist/tex/latex/booktabs/booktabs.sty
Package: booktabs 2020/01/12 v1.61803398 Publication quality tables
\heavyrulewidth=\dimen152
\lightrulewidth=\dimen153
\cmidrulewidth=\dimen154
\belowrulesep=\dimen155
\belowbottomsep=\dimen156
\aboverulesep=\dimen157
\abovetopsep=\dimen158
\cmidrulesep=\dimen159
\cmidrulekern=\dimen160
\defaultaddspace=\dimen161
\@cmidla=\count189
\@cmidlb=\count190
\@aboverulesep=\dimen162
\@belowrulesep=\dimen163
\@thisruleclass=\count191
\@lastruleclass=\count192
\@thisrulewidth=\dimen164
)
(/usr/share/texlive/texmf-dist/tex/latex/comment/comment.sty
\CommentStream=\write3

Excluding comment 'comment')
(/usr/share/texlive/texmf-dist/tex/latex/caption/subcaption.sty
Package: subcaption 2020/01/22 v1.3d Sub-captions (AR)

(/usr/share/texlive/texmf-dist/tex/latex/caption/caption.sty
Package: caption 2020/01/03 v3.4h Customizing captions (AR)

(/usr/share/texlive/texmf-dist/tex/latex/caption/caption3.sty
Package: caption3 2020/01/03 v1.8h caption3 kernel (AR)
Package caption3 Info: TeX engine: e-TeX on input line 61.
\captionmargin=\dimen165
\captionmargin@=\dimen166
\captionwidth=\dimen167
\caption@tempdima=\dimen168
\caption@indent=\dimen169
\caption@parindent=\dimen170
\caption@hangindent=\dimen171
Package caption Info: Standard document class detected.
)
\c@caption@flags=\count193
\c@continuedfloat=\count194
)
\c@subfigure=\count195
\c@subtable=\count196
)
(/usr/share/texlive/texmf-dist/tex/latex/listings/listings.sty
\lst@mode=\count197
\lst@gtempboxa=\box49
\lst@token=\toks26
\lst@length=\count198
\lst@currlwidth=\dimen172
\lst@column=\count199
\lst@pos=\count266
\lst@lostspace=\dimen173
\lst@width=\dimen174
\lst@newlines=\count267
\lst@lineno=\count268
\lst@maxwidth=\dimen175

(/usr/share/texlive/texmf-dist/tex/latex/listings/lstmisc.sty
File: lstmisc.sty 2019/09/10 1.8c (Carsten Heinz)
\c@lstnumber=\count269
\lst@skipnumbers=\count270
\lst@framebox=\box50
)
(/usr/share/texlive/texmf-dist/tex/latex/listings/listings.cfg
File: listings.cfg 2019/09/10 1.8c listings configuration
))
Package: listings 2019/09/10 1.8c (Carsten Heinz)

(/usr/share/texlive/texmf-dist/tex/latex/pythonhighlight/pythonhighlight.sty
Package: pythonhighlight 2017/02/09 python code highlighting; provided by Olivi
er Verdier <olivier.verdier@gmail.com>

(/usr/share/texlive/texmf-dist/tex/latex/xcolor/xcolor.sty
Package: xcolor 2016/05/11 v2.12 LaTeX color extensions (UK)

(/usr/share/texlive/texmf-dist/tex/latex/graphics-cfg/color.cfg
File: color.cfg 2016/01/02 v1.6 sample color configuration
)
Package xcolor Info: Driver file: pdftex.def on input line 225.
LaTeX Info: Redefining \color on input line 709.
Package xcolor Info: Model `cmy' substituted by `cmy0' on input line 1348.
Package xcolor Info: Model `hsb' substituted by `rgb' on input line 1352.
Package xcolor Info: Model `RGB' extended on input line 1364.
Package xcolor Info: Model `HTML' substituted by `rgb' on input line 1366.
Package xcolor Info: Model `Hsb' substituted by `hsb' on input line 1367.
Package xcolor Info: Model `tHsb' substituted by `hsb' on input line 1368.
Package xcolor Info: Model `HSB' substituted by `hsb' on input line 1369.
Package xcolor Info: Model `Gray' substituted by `gray' on input line 1370.
Package xcolor Info: Model `wave' substituted by `hsb' on input line 1371.
))
(/usr/share/texlive/texmf-dist/tex/latex/geometry/geometry.sty
Package: geometry 2020/01/02 v5.9 Page Geometry

(/usr/share/texlive/texmf-dist/tex/generic/iftex/ifvtex.sty
Package: ifvtex 2019/10/25 v1.7 ifvtex legacy package. Use iftex instead.

(/usr/share/texlive/texmf-dist/tex/generic/iftex/iftex.sty
Package: iftex 2019/11/07 v1.0c TeX engine tests
))
\Gm@cnth=\count271
\Gm@cntv=\count272
\c@Gm@tempcnt=\count273
\Gm@bindingoffset=\dimen176
\Gm@wd@mp=\dimen177
\Gm@odd@mp=\dimen178
\Gm@even@mp=\dimen179
\Gm@layoutwidth=\dimen180
\Gm@layoutheight=\dimen181
\Gm@layouthoffset=\dimen182
\Gm@layoutvoffset=\dimen183
\Gm@dimlist=\toks27
)
(/usr/share/texlive/texmf-dist/tex/latex/l3backend/l3backend-pdfmode.def
File: l3backend-pdfmode.def 2020-02-03 L3 backend support: PDF mode
\l__kernel_color_stack_int=\count274
\l__pdf_internal_box=\box51
)
(./main.aux)
\openout1 = `main.aux'.

LaTeX Font Info:    Checking defaults for OML/cmm/m/it on input line 26.
LaTeX Font Info:    ... okay on input line 26.
LaTeX Font Info:    Checking defaults for OMS/cmsy/m/n on input line 26.
LaTeX Font Info:    ... okay on input line 26.
LaTeX Font Info:    Checking defaults for OT1/cmr/m/n on input line 26.
LaTeX Font Info:    ... okay on input line 26.
LaTeX Font Info:    Checking defaults for T1/cmr/m/n on input line 26.
LaTeX Font Info:    ... okay on input line 26.
LaTeX Font Info:    Checking defaults for TS1/cmr/m/n on input line 26.
LaTeX Font Info:    ... okay on input line 26.
LaTeX Font Info:    Checking defaults for OMX/cmex/m/n on input line 26.
LaTeX Font Info:    ... okay on input line 26.
LaTeX Font Info:    Checking defaults for U/cmr/m/n on input line 26.
LaTeX Font Info:    ... okay on input line 26.
 (/usr/share/texlive/texmf-dist/tex/context/base/mkii/supp-pdf.mkii
[Loading MPS to PDF converter (version 2006.09.02).]
\scratchcounter=\count275
\scratchdimen=\dimen184
\scratchbox=\box52
\nofMPsegments=\count276
\nofMParguments=\count277
\everyMPshowfont=\toks28
\MPscratchCnt=\count278
\MPscratchDim=\dimen185
\MPnumerator=\count279
\makeMPintoPDFobject=\count280
\everyMPtoPDFconversion=\toks29
) (/usr/share/texlive/texmf-dist/tex/latex/epstopdf-pkg/epstopdf-base.sty
Package: epstopdf-base 2020-01-24 v2.11 Base part for package epstopdf
Package epstopdf-base Info: Redefining graphics rule for `.eps' on input line 4
85.

(/usr/share/texlive/texmf-dist/tex/latex/latexconfig/epstopdf-sys.cfg
File: epstopdf-sys.cfg 2010/07/13 v1.3 Configuration of (r)epstopdf for TeX Liv
e
))
Package caption Info: Begin \AtBeginDocument code.
Package caption Info: listings package is loaded.
Package caption Info: End \AtBeginDocument code.
\c@lstlisting=\count281

*geometry* driver: auto-detecting
*geometry* detected driver: pdftex
*geometry* verbose mode - [ preamble ] result:
* driver: pdftex
* paper: <default>
* layout: <same size as paper>
* layoutoffset:(h,v)=(0.0pt,0.0pt)
* modes: 
* h-part:(L,W,R)=(36.135pt, 542.02501pt, 36.135pt)
* v-part:(T,H,B)=(36.135pt, 722.7pt, 36.135pt)
* \paperwidth=614.295pt
* \paperheight=794.96999pt
* \textwidth=542.02501pt
* \textheight=722.7pt
* \oddsidemargin=-36.135pt
* \evensidemargin=-36.135pt
* \topmargin=-73.135pt
* \headheight=12.0pt
* \headsep=25.0pt
* \topskip=10.0pt
* \footskip=30.0pt
* \marginparwidth=65.0pt
* \marginparsep=11.0pt
* \columnsep=10.0pt
* \skip\footins=9.0pt plus 4.0pt minus 2.0pt
* \hoffset=0.0pt
* \voffset=0.0pt
* \mag=1000
* \@twocolumnfalse
* \@twosidefalse
* \@mparswitchfalse
* \@reversemarginfalse
* (1in=72.27pt=25.4mm, 1cm=28.453pt)

LaTeX Font Info:    Trying to load font information for U+msa on input line 27.

(/usr/share/texlive/texmf-dist/tex/latex/amsfonts/umsa.fd
File: umsa.fd 2013/01/14 v3.01 AMS symbols A
)
LaTeX Font Info:    Trying to load font information for U+msb on input line 27.


(/usr/share/texlive/texmf-dist/tex/latex/amsfonts/umsb.fd
File: umsb.fd 2013/01/14 v3.01 AMS symbols B
) [1

{/var/lib/texmf/fonts/map/pdftex/updmap/pdftex.map}] [2] [3] [4]
<../My_Code/Results/PCA/train_data_covariance_matrix.png, id=27, 346.896pt x 34
6.896pt>
File: ../My_Code/Results/PCA/train_data_covariance_matrix.png Graphic file (typ
e png)
<use ../My_Code/Results/PCA/train_data_covariance_matrix.png>
Package pdftex.def Info: ../My_Code/Results/PCA/train_data_covariance_matrix.pn
g  used on input line 177.
(pdftex.def)             Requested size: 173.45197pt x 173.45285pt.
<../My_Code/Results/PCA/eigenvectors_K_11.png, id=29, 462.528pt x 346.896pt>
File: ../My_Code/Results/PCA/eigenvectors_K_11.png Graphic file (type png)
<use ../My_Code/Results/PCA/eigenvectors_K_11.png>
Package pdftex.def Info: ../My_Code/Results/PCA/eigenvectors_K_11.png  used on 
input line 178.
(pdftex.def)             Requested size: 243.90959pt x 182.93298pt.
<../My_Code/Results/LDA/train_data_SB_yu_yang.png, id=30, 346.896pt x 346.896pt
>
File: ../My_Code/Results/LDA/train_data_SB_yu_yang.png Graphic file (type png)
<use ../My_Code/Results/LDA/train_data_SB_yu_yang.png>
Package pdftex.def Info: ../My_Code/Results/LDA/train_data_SB_yu_yang.png  used
 on input line 186.
(pdftex.def)             Requested size: 173.45197pt x 173.45285pt.
<../My_Code/Results/LDA/train_data_SW_yu_yang.png, id=31, 346.896pt x 346.896pt
>
File: ../My_Code/Results/LDA/train_data_SW_yu_yang.png Graphic file (type png)
<use ../My_Code/Results/LDA/train_data_SW_yu_yang.png>
Package pdftex.def Info: ../My_Code/Results/LDA/train_data_SW_yu_yang.png  used
 on input line 187.
(pdftex.def)             Requested size: 173.45197pt x 173.45285pt.
<../My_Code/Results/LDA/train_data_combined_scatter_matrix_yu_yang.png, id=32, 
346.896pt x 346.896pt>
File: ../My_Code/Results/LDA/train_data_combined_scatter_matrix_yu_yang.png Gra
phic file (type png)
<use ../My_Code/Results/LDA/train_data_combined_scatter_matrix_yu_yang.png>
Package pdftex.def Info: ../My_Code/Results/LDA/train_data_combined_scatter_mat
rix_yu_yang.png  used on input line 188.
(pdftex.def)             Requested size: 173.45197pt x 173.45285pt.
 [5 <../My_Code/Results/PCA/train_data_covariance_matrix.png> <../My_Code/Resul
ts/PCA/eigenvectors_K_11.png> <../My_Code/Results/LDA/train_data_SB_yu_yang.png
> <../My_Code/Results/LDA/train_data_SW_yu_yang.png> <../My_Code/Results/LDA/tr
ain_data_combined_scatter_matrix_yu_yang.png>]
<../My_Code/Results/PCA/Eigen_Faces.png, id=42, 305.7021pt x 304.2567pt>
File: ../My_Code/Results/PCA/Eigen_Faces.png Graphic file (type png)
<use ../My_Code/Results/PCA/Eigen_Faces.png>
Package pdftex.def Info: ../My_Code/Results/PCA/Eigen_Faces.png  used on input 
line 199.
(pdftex.def)             Requested size: 536.60773pt x 534.09138pt.
 [6 <../My_Code/Results/PCA/Eigen_Faces.png>]
<../My_Code/Results/Comparison_pretrained.pdf, id=47, 462.52798pt x 346.89601pt
>
File: ../My_Code/Results/Comparison_pretrained.pdf Graphic file (type pdf)
<use ../My_Code/Results/Comparison_pretrained.pdf>
Package pdftex.def Info: ../My_Code/Results/Comparison_pretrained.pdf  used on 
input line 210.
(pdftex.def)             Requested size: 238.49232pt x 178.87311pt.
<../My_Code/Results/Comparison_zoomed_pretrained.pdf, id=48, 462.52798pt x 346.
89601pt>
File: ../My_Code/Results/Comparison_zoomed_pretrained.pdf Graphic file (type pd
f)
<use ../My_Code/Results/Comparison_zoomed_pretrained.pdf>
Package pdftex.def Info: ../My_Code/Results/Comparison_zoomed_pretrained.pdf  u
sed on input line 211.
(pdftex.def)             Requested size: 238.49232pt x 178.87311pt.
<../My_Code/Results/Comparison_custom.pdf, id=49, 462.52798pt x 346.89601pt>
File: ../My_Code/Results/Comparison_custom.pdf Graphic file (type pdf)
<use ../My_Code/Results/Comparison_custom.pdf>
Package pdftex.def Info: ../My_Code/Results/Comparison_custom.pdf  used on inpu
t line 220.
(pdftex.def)             Requested size: 233.06677pt x 174.80263pt.
<../My_Code/Results/Comparison_zoomed_custom.pdf, id=50, 462.52798pt x 346.8960
1pt>
File: ../My_Code/Results/Comparison_zoomed_custom.pdf Graphic file (type pdf)
<use ../My_Code/Results/Comparison_zoomed_custom.pdf>
Package pdftex.def Info: ../My_Code/Results/Comparison_zoomed_custom.pdf  used 
on input line 221.
(pdftex.def)             Requested size: 233.06677pt x 174.80263pt.
 [7 <../My_Code/Results/Comparison_pretrained.pdf> <../My_Code/Results/Comparis
on_zoomed_pretrained.pdf

pdfTeX warning: /usr/bin/pdflatex (file ../My_Code/Results/Comparison_zoomed_pr
etrained.pdf): PDF inclusion: multiple pdfs with page group included in a singl
e page
> <../My_Code/Results/Comparison_custom.pdf

pdfTeX warning: /usr/bin/pdflatex (file ../My_Code/Results/Comparison_custom.pd
f): PDF inclusion: multiple pdfs with page group included in a single page
> <../My_Code/Results/Comparison_zoomed_custom.pdf

pdfTeX warning: /usr/bin/pdflatex (file ../My_Code/Results/Comparison_zoomed_cu
stom.pdf): PDF inclusion: multiple pdfs with page group included in a single pa
ge
>]
<../My_Code/Results/Adaboost/Adaboost_Performance_1_10_train.pdf, id=265, 462.5
2798pt x 346.89601pt>
File: ../My_Code/Results/Adaboost/Adaboost_Performance_1_10_train.pdf Graphic f
ile (type pdf)
<use ../My_Code/Results/Adaboost/Adaboost_Performance_1_10_train.pdf>
Package pdftex.def Info: ../My_Code/Results/Adaboost/Adaboost_Performance_1_10_
train.pdf  used on input line 250.
(pdftex.def)             Requested size: 173.45197pt x 130.09097pt.
<../My_Code/Results/Adaboost/Adaboost_Performance_5_10_train.pdf, id=266, 462.5
2798pt x 346.89601pt>
File: ../My_Code/Results/Adaboost/Adaboost_Performance_5_10_train.pdf Graphic f
ile (type pdf)
<use ../My_Code/Results/Adaboost/Adaboost_Performance_5_10_train.pdf>
Package pdftex.def Info: ../My_Code/Results/Adaboost/Adaboost_Performance_5_10_
train.pdf  used on input line 251.
(pdftex.def)             Requested size: 173.45197pt x 130.09097pt.
<../My_Code/Results/Adaboost/Adaboost_Performance_20_10_train.pdf, id=267, 462.
52798pt x 346.89601pt>
File: ../My_Code/Results/Adaboost/Adaboost_Performance_20_10_train.pdf Graphic 
file (type pdf)
<use ../My_Code/Results/Adaboost/Adaboost_Performance_20_10_train.pdf>
Package pdftex.def Info: ../My_Code/Results/Adaboost/Adaboost_Performance_20_10
_train.pdf  used on input line 252.
(pdftex.def)             Requested size: 173.45197pt x 130.09097pt.
<../My_Code/Results/Adaboost/Adaboost_Performance_1_10_test.pdf, id=268, 462.52
798pt x 346.89601pt>
File: ../My_Code/Results/Adaboost/Adaboost_Performance_1_10_test.pdf Graphic fi
le (type pdf)
<use ../My_Code/Results/Adaboost/Adaboost_Performance_1_10_test.pdf>
Package pdftex.def Info: ../My_Code/Results/Adaboost/Adaboost_Performance_1_10_
test.pdf  used on input line 261.
(pdftex.def)             Requested size: 173.45197pt x 130.09097pt.
<../My_Code/Results/Adaboost/Adaboost_Performance_5_10_test.pdf, id=269, 462.52
798pt x 346.89601pt>
File: ../My_Code/Results/Adaboost/Adaboost_Performance_5_10_test.pdf Graphic fi
le (type pdf)
<use ../My_Code/Results/Adaboost/Adaboost_Performance_5_10_test.pdf>
Package pdftex.def Info: ../My_Code/Results/Adaboost/Adaboost_Performance_5_10_
test.pdf  used on input line 262.
(pdftex.def)             Requested size: 173.45197pt x 130.09097pt.
<../My_Code/Results/Adaboost/Adaboost_Performance_20_10_test.pdf, id=270, 462.5
2798pt x 346.89601pt>
File: ../My_Code/Results/Adaboost/Adaboost_Performance_20_10_test.pdf Graphic f
ile (type pdf)
<use ../My_Code/Results/Adaboost/Adaboost_Performance_20_10_test.pdf>
Package pdftex.def Info: ../My_Code/Results/Adaboost/Adaboost_Performance_20_10
_test.pdf  used on input line 263.
(pdftex.def)             Requested size: 173.45197pt x 130.09097pt.
 [8 <../My_Code/Results/Adaboost/Adaboost_Performance_1_10_train.pdf> <../My_Co
de/Results/Adaboost/Adaboost_Performance_5_10_train.pdf

pdfTeX warning: /usr/bin/pdflatex (file ../My_Code/Results/Adaboost/Adaboost_Pe
rformance_5_10_train.pdf): PDF inclusion: multiple pdfs with page group include
d in a single page
> <../My_Code/Results/Adaboost/Adaboost_Performance_20_10_train.pdf

pdfTeX warning: /usr/bin/pdflatex (file ../My_Code/Results/Adaboost/Adaboost_Pe
rformance_20_10_train.pdf): PDF inclusion: multiple pdfs with page group includ
ed in a single page
> <../My_Code/Results/Adaboost/Adaboost_Performance_1_10_test.pdf

pdfTeX warning: /usr/bin/pdflatex (file ../My_Code/Results/Adaboost/Adaboost_Pe
rformance_1_10_test.pdf): PDF inclusion: multiple pdfs with page group included
 in a single page
> <../My_Code/Results/Adaboost/Adaboost_Performance_5_10_test.pdf

pdfTeX warning: /usr/bin/pdflatex (file ../My_Code/Results/Adaboost/Adaboost_Pe
rformance_5_10_test.pdf): PDF inclusion: multiple pdfs with page group included
 in a single page
> <../My_Code/Results/Adaboost/Adaboost_Performance_20_10_test.pdf

pdfTeX warning: /usr/bin/pdflatex (file ../My_Code/Results/Adaboost/Adaboost_Pe
rformance_20_10_test.pdf): PDF inclusion: multiple pdfs with page group include
d in a single page
>]
Overfull \hbox (39.88367pt too wide) in paragraph at lines 274--275
[]\OT1/cmr/m/n/10 The Ad-aBoost Al-go-rithm for De-sign-ing Boosted Clas-si-fie
rs, . URL:https://engineering.purdue.edu/kak/Tutorials/AdaBoost.pdf. 
 []

(/usr/share/texlive/texmf-dist/tex/latex/listings/lstlang1.sty
File: lstlang1.sty 2019/09/10 1.8c listings language file
)
LaTeX Font Info:    Font shape `OT1/cmtt/bx/n' in size <8> not available
(Font)              Font shape `OT1/cmtt/m/n' tried instead on input line 282.
 [9] [10]
[11] [12] [13]
LaTeX Font Info:    Trying to load font information for TS1+cmtt on input line 
702.
 (/usr/share/texlive/texmf-dist/tex/latex/base/ts1cmtt.fd
File: ts1cmtt.fd 2019/12/16 v2.5j Standard LaTeX font definitions
)
[14] [15] [16] [17] [18] [19] [20] [21] (./main.aux) ) 
Here is how much of TeX's memory you used:
 7570 strings out of 481239
 109502 string characters out of 5920377
 950736 words of memory out of 5000000
 22721 multiletter control sequences out of 15000+600000
 546861 words of font info for 78 fonts, out of 8000000 for 9000
 1141 hyphenation exceptions out of 8191
 48i,9n,50p,1135b,2110s stack positions out of 5000i,500n,10000p,200000b,80000s
{/usr/share/texmf/fonts/e
nc/dvips/cm-super/cm-super-ts1.enc}</usr/share/texlive/texmf-dist/fonts/type1/p
ublic/amsfonts/cm/cmbx10.pfb></usr/share/texlive/texmf-dist/fonts/type1/public/
amsfonts/cm/cmbx12.pfb></usr/share/texlive/texmf-dist/fonts/type1/public/amsfon
ts/cm/cmex10.pfb></usr/share/texlive/texmf-dist/fonts/type1/public/amsfonts/cm/
cmmi10.pfb></usr/share/texlive/texmf-dist/fonts/type1/public/amsfonts/cm/cmmi5.
pfb></usr/share/texlive/texmf-dist/fonts/type1/public/amsfonts/cm/cmmi7.pfb></u
sr/share/texlive/texmf-dist/fonts/type1/public/amsfonts/cm/cmr10.pfb></usr/shar
e/texlive/texmf-dist/fonts/type1/public/amsfonts/cm/cmr12.pfb></usr/share/texli
ve/texmf-dist/fonts/type1/public/amsfonts/cm/cmr17.pfb></usr/share/texlive/texm
f-dist/fonts/type1/public/amsfonts/cm/cmr7.pfb></usr/share/texlive/texmf-dist/f
onts/type1/public/amsfonts/cm/cmr9.pfb></usr/share/texlive/texmf-dist/fonts/typ
e1/public/amsfonts/cm/cmsltt10.pfb></usr/share/texlive/texmf-dist/fonts/type1/p
ublic/amsfonts/cm/cmsy10.pfb></usr/share/texlive/texmf-dist/fonts/type1/public/
amsfonts/cm/cmsy7.pfb></usr/share/texlive/texmf-dist/fonts/type1/public/amsfont
s/cm/cmtt8.pfb></usr/share/texmf/fonts/type1/public/cm-super/sfrm1000.pfb></usr
/share/texmf/fonts/type1/public/cm-super/sftt0800.pfb>
Output written on main.pdf (21 pages, 1130577 bytes).
PDF statistics:
 625 PDF objects out of 1000 (max. 8388607)
 153 compressed objects within 2 object streams
 0 named destinations out of 1000 (max. 500000)
 81 words of extra memory for PDF output out of 10000 (max. 10000000)

